<?xml version="1.0" encoding="utf-8"?>
<TestRun id="e3041570-a5cf-4b1c-ba33-e762aa48d731" name="tadna@HP405G8 2026-01-13 09:26:20" runUser="HP405G8\tadna" xmlns="http://microsoft.com/schemas/VisualStudio/TeamTest/2010">
  <Times creation="2026-01-13T09:26:20.2448328+09:00" queuing="2026-01-13T09:26:20.2448329+09:00" start="2026-01-13T09:26:19.3751506+09:00" finish="2026-01-13T09:26:20.5377252+09:00" />
  <TestSettings name="default" id="f346e3f0-8fc1-489c-b2a0-78c2f85c24bb">
    <Deployment runDeploymentRoot="tadna_HP405G8_2026-01-13_09_26_20" />
  </TestSettings>
  <Results>
    <UnitTestResult executionId="5e097388-9018-4496-9052-b0527a9946ed" testId="87bd0493-1d24-7846-81ad-d8388e1855e9" testName="AliasAndHistoryTests.Alias_List_ShowsDefined" computerName="HP405G8" duration="00:00:00.0068051" startTime="2026-01-13T09:26:20.2178998+09:00" endTime="2026-01-13T09:26:20.2198257+09:00" testType="13cdc9d9-ddb5-4fa4-a97d-d965ccfc6d4b" outcome="Passed" testListId="8c84fa94-04c1-424b-9868-57a2d4851a1d" relativeResultsDirectory="5e097388-9018-4496-9052-b0527a9946ed" />
    <UnitTestResult executionId="862d7b25-b370-4839-bd3c-ebac8de3aa15" testId="9ba399b0-cce4-a11d-55e9-0634e6d797dc" testName="PathAndQuotingTests.Path_UNCPath_Windows" computerName="HP405G8" duration="00:00:00.0001704" startTime="2026-01-13T09:26:20.2116603+09:00" endTime="2026-01-13T09:26:20.2123399+09:00" testType="13cdc9d9-ddb5-4fa4-a97d-d965ccfc6d4b" outcome="Passed" testListId="8c84fa94-04c1-424b-9868-57a2d4851a1d" relativeResultsDirectory="862d7b25-b370-4839-bd3c-ebac8de3aa15" />
    <UnitTestResult executionId="1b5e8896-55d5-4920-afc9-9666a6f830ea" testId="6e839e88-025a-019c-a501-0d9adbad498e" testName="PathAndQuotingTests.Path_UnixStyle_ShouldAcceptForwardSlash" computerName="HP405G8" duration="00:00:00.0001521" startTime="2026-01-13T09:26:20.2165251+09:00" endTime="2026-01-13T09:26:20.2165562+09:00" testType="13cdc9d9-ddb5-4fa4-a97d-d965ccfc6d4b" outcome="Passed" testListId="8c84fa94-04c1-424b-9868-57a2d4851a1d" relativeResultsDirectory="1b5e8896-55d5-4920-afc9-9666a6f830ea" />
    <UnitTestResult executionId="b36792f2-f70c-4ea4-acbf-77da1e9b1fab" testId="87f48ceb-9c8a-da56-fcc8-5d147a19c702" testName="CommandRunnerTests.Run_UnknownCommand_ShouldReturnError" computerName="HP405G8" duration="00:00:00.0319502" startTime="2026-01-13T09:26:20.1110894+09:00" endTime="2026-01-13T09:26:20.2183592+09:00" testType="13cdc9d9-ddb5-4fa4-a97d-d965ccfc6d4b" outcome="Passed" testListId="8c84fa94-04c1-424b-9868-57a2d4851a1d" relativeResultsDirectory="b36792f2-f70c-4ea4-acbf-77da1e9b1fab" />
    <UnitTestResult executionId="311ea720-1f3a-40a4-8d42-65ffead22696" testId="e646dbad-4a8b-29db-fd84-ce3343493d68" testName="ShellOperatorsTests.Operators_Combined_InputAndPipe" computerName="HP405G8" duration="00:00:00.0088077" startTime="2026-01-13T09:26:20.4259932+09:00" endTime="2026-01-13T09:26:20.4324791+09:00" testType="13cdc9d9-ddb5-4fa4-a97d-d965ccfc6d4b" outcome="Passed" testListId="8c84fa94-04c1-424b-9868-57a2d4851a1d" relativeResultsDirectory="311ea720-1f3a-40a4-8d42-65ffead22696" />
    <UnitTestResult executionId="b4cd6e83-23a3-4721-b277-cc4ad19c06ea" testId="17ad0023-bc12-9f24-12e0-9a4dea5ff970" testName="EditModeTests.WriteCommand_UsesExistingFileName_WhenNoArgProvided" computerName="HP405G8" duration="00:00:00.0106472" startTime="2026-01-13T09:26:20.2176485+09:00" endTime="2026-01-13T09:26:20.2195561+09:00" testType="13cdc9d9-ddb5-4fa4-a97d-d965ccfc6d4b" outcome="Passed" testListId="8c84fa94-04c1-424b-9868-57a2d4851a1d" relativeResultsDirectory="b4cd6e83-23a3-4721-b277-cc4ad19c06ea" />
    <UnitTestResult executionId="2be234a6-8229-423b-a4e5-bc498ec413a3" testId="74c9a553-b169-a189-b3d3-76ad3610165a" testName="ShellStateTests.Updating_CurrentDirectory_ShouldNotChange_PreviousDirectory" computerName="HP405G8" duration="00:00:00.0005589" startTime="2026-01-13T09:26:20.2047102+09:00" endTime="2026-01-13T09:26:20.2084909+09:00" testType="13cdc9d9-ddb5-4fa4-a97d-d965ccfc6d4b" outcome="Passed" testListId="8c84fa94-04c1-424b-9868-57a2d4851a1d" relativeResultsDirectory="2be234a6-8229-423b-a4e5-bc498ec413a3" />
    <UnitTestResult executionId="999aa8bd-a77f-4acd-8fc5-41cb58924d3e" testId="4ecb264c-91ca-c30a-08b2-9153e31285fc" testName="CommandRunnerTests.Run_Echo_ShouldExpandInlineVariables" computerName="HP405G8" duration="00:00:00.0008504" startTime="2026-01-13T09:26:20.2282307+09:00" endTime="2026-01-13T09:26:20.2282830+09:00" testType="13cdc9d9-ddb5-4fa4-a97d-d965ccfc6d4b" outcome="Passed" testListId="8c84fa94-04c1-424b-9868-57a2d4851a1d" relativeResultsDirectory="999aa8bd-a77f-4acd-8fc5-41cb58924d3e" />
    <UnitTestResult executionId="8d3b2100-b55e-4713-83ac-9a171be2ee15" testId="b4732b29-1f73-2fd5-3968-071712656f59" testName="ShellStateTests.Updating_PreviousDirectory_ShouldNotChange_CurrentDirectory" computerName="HP405G8" duration="00:00:00.0002939" startTime="2026-01-13T09:26:20.2087104+09:00" endTime="2026-01-13T09:26:20.2089551+09:00" testType="13cdc9d9-ddb5-4fa4-a97d-d965ccfc6d4b" outcome="Passed" testListId="8c84fa94-04c1-424b-9868-57a2d4851a1d" relativeResultsDirectory="8d3b2100-b55e-4713-83ac-9a171be2ee15" />
    <UnitTestResult executionId="5553638a-7fd6-4477-8454-75605f9d86ef" testId="aa30a654-5397-53c1-922b-f34f56014cee" testName="PathAndQuotingTests.Redirect_RelativePath_DotSlash" computerName="HP405G8" duration="00:00:00.0002387" startTime="2026-01-13T09:26:20.2094230+09:00" endTime="2026-01-13T09:26:20.2094523+09:00" testType="13cdc9d9-ddb5-4fa4-a97d-d965ccfc6d4b" outcome="Passed" testListId="8c84fa94-04c1-424b-9868-57a2d4851a1d" relativeResultsDirectory="5553638a-7fd6-4477-8454-75605f9d86ef" />
    <UnitTestResult executionId="b408b578-04a8-482c-b616-2998afb12ca7" testId="14d10dca-0e27-4108-3663-d0dc892074ea" testName="CommandParserTests.ParseSequence_ShouldHandleUnixStylePaths" computerName="HP405G8" duration="00:00:00.0002034" startTime="2026-01-13T09:26:20.2238641+09:00" endTime="2026-01-13T09:26:20.2239536+09:00" testType="13cdc9d9-ddb5-4fa4-a97d-d965ccfc6d4b" outcome="Passed" testListId="8c84fa94-04c1-424b-9868-57a2d4851a1d" relativeResultsDirectory="b408b578-04a8-482c-b616-2998afb12ca7" />
    <UnitTestResult executionId="8ded4d2b-d793-4432-b30c-2eeeb3723162" testId="00dd2fa6-720c-060f-05a8-116ced63f5cf" testName="CommandRunnerTests.Run_EmptyInput_ShouldHandleGracefully" computerName="HP405G8" duration="00:00:00.0008092" startTime="2026-01-13T09:26:20.2283625+09:00" endTime="2026-01-13T09:26:20.2284083+09:00" testType="13cdc9d9-ddb5-4fa4-a97d-d965ccfc6d4b" outcome="Passed" testListId="8c84fa94-04c1-424b-9868-57a2d4851a1d" relativeResultsDirectory="8ded4d2b-d793-4432-b30c-2eeeb3723162" />
    <UnitTestResult executionId="9b7bac77-91b6-4d52-9d39-45c2f56cb3c6" testId="1a3a9935-32f6-6c14-e25f-e3336fcb7456" testName="CommandRunnerTests.Run_WhitespaceOnlyInput_ShouldHandleGracefully" computerName="HP405G8" duration="00:00:00.0013857" startTime="2026-01-13T09:26:20.2256306+09:00" endTime="2026-01-13T09:26:20.2268052+09:00" testType="13cdc9d9-ddb5-4fa4-a97d-d965ccfc6d4b" outcome="Passed" testListId="8c84fa94-04c1-424b-9868-57a2d4851a1d" relativeResultsDirectory="9b7bac77-91b6-4d52-9d39-45c2f56cb3c6" />
    <UnitTestResult executionId="1f3b21a9-82ae-403e-83de-862b172b9092" testId="eb1b1825-db05-6e01-01de-3984cddd022f" testName="PathAndQuotingTests.QuotedPath_PartialQuote_SpaceInMiddle" computerName="HP405G8" duration="00:00:00.0001737" startTime="2026-01-13T09:26:20.2115201+09:00" endTime="2026-01-13T09:26:20.2115820+09:00" testType="13cdc9d9-ddb5-4fa4-a97d-d965ccfc6d4b" outcome="Passed" testListId="8c84fa94-04c1-424b-9868-57a2d4851a1d" relativeResultsDirectory="1f3b21a9-82ae-403e-83de-862b172b9092" />
    <UnitTestResult executionId="973ac39b-b8dc-4e54-93a9-7aebec1de9c1" testId="1ce8f6aa-36c4-4a54-0a83-7c79e05bcf38" testName="AliasAndHistoryTests.Unalias_RemovesAlias" computerName="HP405G8" duration="00:00:00.0094696" startTime="2026-01-13T09:26:20.2113056+09:00" endTime="2026-01-13T09:26:20.2177960+09:00" testType="13cdc9d9-ddb5-4fa4-a97d-d965ccfc6d4b" outcome="Passed" testListId="8c84fa94-04c1-424b-9868-57a2d4851a1d" relativeResultsDirectory="973ac39b-b8dc-4e54-93a9-7aebec1de9c1" />
    <UnitTestResult executionId="f41aa25a-de44-4e59-a115-6eb04da01d95" testId="6a4a73b6-e8b9-fea2-63d9-47871d0cbc2b" testName="ShellOperatorsTests.Operator_InputRedirect_NonExistentFile_ShouldReturnError" computerName="HP405G8" duration="00:00:00.2153325" startTime="2026-01-13T09:26:20.2313751+09:00" endTime="2026-01-13T09:26:20.4235442+09:00" testType="13cdc9d9-ddb5-4fa4-a97d-d965ccfc6d4b" outcome="Passed" testListId="8c84fa94-04c1-424b-9868-57a2d4851a1d" relativeResultsDirectory="f41aa25a-de44-4e59-a115-6eb04da01d95" />
    <UnitTestResult executionId="2edd3e8a-2469-4b55-bce8-35be575c59a1" testId="248bee9d-152f-8a31-d391-c5bf2855c0cd" testName="PathAndQuotingTests.Path_DriveLetterLowercase_ShouldBePreserved" computerName="HP405G8" duration="00:00:00.0009158" startTime="2026-01-13T09:26:20.2158697+09:00" endTime="2026-01-13T09:26:20.2161836+09:00" testType="13cdc9d9-ddb5-4fa4-a97d-d965ccfc6d4b" outcome="Passed" testListId="8c84fa94-04c1-424b-9868-57a2d4851a1d" relativeResultsDirectory="2edd3e8a-2469-4b55-bce8-35be575c59a1" />
    <UnitTestResult executionId="a28e54eb-c444-4463-a421-86e9e2110c14" testId="365b05db-75d9-48cb-5b9c-163277034535" testName="PathAndQuotingTests.Path_WithDots_RelativePath" computerName="HP405G8" duration="00:00:00.0000956" startTime="2026-01-13T09:26:20.2155057+09:00" endTime="2026-01-13T09:26:20.2155738+09:00" testType="13cdc9d9-ddb5-4fa4-a97d-d965ccfc6d4b" outcome="Passed" testListId="8c84fa94-04c1-424b-9868-57a2d4851a1d" relativeResultsDirectory="a28e54eb-c444-4463-a421-86e9e2110c14" />
    <UnitTestResult executionId="86e67d28-a957-4fd0-93b3-6b47bd428f9b" testId="23f20d56-9f0b-a334-584f-c5c81d7ab8eb" testName="PathAndQuotingTests.Quotes_DoubleQuoted_StringWithSpaces" computerName="HP405G8" duration="00:00:00.0002395" startTime="2026-01-13T09:26:20.2089017+09:00" endTime="2026-01-13T09:26:20.2090861+09:00" testType="13cdc9d9-ddb5-4fa4-a97d-d965ccfc6d4b" outcome="Passed" testListId="8c84fa94-04c1-424b-9868-57a2d4851a1d" relativeResultsDirectory="86e67d28-a957-4fd0-93b3-6b47bd428f9b" />
    <UnitTestResult executionId="9780706b-5155-4a49-82fe-3a9462c555ba" testId="0a3fcee8-f12e-1aeb-92c8-82a19704f8ac" testName="EditModeTests.WriteCommand_SavesBufferToFile" computerName="HP405G8" duration="00:00:00.0039269" startTime="2026-01-13T09:26:20.2197022+09:00" endTime="2026-01-13T09:26:20.2221391+09:00" testType="13cdc9d9-ddb5-4fa4-a97d-d965ccfc6d4b" outcome="Passed" testListId="8c84fa94-04c1-424b-9868-57a2d4851a1d" relativeResultsDirectory="9780706b-5155-4a49-82fe-3a9462c555ba" />
    <UnitTestResult executionId="f7cdc450-1d77-4ef3-bb65-df199df96400" testId="6fdf84c8-3620-8cf0-d0a0-2e162979289a" testName="CommandParserTests.Parse_ShouldHandleMultipleArguments" computerName="HP405G8" duration="00:00:00.0002966" startTime="2026-01-13T09:26:20.2203145+09:00" endTime="2026-01-13T09:26:20.2203585+09:00" testType="13cdc9d9-ddb5-4fa4-a97d-d965ccfc6d4b" outcome="Passed" testListId="8c84fa94-04c1-424b-9868-57a2d4851a1d" relativeResultsDirectory="f7cdc450-1d77-4ef3-bb65-df199df96400" />
    <UnitTestResult executionId="584a122d-489b-4b22-9d08-f2fa3912cb46" testId="a3317203-d04c-abb9-572b-64eebb572bc2" testName="CommandRunnerTests.Run_Echo_WithOutputRedirectTruncate_ShouldCreateFile" computerName="HP405G8" duration="00:00:00.0027608" startTime="2026-01-13T09:26:20.2337370+09:00" endTime="2026-01-13T09:26:20.2338199+09:00" testType="13cdc9d9-ddb5-4fa4-a97d-d965ccfc6d4b" outcome="Passed" testListId="8c84fa94-04c1-424b-9868-57a2d4851a1d" relativeResultsDirectory="584a122d-489b-4b22-9d08-f2fa3912cb46" />
    <UnitTestResult executionId="8e073570-d186-426a-81f7-49f7f7fc98f9" testId="c2917bc2-a6bd-d130-8ae0-c55f1de3f700" testName="CommandParserTests.ParseSequence_ShouldHandleEmptyInput" computerName="HP405G8" duration="00:00:00.0003159" startTime="2026-01-13T09:26:20.2278770+09:00" endTime="2026-01-13T09:26:20.2279230+09:00" testType="13cdc9d9-ddb5-4fa4-a97d-d965ccfc6d4b" outcome="Passed" testListId="8c84fa94-04c1-424b-9868-57a2d4851a1d" relativeResultsDirectory="8e073570-d186-426a-81f7-49f7f7fc98f9" />
    <UnitTestResult executionId="c733e654-f28a-4b24-aec1-02b5f3d0d4b3" testId="f0450f10-a75c-a929-c921-2606830580d2" testName="CommandParserTests.ParseSequence_ShouldParseRedirectWithQuotedPath" computerName="HP405G8" duration="00:00:00.0002076" startTime="2026-01-13T09:26:20.2206509+09:00" endTime="2026-01-13T09:26:20.2206807+09:00" testType="13cdc9d9-ddb5-4fa4-a97d-d965ccfc6d4b" outcome="Passed" testListId="8c84fa94-04c1-424b-9868-57a2d4851a1d" relativeResultsDirectory="c733e654-f28a-4b24-aec1-02b5f3d0d4b3" />
    <UnitTestResult executionId="ac22e1a7-19a0-48b4-8d8d-1a83508a1ebb" testId="9a41acfd-9872-061f-c3fe-6d6cfcf427da" testName="PathAndQuotingTests.Path_MixedStyle_ShouldAcceptMixedSlashes" computerName="HP405G8" duration="00:00:00.0001200" startTime="2026-01-13T09:26:20.2125654+09:00" endTime="2026-01-13T09:26:20.2125953+09:00" testType="13cdc9d9-ddb5-4fa4-a97d-d965ccfc6d4b" outcome="Passed" testListId="8c84fa94-04c1-424b-9868-57a2d4851a1d" relativeResultsDirectory="ac22e1a7-19a0-48b4-8d8d-1a83508a1ebb" />
    <UnitTestResult executionId="4ab427a8-f618-4b55-b7c3-f2d6002bd593" testId="328c91f3-c127-5a57-f42b-8b6f64e45b3a" testName="ShellOperatorsTests.Operator_Pipe_TwoStages_ShouldChainCorrectly" computerName="HP405G8" duration="00:00:00.0264647" startTime="2026-01-13T09:26:20.2251908+09:00" endTime="2026-01-13T09:26:20.2294221+09:00" testType="13cdc9d9-ddb5-4fa4-a97d-d965ccfc6d4b" outcome="Passed" testListId="8c84fa94-04c1-424b-9868-57a2d4851a1d" relativeResultsDirectory="4ab427a8-f618-4b55-b7c3-f2d6002bd593" />
    <UnitTestResult executionId="871c779c-1f72-4dfa-bb78-97d80d6e8781" testId="98695dc8-c18a-8725-d0be-07a5fb1f3ba2" testName="ShellOperatorsTests.Parser_ShouldRecognizeInputRedirect" computerName="HP405G8" duration="00:00:00.0010268" startTime="2026-01-13T09:26:20.2301530+09:00" endTime="2026-01-13T09:26:20.2302628+09:00" testType="13cdc9d9-ddb5-4fa4-a97d-d965ccfc6d4b" outcome="Passed" testListId="8c84fa94-04c1-424b-9868-57a2d4851a1d" relativeResultsDirectory="871c779c-1f72-4dfa-bb78-97d80d6e8781" />
    <UnitTestResult executionId="b240d4fe-5e3e-4999-b441-2d97a37f3881" testId="1d19f6c2-5b39-706e-569a-9f2781dfc870" testName="PathAndQuotingTests.Quotes_DoubleQuoteInsideSingle" computerName="HP405G8" duration="00:00:00.0001243" startTime="2026-01-13T09:26:20.2141464+09:00" endTime="2026-01-13T09:26:20.2141875+09:00" testType="13cdc9d9-ddb5-4fa4-a97d-d965ccfc6d4b" outcome="Passed" testListId="8c84fa94-04c1-424b-9868-57a2d4851a1d" relativeResultsDirectory="b240d4fe-5e3e-4999-b441-2d97a37f3881" />
    <UnitTestResult executionId="b4cb11ad-2785-426d-83ee-65f9d9ee2068" testId="a8d67a16-8795-8011-6c47-5b7fa2693d58" testName="PathAndQuotingTests.QuotedPath_SingleQuotes_ShouldPreserveSpaces" computerName="HP405G8" duration="00:00:00.0001401" startTime="2026-01-13T09:26:20.2124534+09:00" endTime="2026-01-13T09:26:20.2124866+09:00" testType="13cdc9d9-ddb5-4fa4-a97d-d965ccfc6d4b" outcome="Passed" testListId="8c84fa94-04c1-424b-9868-57a2d4851a1d" relativeResultsDirectory="b4cb11ad-2785-426d-83ee-65f9d9ee2068" />
    <UnitTestResult executionId="470fe3be-1aae-4ac2-bca0-4c374fb72e20" testId="a4b7e44b-facb-baf4-da65-d6f890f010b5" testName="PathAndQuotingTests.Quotes_NestedOppositeQuotes_ShouldWork" computerName="HP405G8" duration="00:00:00.0000960" startTime="2026-01-13T09:26:20.2152856+09:00" endTime="2026-01-13T09:26:20.2153574+09:00" testType="13cdc9d9-ddb5-4fa4-a97d-d965ccfc6d4b" outcome="Passed" testListId="8c84fa94-04c1-424b-9868-57a2d4851a1d" relativeResultsDirectory="470fe3be-1aae-4ac2-bca0-4c374fb72e20" />
    <UnitTestResult executionId="bcc1f123-d34d-41c3-9376-b09595ff6c7c" testId="26c9fd67-c060-cff9-315b-fec4f546fa15" testName="CommandParserTests.ParseSequence_ShouldHaveEmptyArgsOnSecondCommandForEchoPipe" computerName="HP405G8" duration="00:00:00.0001751" startTime="2026-01-13T09:26:20.2240899+09:00" endTime="2026-01-13T09:26:20.2241260+09:00" testType="13cdc9d9-ddb5-4fa4-a97d-d965ccfc6d4b" outcome="Passed" testListId="8c84fa94-04c1-424b-9868-57a2d4851a1d" relativeResultsDirectory="bcc1f123-d34d-41c3-9376-b09595ff6c7c" />
    <UnitTestResult executionId="1b3a8888-6337-4e98-887f-515a7f328ec5" testId="a66c246b-7072-834d-269c-b26522b46fe9" testName="CommandParserTests.ParseSequence_ShouldParsePipelineWithArguments" computerName="HP405G8" duration="00:00:00.0002978" startTime="2026-01-13T09:26:20.2204651+09:00" endTime="2026-01-13T09:26:20.2205596+09:00" testType="13cdc9d9-ddb5-4fa4-a97d-d965ccfc6d4b" outcome="Passed" testListId="8c84fa94-04c1-424b-9868-57a2d4851a1d" relativeResultsDirectory="1b3a8888-6337-4e98-887f-515a7f328ec5" />
    <UnitTestResult executionId="1e7fb25e-7b45-40d0-980c-7458770d180a" testId="ef609a78-d027-2551-9452-0f95f902dc9b" testName="ShellStateTests.Initial_CurrentDirectory_ShouldBe_EnvironmentCurrentDirectory" computerName="HP405G8" duration="00:00:00.0047244" startTime="2026-01-13T09:26:20.1110048+09:00" endTime="2026-01-13T09:26:20.1252341+09:00" testType="13cdc9d9-ddb5-4fa4-a97d-d965ccfc6d4b" outcome="Passed" testListId="8c84fa94-04c1-424b-9868-57a2d4851a1d" relativeResultsDirectory="1e7fb25e-7b45-40d0-980c-7458770d180a" />
    <UnitTestResult executionId="d88601ef-44a7-4c22-9ae0-f4696642842a" testId="ab89fc9c-16dc-a03e-b796-13a3a2f5abc0" testName="ShellStateTests.Initial_PreviousDirectory_ShouldBe_EnvironmentCurrentDirectory" computerName="HP405G8" duration="00:00:00.0001182" startTime="2026-01-13T09:26:20.2090452+09:00" endTime="2026-01-13T09:26:20.2091778+09:00" testType="13cdc9d9-ddb5-4fa4-a97d-d965ccfc6d4b" outcome="Passed" testListId="8c84fa94-04c1-424b-9868-57a2d4851a1d" relativeResultsDirectory="d88601ef-44a7-4c22-9ae0-f4696642842a" />
    <UnitTestResult executionId="ac8ea2f1-fa21-4303-bd41-d79d9349a1f8" testId="1232cd8f-6794-9630-6f74-efb5674ef505" testName="CommandRunnerTests.Run_Echo_ShouldNotExpandInSingleQuotes" computerName="HP405G8" duration="00:00:00.0008493" startTime="2026-01-13T09:26:20.2286107+09:00" endTime="2026-01-13T09:26:20.2286560+09:00" testType="13cdc9d9-ddb5-4fa4-a97d-d965ccfc6d4b" outcome="Passed" testListId="8c84fa94-04c1-424b-9868-57a2d4851a1d" relativeResultsDirectory="ac8ea2f1-fa21-4303-bd41-d79d9349a1f8" />
    <UnitTestResult executionId="ed39ba41-65ee-48b4-bf43-7d9ae5912ae4" testId="02ebb9b1-60dd-2eba-f0a5-3425fce62c07" testName="CommandParserTests.Parse_ShouldReturnEmptyCommand_WhenInputIsEmpty" computerName="HP405G8" duration="00:00:00.0001569" startTime="2026-01-13T09:26:20.2272333+09:00" endTime="2026-01-13T09:26:20.2273205+09:00" testType="13cdc9d9-ddb5-4fa4-a97d-d965ccfc6d4b" outcome="Passed" testListId="8c84fa94-04c1-424b-9868-57a2d4851a1d" relativeResultsDirectory="ed39ba41-65ee-48b4-bf43-7d9ae5912ae4" />
    <UnitTestResult executionId="bcb44e32-8936-4f0f-827f-0cc205771a65" testId="c77203b6-68fc-fbfb-d2d4-cfe1afd94eb3" testName="CommandParserTests.Parse_ShouldHandleSingleQuotedArguments_WithSpaces" computerName="HP405G8" duration="00:00:00.0002012" startTime="2026-01-13T09:26:20.2235780+09:00" endTime="2026-01-13T09:26:20.2237547+09:00" testType="13cdc9d9-ddb5-4fa4-a97d-d965ccfc6d4b" outcome="Passed" testListId="8c84fa94-04c1-424b-9868-57a2d4851a1d" relativeResultsDirectory="bcb44e32-8936-4f0f-827f-0cc205771a65" />
    <UnitTestResult executionId="d7403bc7-f1e5-44f6-9976-a22e8dafb193" testId="4ebdb19a-301d-db00-97e5-268560832e2c" testName="PathAndQuotingTests.Path_WithDots_ShouldBePreserved" computerName="HP405G8" duration="00:00:00.0002209" startTime="2026-01-13T09:26:20.2163393+09:00" endTime="2026-01-13T09:26:20.2164131+09:00" testType="13cdc9d9-ddb5-4fa4-a97d-d965ccfc6d4b" outcome="Passed" testListId="8c84fa94-04c1-424b-9868-57a2d4851a1d" relativeResultsDirectory="d7403bc7-f1e5-44f6-9976-a22e8dafb193" />
    <UnitTestResult executionId="1be00631-76d8-4804-a40a-c50f056a2427" testId="2b0b64b7-436e-71f2-9376-54350e403eb7" testName="CommandParserTests.ParseSequence_ShouldParseOutputRedirect_Truncate" computerName="HP405G8" duration="00:00:00.0004363" startTime="2026-01-13T09:26:20.2264427+09:00" endTime="2026-01-13T09:26:20.2265181+09:00" testType="13cdc9d9-ddb5-4fa4-a97d-d965ccfc6d4b" outcome="Passed" testListId="8c84fa94-04c1-424b-9868-57a2d4851a1d" relativeResultsDirectory="1be00631-76d8-4804-a40a-c50f056a2427" />
    <UnitTestResult executionId="9f0fdb52-9b2b-4f9a-b038-615b93e0ea09" testId="4ee8ff93-3867-f4e7-b2e8-3b166f897a1b" testName="CommandParserTests.ParseSequence_ShouldHandleOptionsWithDash" computerName="HP405G8" duration="00:00:00.0130201" startTime="2026-01-13T09:26:20.2115439+09:00" endTime="2026-01-13T09:26:20.2180687+09:00" testType="13cdc9d9-ddb5-4fa4-a97d-d965ccfc6d4b" outcome="Passed" testListId="8c84fa94-04c1-424b-9868-57a2d4851a1d" relativeResultsDirectory="9f0fdb52-9b2b-4f9a-b038-615b93e0ea09" />
    <UnitTestResult executionId="42781b42-f628-4cb9-a2e7-e7949c6a4d7a" testId="56a0364e-e50a-9457-d7cd-85a2d0a1c888" testName="CommandParserTests.ParseSequence_ShouldParseMultipleCommandPipeline" computerName="HP405G8" duration="00:00:00.0002885" startTime="2026-01-13T09:26:20.2256841+09:00" endTime="2026-01-13T09:26:20.2257128+09:00" testType="13cdc9d9-ddb5-4fa4-a97d-d965ccfc6d4b" outcome="Passed" testListId="8c84fa94-04c1-424b-9868-57a2d4851a1d" relativeResultsDirectory="42781b42-f628-4cb9-a2e7-e7949c6a4d7a" />
    <UnitTestResult executionId="e524d183-3068-4bcc-98e5-fca4df2e3c9e" testId="1d8bddc6-85ef-95f5-ed6b-5aaa44dcf95f" testName="CommandParserTests.ParseSequence_ShouldPreservePathsWithSpaces" computerName="HP405G8" duration="00:00:00.0003398" startTime="2026-01-13T09:26:20.2232917+09:00" endTime="2026-01-13T09:26:20.2233738+09:00" testType="13cdc9d9-ddb5-4fa4-a97d-d965ccfc6d4b" outcome="Passed" testListId="8c84fa94-04c1-424b-9868-57a2d4851a1d" relativeResultsDirectory="e524d183-3068-4bcc-98e5-fca4df2e3c9e" />
    <UnitTestResult executionId="0b27267e-49d2-4b0a-8c11-2028729a79fe" testId="4595eea4-0400-f349-4407-ea9819b8b8ed" testName="ShellOperatorsTests.Parser_ShouldRecognizeOutputRedirectTruncate" computerName="HP405G8" duration="00:00:00.0005911" startTime="2026-01-13T09:26:20.4467020+09:00" endTime="2026-01-13T09:26:20.4471828+09:00" testType="13cdc9d9-ddb5-4fa4-a97d-d965ccfc6d4b" outcome="Passed" testListId="8c84fa94-04c1-424b-9868-57a2d4851a1d" relativeResultsDirectory="0b27267e-49d2-4b0a-8c11-2028729a79fe" />
    <UnitTestResult executionId="db5fbe65-616f-4825-bd6c-302fdeb0bca6" testId="9041f042-888e-7a2c-d034-81262802f635" testName="CommandRunnerTests.Run_Cat_WithInputRedirect_ShouldReadFromFile" computerName="HP405G8" duration="00:00:00.0027616" startTime="2026-01-13T09:26:20.2269100+09:00" endTime="2026-01-13T09:26:20.2281302+09:00" testType="13cdc9d9-ddb5-4fa4-a97d-d965ccfc6d4b" outcome="Passed" testListId="8c84fa94-04c1-424b-9868-57a2d4851a1d" relativeResultsDirectory="db5fbe65-616f-4825-bd6c-302fdeb0bca6" />
    <UnitTestResult executionId="b797896b-f72c-4531-8bd5-95624aa34201" testId="f6ddda31-6e22-774f-c974-70ae493e6667" testName="EditModeTests.EditCommand_EntersEditMode" computerName="HP405G8" duration="00:00:00.0010334" startTime="2026-01-13T09:26:20.2272895+09:00" endTime="2026-01-13T09:26:20.2280388+09:00" testType="13cdc9d9-ddb5-4fa4-a97d-d965ccfc6d4b" outcome="Passed" testListId="8c84fa94-04c1-424b-9868-57a2d4851a1d" relativeResultsDirectory="b797896b-f72c-4531-8bd5-95624aa34201" />
    <UnitTestResult executionId="34251384-51b9-4242-a690-0f9652c404ef" testId="1acdc59e-167c-e1fc-3f67-27a5ba2c8570" testName="AliasAndHistoryTests.Bang_ExecutesHistoryEntry" computerName="HP405G8" duration="00:00:00.0128741" startTime="2026-01-13T09:26:20.1087111+09:00" endTime="2026-01-13T09:26:20.1332050+09:00" testType="13cdc9d9-ddb5-4fa4-a97d-d965ccfc6d4b" outcome="Passed" testListId="8c84fa94-04c1-424b-9868-57a2d4851a1d" relativeResultsDirectory="34251384-51b9-4242-a690-0f9652c404ef" />
    <UnitTestResult executionId="b540e8ad-d3e2-4957-9d33-e903b1eaa373" testId="6dcf314b-d958-71b5-100b-7d286b4a1ad9" testName="CommandParserTests.Parse_ShouldSplitCommandAndArguments" computerName="HP405G8" duration="00:00:00.0001945" startTime="2026-01-13T09:26:20.2234625+09:00" endTime="2026-01-13T09:26:20.2234925+09:00" testType="13cdc9d9-ddb5-4fa4-a97d-d965ccfc6d4b" outcome="Passed" testListId="8c84fa94-04c1-424b-9868-57a2d4851a1d" relativeResultsDirectory="b540e8ad-d3e2-4957-9d33-e903b1eaa373" />
    <UnitTestResult executionId="a6660edf-0929-4d95-b859-e6da92ef0962" testId="043eeb3b-583d-2ec4-7ff7-952a06281d66" testName="CommandRunnerTests.Run_Semicolon_Commands_ShouldExecuteSequentially" computerName="HP405G8" duration="00:00:00.0009306" startTime="2026-01-13T09:26:20.2333760+09:00" endTime="2026-01-13T09:26:20.2334236+09:00" testType="13cdc9d9-ddb5-4fa4-a97d-d965ccfc6d4b" outcome="Passed" testListId="8c84fa94-04c1-424b-9868-57a2d4851a1d" relativeResultsDirectory="a6660edf-0929-4d95-b859-e6da92ef0962" />
    <UnitTestResult executionId="73432cef-8409-4f79-adc9-e9013c8a8865" testId="fcc0ba15-0e1d-cf41-f4ec-eb16678087c0" testName="ShellOperatorsTests.Operator_OutputRedirect_ShouldCreateNewFile" computerName="HP405G8" duration="00:00:00.0055206" startTime="2026-01-13T09:26:20.2180444+09:00" endTime="2026-01-13T09:26:20.2217430+09:00" testType="13cdc9d9-ddb5-4fa4-a97d-d965ccfc6d4b" outcome="Passed" testListId="8c84fa94-04c1-424b-9868-57a2d4851a1d" relativeResultsDirectory="73432cef-8409-4f79-adc9-e9013c8a8865" />
    <UnitTestResult executionId="7ece462a-8c5b-412e-9b49-4c24dfe31891" testId="61b8495d-d629-6c50-9929-74ac3190ec5c" testName="CommandRunnerTests.Run_WithInputRedirect_NonExistentFile_ShouldReturnError" computerName="HP405G8" duration="00:00:00.0008338" startTime="2026-01-13T09:26:20.2284810+09:00" endTime="2026-01-13T09:26:20.2285346+09:00" testType="13cdc9d9-ddb5-4fa4-a97d-d965ccfc6d4b" outcome="Passed" testListId="8c84fa94-04c1-424b-9868-57a2d4851a1d" relativeResultsDirectory="7ece462a-8c5b-412e-9b49-4c24dfe31891" />
    <UnitTestResult executionId="45265149-60a2-4853-a0cb-e51504cb326a" testId="f923e228-eff5-042a-b194-349970971a81" testName="CommandRunnerTests.Run_ExternalCommand_FromPath_ShouldExecute" computerName="HP405G8" duration="00:00:00.0555262" startTime="2026-01-13T09:26:20.2293680+09:00" endTime="2026-01-13T09:26:20.2314724+09:00" testType="13cdc9d9-ddb5-4fa4-a97d-d965ccfc6d4b" outcome="Passed" testListId="8c84fa94-04c1-424b-9868-57a2d4851a1d" relativeResultsDirectory="45265149-60a2-4853-a0cb-e51504cb326a" />
    <UnitTestResult executionId="1aa859ac-d482-47a0-927a-7870943e7a8b" testId="22eebdb8-af43-1e96-e75e-dddb2af6bc41" testName="CommandParserTests.Parse_ShouldHandleDoubleQuotedArguments_WithSpaces" computerName="HP405G8" duration="00:00:00.0038021" startTime="2026-01-13T09:26:20.2048421+09:00" endTime="2026-01-13T09:26:20.2113687+09:00" testType="13cdc9d9-ddb5-4fa4-a97d-d965ccfc6d4b" outcome="Passed" testListId="8c84fa94-04c1-424b-9868-57a2d4851a1d" relativeResultsDirectory="1aa859ac-d482-47a0-927a-7870943e7a8b" />
    <UnitTestResult executionId="c2ca6ae6-c760-4e72-b7eb-e29d74b34f1b" testId="cc1d1cad-e8f7-c759-13d5-311c0c76fbb9" testName="cssh.Tests.CsshConstantsTests.ModeEdit_ShouldBe_edit" computerName="HP405G8" duration="00:00:00.0001674" startTime="2026-01-13T09:26:20.2056997+09:00" endTime="2026-01-13T09:26:20.2062219+09:00" testType="13cdc9d9-ddb5-4fa4-a97d-d965ccfc6d4b" outcome="Passed" testListId="8c84fa94-04c1-424b-9868-57a2d4851a1d" relativeResultsDirectory="c2ca6ae6-c760-4e72-b7eb-e29d74b34f1b" />
    <UnitTestResult executionId="31491aa2-2839-4413-a074-8de612b00854" testId="d5a93c5f-6da6-98d3-8edc-dececfe16d6a" testName="ShellOperatorsTests.Operator_InputRedirect_ShouldReadFileContent" computerName="HP405G8" duration="00:00:00.0026384" startTime="2026-01-13T09:26:20.4414152+09:00" endTime="2026-01-13T09:26:20.4439624+09:00" testType="13cdc9d9-ddb5-4fa4-a97d-d965ccfc6d4b" outcome="Passed" testListId="8c84fa94-04c1-424b-9868-57a2d4851a1d" relativeResultsDirectory="31491aa2-2839-4413-a074-8de612b00854" />
    <UnitTestResult executionId="e7f7c9fc-b7da-4129-a1f0-7e19eebdbcff" testId="b194bc36-f91a-a1f2-f907-7fffb62a71fd" testName="ShellOperatorsTests.Parser_ShouldRecognizeOutputRedirectAppend" computerName="HP405G8" duration="00:00:00.0018642" startTime="2026-01-13T09:26:20.4326660+09:00" endTime="2026-01-13T09:26:20.4345224+09:00" testType="13cdc9d9-ddb5-4fa4-a97d-d965ccfc6d4b" outcome="Passed" testListId="8c84fa94-04c1-424b-9868-57a2d4851a1d" relativeResultsDirectory="e7f7c9fc-b7da-4129-a1f0-7e19eebdbcff" />
    <UnitTestResult executionId="91200926-0691-4b27-9b38-220a7d35372b" testId="9860960c-5bcf-35c2-3148-c559fb781d57" testName="CommandRunnerTests.Run_Echo_WithMultipleRedirects_ShouldUseLastRedirect" computerName="HP405G8" duration="00:00:00.0048759" startTime="2026-01-13T09:26:20.2339503+09:00" endTime="2026-01-13T09:26:20.2339990+09:00" testType="13cdc9d9-ddb5-4fa4-a97d-d965ccfc6d4b" outcome="Passed" testListId="8c84fa94-04c1-424b-9868-57a2d4851a1d" relativeResultsDirectory="91200926-0691-4b27-9b38-220a7d35372b" />
    <UnitTestResult executionId="445ef493-82b8-4541-b0e0-64d75aeff4f6" testId="bea24fe3-4e05-0a10-c87b-c4589e947e4b" testName="CommandParserTests.ParseSequence_ShouldHandleConsecutiveSpaces" computerName="HP405G8" duration="00:00:00.0001845" startTime="2026-01-13T09:26:20.2242487+09:00" endTime="2026-01-13T09:26:20.2251127+09:00" testType="13cdc9d9-ddb5-4fa4-a97d-d965ccfc6d4b" outcome="Passed" testListId="8c84fa94-04c1-424b-9868-57a2d4851a1d" relativeResultsDirectory="445ef493-82b8-4541-b0e0-64d75aeff4f6" />
    <UnitTestResult executionId="4b41104a-ae8d-4b1c-9570-e6dc8764d5a9" testId="e8ba5ae8-5939-edda-501d-34bf35e3d15d" testName="ShellOperatorsTests.Parser_ShouldRecognizePipe" computerName="HP405G8" duration="00:00:00.0008200" startTime="2026-01-13T09:26:20.2308600+09:00" endTime="2026-01-13T09:26:20.2309243+09:00" testType="13cdc9d9-ddb5-4fa4-a97d-d965ccfc6d4b" outcome="Passed" testListId="8c84fa94-04c1-424b-9868-57a2d4851a1d" relativeResultsDirectory="4b41104a-ae8d-4b1c-9570-e6dc8764d5a9" />
    <UnitTestResult executionId="fe8dde35-2ae0-4aec-b127-d1e8a33650ad" testId="4fa49db2-3b32-d4a4-7356-eed0606e851c" testName="CommandParserTests.ParseSequence_ShouldParseOutputRedirect_Append" computerName="HP405G8" duration="00:00:00.0002093" startTime="2026-01-13T09:26:20.2257906+09:00" endTime="2026-01-13T09:26:20.2258199+09:00" testType="13cdc9d9-ddb5-4fa4-a97d-d965ccfc6d4b" outcome="Passed" testListId="8c84fa94-04c1-424b-9868-57a2d4851a1d" relativeResultsDirectory="fe8dde35-2ae0-4aec-b127-d1e8a33650ad" />
    <UnitTestResult executionId="3aa0c780-e7dd-4c74-b5cc-15bb4fe0ddb6" testId="abec36e0-4180-960b-e190-9deb9d120f2e" testName="CommandRunnerTests.Run_Echo_WithOutputRedirectAppend_ShouldAppendToFile" computerName="HP405G8" duration="00:00:00.0050111" startTime="2026-01-13T09:26:20.2342172+09:00" endTime="2026-01-13T09:26:20.2387052+09:00" testType="13cdc9d9-ddb5-4fa4-a97d-d965ccfc6d4b" outcome="Passed" testListId="8c84fa94-04c1-424b-9868-57a2d4851a1d" relativeResultsDirectory="3aa0c780-e7dd-4c74-b5cc-15bb4fe0ddb6" />
    <UnitTestResult executionId="384d5722-d9c6-4f81-b7ae-57f66fb02b6e" testId="e1b1855c-a03d-4419-9f44-039a50fb0a60" testName="CommandParserTests.ParseSequence_ShouldHandleWindowsPaths" computerName="HP405G8" duration="00:00:00.0001811" startTime="2026-01-13T09:26:20.2252497+09:00" endTime="2026-01-13T09:26:20.2252806+09:00" testType="13cdc9d9-ddb5-4fa4-a97d-d965ccfc6d4b" outcome="Passed" testListId="8c84fa94-04c1-424b-9868-57a2d4851a1d" relativeResultsDirectory="384d5722-d9c6-4f81-b7ae-57f66fb02b6e" />
    <UnitTestResult executionId="7ea58bf4-5f8b-477d-84d7-ab3c5487c96e" testId="a35a328d-ffb3-ee25-b761-daf47599440e" testName="ShellOperatorsTests.Spec_ShouldNotSupportBackgroundExecution" computerName="HP405G8" duration="00:00:00.0006947" startTime="2026-01-13T09:26:20.4441937+09:00" endTime="2026-01-13T09:26:20.4447743+09:00" testType="13cdc9d9-ddb5-4fa4-a97d-d965ccfc6d4b" outcome="Passed" testListId="8c84fa94-04c1-424b-9868-57a2d4851a1d" relativeResultsDirectory="7ea58bf4-5f8b-477d-84d7-ab3c5487c96e" />
    <UnitTestResult executionId="3210975f-96d0-4abe-b003-87f16caf372d" testId="9687b957-83cf-e373-9d64-9dc1064cc087" testName="AliasAndHistoryTests.Alias_CanCreateAndInvoke" computerName="HP405G8" duration="00:00:00.0010172" startTime="2026-01-13T09:26:20.2199794+09:00" endTime="2026-01-13T09:26:20.2200679+09:00" testType="13cdc9d9-ddb5-4fa4-a97d-d965ccfc6d4b" outcome="Passed" testListId="8c84fa94-04c1-424b-9868-57a2d4851a1d" relativeResultsDirectory="3210975f-96d0-4abe-b003-87f16caf372d" />
    <UnitTestResult executionId="3bdb904f-43d4-4de7-a1ca-e540008186a2" testId="c0af3f68-437b-f6f3-ab0e-4ff0f2e7daef" testName="PathAndQuotingTests.Path_WindowsStyle_ShouldAcceptBackslash" computerName="HP405G8" duration="00:00:00.0018516" startTime="2026-01-13T09:26:20.2101687+09:00" endTime="2026-01-13T09:26:20.2113440+09:00" testType="13cdc9d9-ddb5-4fa4-a97d-d965ccfc6d4b" outcome="Passed" testListId="8c84fa94-04c1-424b-9868-57a2d4851a1d" relativeResultsDirectory="3bdb904f-43d4-4de7-a1ca-e540008186a2" />
    <UnitTestResult executionId="014b08f5-9db9-4f76-9167-4f4599107c60" testId="03b35353-c0d5-3a49-9b57-a78b115261f6" testName="CommandRunnerTests.Run_Touch_ShouldCreateFile" computerName="HP405G8" duration="00:00:00.0020139" startTime="2026-01-13T09:26:20.2329409+09:00" endTime="2026-01-13T09:26:20.2330866+09:00" testType="13cdc9d9-ddb5-4fa4-a97d-d965ccfc6d4b" outcome="Passed" testListId="8c84fa94-04c1-424b-9868-57a2d4851a1d" relativeResultsDirectory="014b08f5-9db9-4f76-9167-4f4599107c60" />
    <UnitTestResult executionId="fc6d25a3-1a02-471a-a25a-6a29f07056a6" testId="49a205ab-c847-2ec3-f235-3ddbc3de35ce" testName="PathAndQuotingTests.Quotes_SingleQuoted_StringWithSpaces" computerName="HP405G8" duration="00:00:00.0001020" startTime="2026-01-13T09:26:20.2134565+09:00" endTime="2026-01-13T09:26:20.2134881+09:00" testType="13cdc9d9-ddb5-4fa4-a97d-d965ccfc6d4b" outcome="Passed" testListId="8c84fa94-04c1-424b-9868-57a2d4851a1d" relativeResultsDirectory="fc6d25a3-1a02-471a-a25a-6a29f07056a6" />
    <UnitTestResult executionId="b87d3153-2373-4ee0-8afe-55253c638066" testId="fbcfd3ca-221d-1ff3-0e74-18b60dfc6a05" testName="ShellOperatorsTests.Operators_Combined_PipeAndRedirect" computerName="HP405G8" duration="00:00:00.0221766" startTime="2026-01-13T09:26:20.2295365+09:00" endTime="2026-01-13T09:26:20.2296541+09:00" testType="13cdc9d9-ddb5-4fa4-a97d-d965ccfc6d4b" outcome="Passed" testListId="8c84fa94-04c1-424b-9868-57a2d4851a1d" relativeResultsDirectory="b87d3153-2373-4ee0-8afe-55253c638066" />
    <UnitTestResult executionId="1ac78640-7632-424f-bba4-e03104346789" testId="60a7026f-07f1-f639-e861-eed3367d03a8" testName="PathAndQuotingTests.Redirect_OutputPath_WithForwardSlash" computerName="HP405G8" duration="00:00:00.0001515" startTime="2026-01-13T09:26:20.2157132+09:00" endTime="2026-01-13T09:26:20.2157588+09:00" testType="13cdc9d9-ddb5-4fa4-a97d-d965ccfc6d4b" outcome="Passed" testListId="8c84fa94-04c1-424b-9868-57a2d4851a1d" relativeResultsDirectory="1ac78640-7632-424f-bba4-e03104346789" />
    <UnitTestResult executionId="c603688c-b0de-42a8-8d06-3ce8b48d422f" testId="25477407-db94-e9f4-28ce-692b229693be" testName="CommandParserTests.Parse_ShouldHandleMixedQuotes" computerName="HP405G8" duration="00:00:00.0002315" startTime="2026-01-13T09:26:20.2231063+09:00" endTime="2026-01-13T09:26:20.2231611+09:00" testType="13cdc9d9-ddb5-4fa4-a97d-d965ccfc6d4b" outcome="Passed" testListId="8c84fa94-04c1-424b-9868-57a2d4851a1d" relativeResultsDirectory="c603688c-b0de-42a8-8d06-3ce8b48d422f" />
    <UnitTestResult executionId="8936d060-8f13-44ed-b5fe-3c1265aaf197" testId="7dfae08c-c0e5-8c48-0f22-a117b5ff80f9" testName="ShellOperatorsTests.Operator_OutputRedirect_ShouldTruncateExistingFile" computerName="HP405G8" duration="00:00:00.0027630" startTime="2026-01-13T09:26:20.2219080+09:00" endTime="2026-01-13T09:26:20.2242929+09:00" testType="13cdc9d9-ddb5-4fa4-a97d-d965ccfc6d4b" outcome="Passed" testListId="8c84fa94-04c1-424b-9868-57a2d4851a1d" relativeResultsDirectory="8936d060-8f13-44ed-b5fe-3c1265aaf197" />
    <UnitTestResult executionId="44b63866-cc4d-4742-860e-85ee4cce1973" testId="952f279b-e212-00c4-7377-5a70eef6cc1d" testName="CommandRunnerTests.Run_Echo_ShouldExpandInDoubleQuotes" computerName="HP405G8" duration="00:00:00.0017273" startTime="2026-01-13T09:26:20.2220819+09:00" endTime="2026-01-13T09:26:20.2236184+09:00" testType="13cdc9d9-ddb5-4fa4-a97d-d965ccfc6d4b" outcome="Passed" testListId="8c84fa94-04c1-424b-9868-57a2d4851a1d" relativeResultsDirectory="44b63866-cc4d-4742-860e-85ee4cce1973" />
    <UnitTestResult executionId="fb1c834a-5c4c-47d3-951e-dcbf971eddd1" testId="adda8d73-15f5-09ef-628e-b72119783843" testName="PathAndQuotingTests.Spec_QuoteMismatch_DoubleInside" computerName="HP405G8" duration="00:00:00.0004333" startTime="2026-01-13T09:26:20.2050354+09:00" endTime="2026-01-13T09:26:20.2057617+09:00" testType="13cdc9d9-ddb5-4fa4-a97d-d965ccfc6d4b" outcome="Passed" testListId="8c84fa94-04c1-424b-9868-57a2d4851a1d" relativeResultsDirectory="fb1c834a-5c4c-47d3-951e-dcbf971eddd1" />
    <UnitTestResult executionId="3d83c1b2-7096-40f2-ab62-ec4346345aa6" testId="1ff05742-c374-4341-9f2b-39035b70dba9" testName="ShellOperatorsTests.Operator_AppendRedirect_MultipleAppends_ShouldPreserveAllLines" computerName="HP405G8" duration="00:00:00.0063501" startTime="2026-01-13T09:26:20.4348223+09:00" endTime="2026-01-13T09:26:20.4411043+09:00" testType="13cdc9d9-ddb5-4fa4-a97d-d965ccfc6d4b" outcome="Passed" testListId="8c84fa94-04c1-424b-9868-57a2d4851a1d" relativeResultsDirectory="3d83c1b2-7096-40f2-ab62-ec4346345aa6" />
    <UnitTestResult executionId="1ca587d7-f86b-49b2-8398-68f3a56dd658" testId="29889314-27ea-b8ca-fe81-1d4996b4d0f6" testName="ShellOperatorsTests.Operator_AppendRedirect_ShouldAppendToExistingFile" computerName="HP405G8" duration="00:00:00.0100552" startTime="2026-01-13T09:26:20.2160513+09:00" endTime="2026-01-13T09:26:20.2179544+09:00" testType="13cdc9d9-ddb5-4fa4-a97d-d965ccfc6d4b" outcome="Passed" testListId="8c84fa94-04c1-424b-9868-57a2d4851a1d" relativeResultsDirectory="1ca587d7-f86b-49b2-8398-68f3a56dd658" />
    <UnitTestResult executionId="653f9c74-2f6d-4180-91d3-ad6f01461796" testId="d202c20e-9124-be4a-6a01-e37b7f4c8f39" testName="EditModeTests.AppendLines_AppendsToBufferAndMarksDirty" computerName="HP405G8" duration="00:00:00.0021901" startTime="2026-01-13T09:26:20.2139866+09:00" endTime="2026-01-13T09:26:20.2175176+09:00" testType="13cdc9d9-ddb5-4fa4-a97d-d965ccfc6d4b" outcome="Passed" testListId="8c84fa94-04c1-424b-9868-57a2d4851a1d" relativeResultsDirectory="653f9c74-2f6d-4180-91d3-ad6f01461796" />
    <UnitTestResult executionId="1b946fe2-6eef-4b45-9d5d-b8df4cbce9c5" testId="87038aa1-05d1-066f-1980-b29053acc77c" testName="LsCommandTests.Ls_ShouldListFilesAndDirectories_InCurrentDirectory" computerName="HP405G8" duration="00:00:00.0174006" startTime="2026-01-13T09:26:20.1111203+09:00" endTime="2026-01-13T09:26:20.2160981+09:00" testType="13cdc9d9-ddb5-4fa4-a97d-d965ccfc6d4b" outcome="Passed" testListId="8c84fa94-04c1-424b-9868-57a2d4851a1d" relativeResultsDirectory="1b946fe2-6eef-4b45-9d5d-b8df4cbce9c5" />
    <UnitTestResult executionId="34fc1367-50a1-46b3-9922-6b019ad62c2d" testId="bb33f3be-2bcd-516b-8be9-0d2765c6d361" testName="CommandParserTests.ParseSequence_ShouldParseInputRedirect" computerName="HP405G8" duration="00:00:00.0001633" startTime="2026-01-13T09:26:20.2224889+09:00" endTime="2026-01-13T09:26:20.2225183+09:00" testType="13cdc9d9-ddb5-4fa4-a97d-d965ccfc6d4b" outcome="Passed" testListId="8c84fa94-04c1-424b-9868-57a2d4851a1d" relativeResultsDirectory="34fc1367-50a1-46b3-9922-6b019ad62c2d" />
    <UnitTestResult executionId="0e0bb74a-246e-40cc-96eb-51293cce000a" testId="c4293865-c6e8-8886-9f69-2d9922711ef3" testName="CommandParserTests.ParseSequence_ShouldHandleWhitespaceOnlyInput" computerName="HP405G8" duration="00:00:00.0005852" startTime="2026-01-13T09:26:20.2216384+09:00" endTime="2026-01-13T09:26:20.2222590+09:00" testType="13cdc9d9-ddb5-4fa4-a97d-d965ccfc6d4b" outcome="Passed" testListId="8c84fa94-04c1-424b-9868-57a2d4851a1d" relativeResultsDirectory="0e0bb74a-246e-40cc-96eb-51293cce000a" />
    <UnitTestResult executionId="9aca4aec-ed00-4d1d-9e49-b624dd6e39f6" testId="dc26f637-bb05-399a-ccef-ba1595660cd7" testName="CommandParserTests.ParseSequence_ShouldHandleCommandWithMultipleArguments_AndRedirect" computerName="HP405G8" duration="00:00:00.0037538" startTime="2026-01-13T09:26:20.2181822+09:00" endTime="2026-01-13T09:26:20.2201846+09:00" testType="13cdc9d9-ddb5-4fa4-a97d-d965ccfc6d4b" outcome="Passed" testListId="8c84fa94-04c1-424b-9868-57a2d4851a1d" relativeResultsDirectory="9aca4aec-ed00-4d1d-9e49-b624dd6e39f6" />
    <UnitTestResult executionId="1fd11dd5-2048-4a51-9ed0-67460a1d23cb" testId="9d1f24d6-c1f1-f9ea-3765-4a97405f22ac" testName="CommandRunnerTests.Run_Echo_ShouldReturnText" computerName="HP405G8" duration="00:00:00.0010460" startTime="2026-01-13T09:26:20.2340864+09:00" endTime="2026-01-13T09:26:20.2341320+09:00" testType="13cdc9d9-ddb5-4fa4-a97d-d965ccfc6d4b" outcome="Passed" testListId="8c84fa94-04c1-424b-9868-57a2d4851a1d" relativeResultsDirectory="1fd11dd5-2048-4a51-9ed0-67460a1d23cb" />
    <UnitTestResult executionId="efe020e7-c80b-41c4-b871-57fed432ffd9" testId="ce5c361a-c9fd-4ffe-e4e6-2d5a35b011bf" testName="EditModeTests.ReadCommand_LoadsFileIntoBuffer" computerName="HP405G8" duration="00:00:00.0051708" startTime="2026-01-13T09:26:20.2052012+09:00" endTime="2026-01-13T09:26:20.2138361+09:00" testType="13cdc9d9-ddb5-4fa4-a97d-d965ccfc6d4b" outcome="Passed" testListId="8c84fa94-04c1-424b-9868-57a2d4851a1d" relativeResultsDirectory="efe020e7-c80b-41c4-b871-57fed432ffd9" />
    <UnitTestResult executionId="20368168-9d43-4f19-aa8d-251a3e45fef1" testId="1f2d4986-7ff9-4c8e-a504-498f87785c45" testName="CommandParserTests.Parse_ShouldReturnCommandName_WhenOnlyCommandGiven" computerName="HP405G8" duration="00:00:00.0001469" startTime="2026-01-13T09:26:20.2270146+09:00" endTime="2026-01-13T09:26:20.2270459+09:00" testType="13cdc9d9-ddb5-4fa4-a97d-d965ccfc6d4b" outcome="Passed" testListId="8c84fa94-04c1-424b-9868-57a2d4851a1d" relativeResultsDirectory="20368168-9d43-4f19-aa8d-251a3e45fef1" />
    <UnitTestResult executionId="2bfe7d70-301e-4f5b-9104-640d2f779247" testId="1de90115-ad66-2f5d-b07c-b924a10c4bde" testName="PathAndQuotingTests.QuotedPath_InputRedirect_WithSpaces" computerName="HP405G8" duration="00:00:00.0002746" startTime="2026-01-13T09:26:20.2061553+09:00" endTime="2026-01-13T09:26:20.2088166+09:00" testType="13cdc9d9-ddb5-4fa4-a97d-d965ccfc6d4b" outcome="Passed" testListId="8c84fa94-04c1-424b-9868-57a2d4851a1d" relativeResultsDirectory="2bfe7d70-301e-4f5b-9104-640d2f779247" />
    <UnitTestResult executionId="3a960dd0-d392-47bc-ba3d-f1919a143d0f" testId="cce05e8a-bbe4-92bd-4ee3-7a65f933c6cb" testName="ShellOperatorsTests.Operator_OutputRedirect_ShouldHandleSpecialCharacters" computerName="HP405G8" duration="00:00:00.0049304" startTime="2026-01-13T09:26:20.2052287+09:00" endTime="2026-01-13T09:26:20.2135607+09:00" testType="13cdc9d9-ddb5-4fa4-a97d-d965ccfc6d4b" outcome="Passed" testListId="8c84fa94-04c1-424b-9868-57a2d4851a1d" relativeResultsDirectory="3a960dd0-d392-47bc-ba3d-f1919a143d0f" />
    <UnitTestResult executionId="dacb0e73-2865-4da6-af2f-e84383060525" testId="4676d085-e5be-1f59-e738-584e17997c14" testName="ShellOperatorsTests.Operator_Pipe_MultipleStages_ShouldChainAll" computerName="HP405G8" duration="00:00:00.0010685" startTime="2026-01-13T09:26:20.2136716+09:00" endTime="2026-01-13T09:26:20.2159381+09:00" testType="13cdc9d9-ddb5-4fa4-a97d-d965ccfc6d4b" outcome="Passed" testListId="8c84fa94-04c1-424b-9868-57a2d4851a1d" relativeResultsDirectory="dacb0e73-2865-4da6-af2f-e84383060525" />
    <UnitTestResult executionId="1f99ef86-ff57-4344-849f-c31a0976ccee" testId="19f5a540-1330-1b72-8924-34ce6599e694" testName="CommandRunnerTests.Run_CommandWithMultipleArgs_AndRedirect" computerName="HP405G8" duration="00:00:00.0015502" startTime="2026-01-13T09:26:20.2336168+09:00" endTime="2026-01-13T09:26:20.2336645+09:00" testType="13cdc9d9-ddb5-4fa4-a97d-d965ccfc6d4b" outcome="Passed" testListId="8c84fa94-04c1-424b-9868-57a2d4851a1d" relativeResultsDirectory="1f99ef86-ff57-4344-849f-c31a0976ccee" />
    <UnitTestResult executionId="2207f9bf-5dd7-485c-b9f0-8b4e518499bc" testId="04a3c010-d6d2-2e0e-d94b-1cd3e6c16411" testName="cssh.Tests.CsshConstantsTests.Version_ShouldBe_v021" computerName="HP405G8" duration="00:00:00.0048376" startTime="2026-01-13T09:26:20.1109087+09:00" endTime="2026-01-13T09:26:20.1316058+09:00" testType="13cdc9d9-ddb5-4fa4-a97d-d965ccfc6d4b" outcome="Passed" testListId="8c84fa94-04c1-424b-9868-57a2d4851a1d" relativeResultsDirectory="2207f9bf-5dd7-485c-b9f0-8b4e518499bc" />
    <UnitTestResult executionId="7829c460-4860-4518-9f75-fe048b0e5751" testId="5830c149-c488-708c-2698-dded6c4a8378" testName="CommandParserTests.Parse_ShouldHandleQuotedPathsWithForwardSlash" computerName="HP405G8" duration="00:00:00.0001410" startTime="2026-01-13T09:26:20.2267543+09:00" endTime="2026-01-13T09:26:20.2269335+09:00" testType="13cdc9d9-ddb5-4fa4-a97d-d965ccfc6d4b" outcome="Passed" testListId="8c84fa94-04c1-424b-9868-57a2d4851a1d" relativeResultsDirectory="7829c460-4860-4518-9f75-fe048b0e5751" />
    <UnitTestResult executionId="fa5d0543-9f1c-4510-be4b-134653211d64" testId="5b80b727-a92f-b2e5-6a25-f4e9f7c56c7c" testName="CommandParserTests.ParseSequence_ShouldParseTwoCommandPipeline" computerName="HP405G8" duration="00:00:00.0002814" startTime="2026-01-13T09:26:20.2254767+09:00" endTime="2026-01-13T09:26:20.2255907+09:00" testType="13cdc9d9-ddb5-4fa4-a97d-d965ccfc6d4b" outcome="Passed" testListId="8c84fa94-04c1-424b-9868-57a2d4851a1d" relativeResultsDirectory="fa5d0543-9f1c-4510-be4b-134653211d64" />
    <UnitTestResult executionId="d4ab32fc-54b7-4c65-b1a2-17acab5dcf68" testId="8437d8de-fe55-9fde-70eb-95cb12bfd927" testName="CommandRunnerTests.Run_Echo_ShouldExpandEnvironmentVariable" computerName="HP405G8" duration="00:00:00.0010182" startTime="2026-01-13T09:26:20.2334969+09:00" endTime="2026-01-13T09:26:20.2335445+09:00" testType="13cdc9d9-ddb5-4fa4-a97d-d965ccfc6d4b" outcome="Passed" testListId="8c84fa94-04c1-424b-9868-57a2d4851a1d" relativeResultsDirectory="d4ab32fc-54b7-4c65-b1a2-17acab5dcf68" />
    <UnitTestResult executionId="ce978670-93ad-467e-93c1-212fa15d9c21" testId="7c126647-72d5-0d36-f774-8fecf1412d84" testName="cssh.Tests.CsshConstantsTests.ModeInteractive_ShouldBe_interactive" computerName="HP405G8" duration="00:00:00.0001313" startTime="2026-01-13T09:26:20.2084270+09:00" endTime="2026-01-13T09:26:20.2087458+09:00" testType="13cdc9d9-ddb5-4fa4-a97d-d965ccfc6d4b" outcome="Passed" testListId="8c84fa94-04c1-424b-9868-57a2d4851a1d" relativeResultsDirectory="ce978670-93ad-467e-93c1-212fa15d9c21" />
    <UnitTestResult executionId="cb70552b-6304-414b-a13b-6d2fc3f92d01" testId="4dadcf0a-cd31-0f01-62f5-d1f8b9017db8" testName="CommandParserTests.ParseSequence_ShouldSplitBySemicolon" computerName="HP405G8" duration="00:00:00.0095323" startTime="2026-01-13T09:26:20.1109619+09:00" endTime="2026-01-13T09:26:20.1317874+09:00" testType="13cdc9d9-ddb5-4fa4-a97d-d965ccfc6d4b" outcome="Passed" testListId="8c84fa94-04c1-424b-9868-57a2d4851a1d" relativeResultsDirectory="cb70552b-6304-414b-a13b-6d2fc3f92d01" />
    <UnitTestResult executionId="494c72bf-6905-4e3c-abea-6b407b4fe1df" testId="a8d3eeaf-66ea-fd56-170a-1a5682d3aa9f" testName="PathAndQuotingTests.Path_LongPath_WindowsStyle" computerName="HP405G8" duration="00:00:00.0001184" startTime="2026-01-13T09:26:20.2136473+09:00" endTime="2026-01-13T09:26:20.2137010+09:00" testType="13cdc9d9-ddb5-4fa4-a97d-d965ccfc6d4b" outcome="Passed" testListId="8c84fa94-04c1-424b-9868-57a2d4851a1d" relativeResultsDirectory="494c72bf-6905-4e3c-abea-6b407b4fe1df" />
    <UnitTestResult executionId="01d3fefc-0d4a-4e8a-8a41-7a75cfcb5a46" testId="539c7dbc-a582-8219-7f63-f04dbff34e98" testName="CommandRunnerTests.Run_Pipeline_MultipleCommands_ShouldChain" computerName="HP405G8" duration="00:00:00.0018729" startTime="2026-01-13T09:26:20.2237233+09:00" endTime="2026-01-13T09:26:20.2255178+09:00" testType="13cdc9d9-ddb5-4fa4-a97d-d965ccfc6d4b" outcome="Passed" testListId="8c84fa94-04c1-424b-9868-57a2d4851a1d" relativeResultsDirectory="01d3fefc-0d4a-4e8a-8a41-7a75cfcb5a46" />
    <UnitTestResult executionId="c9ca6569-e3d6-4873-8de8-07dd51a11881" testId="671afb79-d760-7018-4729-75794d534c72" testName="CommandRunnerTests.Run_Pipeline_WithFinalRedirect_ShouldRedirectPipeOutput" computerName="HP405G8" duration="00:00:00.0043439" startTime="2026-01-13T09:26:20.2194810+09:00" endTime="2026-01-13T09:26:20.2219666+09:00" testType="13cdc9d9-ddb5-4fa4-a97d-d965ccfc6d4b" outcome="Passed" testListId="8c84fa94-04c1-424b-9868-57a2d4851a1d" relativeResultsDirectory="c9ca6569-e3d6-4873-8de8-07dd51a11881" />
    <UnitTestResult executionId="05a93e71-08c6-4ec8-87c3-cbef3515c0e2" testId="d1489da4-0f22-91ff-c7ba-b785a828f92c" testName="PathAndQuotingTests.Path_DriveLetterUppercase_ShouldBePreserved" computerName="HP405G8" duration="00:00:00.0002873" startTime="2026-01-13T09:26:20.2093206+09:00" endTime="2026-01-13T09:26:20.2093497+09:00" testType="13cdc9d9-ddb5-4fa4-a97d-d965ccfc6d4b" outcome="Passed" testListId="8c84fa94-04c1-424b-9868-57a2d4851a1d" relativeResultsDirectory="05a93e71-08c6-4ec8-87c3-cbef3515c0e2" />
    <UnitTestResult executionId="84dabeda-51b9-4f58-8e26-48f2b9469dee" testId="933b69b5-17dc-c98f-40a6-ec9ee384b597" testName="CommandParserTests.ParseSequence_ShouldParsePipelineWithFinalRedirect" computerName="HP405G8" duration="00:00:00.0002470" startTime="2026-01-13T09:26:20.2266218+09:00" endTime="2026-01-13T09:26:20.2266728+09:00" testType="13cdc9d9-ddb5-4fa4-a97d-d965ccfc6d4b" outcome="Passed" testListId="8c84fa94-04c1-424b-9868-57a2d4851a1d" relativeResultsDirectory="84dabeda-51b9-4f58-8e26-48f2b9469dee" />
    <UnitTestResult executionId="3ef8058b-26ca-4483-8204-f95c9502cf6a" testId="6a1621c9-98c6-7fd7-9d33-f2c187301183" testName="PathAndQuotingTests.Quotes_MixedQuotes_InSameCommand" computerName="HP405G8" duration="00:00:00.0094926" startTime="2026-01-13T09:26:20.1110352+09:00" endTime="2026-01-13T09:26:20.1317487+09:00" testType="13cdc9d9-ddb5-4fa4-a97d-d965ccfc6d4b" outcome="Passed" testListId="8c84fa94-04c1-424b-9868-57a2d4851a1d" relativeResultsDirectory="3ef8058b-26ca-4483-8204-f95c9502cf6a" />
    <UnitTestResult executionId="ee9f2393-2379-4346-b0c3-2b7030b4082e" testId="47f8273b-b525-d224-19cd-c2ae7facab0b" testName="ShellOperatorsTests.Spec_ShouldNotSupportConditionalExecution" computerName="HP405G8" duration="00:00:00.0009905" startTime="2026-01-13T09:26:20.2305747+09:00" endTime="2026-01-13T09:26:20.2306847+09:00" testType="13cdc9d9-ddb5-4fa4-a97d-d965ccfc6d4b" outcome="Passed" testListId="8c84fa94-04c1-424b-9868-57a2d4851a1d" relativeResultsDirectory="ee9f2393-2379-4346-b0c3-2b7030b4082e" />
    <UnitTestResult executionId="fe0292ad-4eec-4348-8c12-09a31f620e3d" testId="58306f8c-4c45-d110-bf72-7f746f4ef245" testName="ShellOperatorsTests.Operator_Pipe_WithFinalRedirect_ShouldApplyRedirectToLastCommand" computerName="HP405G8" duration="00:00:00.0017056" startTime="2026-01-13T09:26:20.4449103+09:00" endTime="2026-01-13T09:26:20.4465491+09:00" testType="13cdc9d9-ddb5-4fa4-a97d-d965ccfc6d4b" outcome="Passed" testListId="8c84fa94-04c1-424b-9868-57a2d4851a1d" relativeResultsDirectory="fe0292ad-4eec-4348-8c12-09a31f620e3d" />
    <UnitTestResult executionId="5d17e08c-f6ab-4b48-9b8b-912870494563" testId="15249b79-4925-0c55-da8b-f3ea19a5c816" testName="PathAndQuotingTests.QuotedPath_OutputRedirect_WithSpaces" computerName="HP405G8" duration="00:00:00.0001453" startTime="2026-01-13T09:26:20.2133312+09:00" endTime="2026-01-13T09:26:20.2133659+09:00" testType="13cdc9d9-ddb5-4fa4-a97d-d965ccfc6d4b" outcome="Passed" testListId="8c84fa94-04c1-424b-9868-57a2d4851a1d" relativeResultsDirectory="5d17e08c-f6ab-4b48-9b8b-912870494563" />
    <UnitTestResult executionId="1068e50f-9332-4be8-8752-cd25604f4442" testId="05676e50-17a0-564f-ce31-e0adff23a62b" testName="EditModeTests.RunCommand_ExecutesEchoLines" computerName="HP405G8" duration="00:00:00.0129353" startTime="2026-01-13T09:26:20.1110627+09:00" endTime="2026-01-13T09:26:20.1475738+09:00" testType="13cdc9d9-ddb5-4fa4-a97d-d965ccfc6d4b" outcome="Passed" testListId="8c84fa94-04c1-424b-9868-57a2d4851a1d" relativeResultsDirectory="1068e50f-9332-4be8-8752-cd25604f4442" />
    <UnitTestResult executionId="06d69970-c632-413e-8dfb-0cdbc3326561" testId="5fa8e9c4-863d-7d78-70ee-11cb4ddeaf01" testName="CommandRunnerTests.Run_Pipeline_EchoToCat_ShouldTransmitData" computerName="HP405G8" duration="00:00:00.0007339" startTime="2026-01-13T09:26:20.2288427+09:00" endTime="2026-01-13T09:26:20.2288882+09:00" testType="13cdc9d9-ddb5-4fa4-a97d-d965ccfc6d4b" outcome="Passed" testListId="8c84fa94-04c1-424b-9868-57a2d4851a1d" relativeResultsDirectory="06d69970-c632-413e-8dfb-0cdbc3326561" />
    <UnitTestResult executionId="f20d4df2-7d83-43e2-8567-2a4f0acc655c" testId="aa4db230-bc70-d65b-b6d2-b5e30b2078b3" testName="AliasAndHistoryTests.History_RecordsAndLists" computerName="HP405G8" duration="00:00:00.0024883" startTime="2026-01-13T09:26:20.2047516+09:00" endTime="2026-01-13T09:26:20.2102349+09:00" testType="13cdc9d9-ddb5-4fa4-a97d-d965ccfc6d4b" outcome="Passed" testListId="8c84fa94-04c1-424b-9868-57a2d4851a1d" relativeResultsDirectory="f20d4df2-7d83-43e2-8567-2a4f0acc655c" />
    <UnitTestResult executionId="e2a043dc-00f6-4aba-87f5-e1624d6172c6" testId="f7a8c264-c987-867d-c998-1127056f0623" testName="ShellOperatorsTests.Operator_InvalidRedirectPath_ShouldHandleError" computerName="HP405G8" duration="00:00:00.0016898" startTime="2026-01-13T09:26:20.2298771+09:00" endTime="2026-01-13T09:26:20.2300104+09:00" testType="13cdc9d9-ddb5-4fa4-a97d-d965ccfc6d4b" outcome="Passed" testListId="8c84fa94-04c1-424b-9868-57a2d4851a1d" relativeResultsDirectory="e2a043dc-00f6-4aba-87f5-e1624d6172c6" />
    <UnitTestResult executionId="94c3afe2-778e-4d22-860d-5b76779d6b73" testId="94e5d112-3b62-4248-5e26-4358cc039d7d" testName="CommandRunnerTests.Run_Echo_ShouldHandleQuotedText" computerName="HP405G8" duration="00:00:00.0008317" startTime="2026-01-13T09:26:20.2287264+09:00" endTime="2026-01-13T09:26:20.2287717+09:00" testType="13cdc9d9-ddb5-4fa4-a97d-d965ccfc6d4b" outcome="Passed" testListId="8c84fa94-04c1-424b-9868-57a2d4851a1d" relativeResultsDirectory="94c3afe2-778e-4d22-860d-5b76779d6b73" />
    <UnitTestResult executionId="ecf1d546-4d0c-4a20-8c7e-58bacab4a284" testId="119d9543-299d-50d0-995b-3d9faf8172c1" testName="CommandRunnerTests.Run_Mkdir_ShouldCreateDirectory" computerName="HP405G8" duration="00:00:00.0014055" startTime="2026-01-13T09:26:20.2332412+09:00" endTime="2026-01-13T09:26:20.2332940+09:00" testType="13cdc9d9-ddb5-4fa4-a97d-d965ccfc6d4b" outcome="Passed" testListId="8c84fa94-04c1-424b-9868-57a2d4851a1d" relativeResultsDirectory="ecf1d546-4d0c-4a20-8c7e-58bacab4a284" />
    <UnitTestResult executionId="f2746568-cab8-4070-a8b8-7893efd0ee20" testId="6a7bac17-4410-0115-e6b2-52b66efc5eb6" testName="ShellOperatorsTests.Operator_Pipe_ShouldTransmitOutput" computerName="HP405G8" duration="00:00:00.0125634" startTime="2026-01-13T09:26:20.1104522+09:00" endTime="2026-01-13T09:26:20.1332492+09:00" testType="13cdc9d9-ddb5-4fa4-a97d-d965ccfc6d4b" outcome="Passed" testListId="8c84fa94-04c1-424b-9868-57a2d4851a1d" relativeResultsDirectory="f2746568-cab8-4070-a8b8-7893efd0ee20" />
    <UnitTestResult executionId="85de44f2-6429-408a-9a9f-dd0cc4cd2b12" testId="e87ec400-7208-0f66-508c-1822ce65bb78" testName="PathAndQuotingTests.Redirect_OutputPath_WithBackslash" computerName="HP405G8" duration="00:00:00.0001756" startTime="2026-01-13T09:26:20.2091664+09:00" endTime="2026-01-13T09:26:20.2092497+09:00" testType="13cdc9d9-ddb5-4fa4-a97d-d965ccfc6d4b" outcome="Passed" testListId="8c84fa94-04c1-424b-9868-57a2d4851a1d" relativeResultsDirectory="85de44f2-6429-408a-9a9f-dd0cc4cd2b12" />
    <UnitTestResult executionId="477f5d1b-f9b1-425c-8f36-b290e30114a7" testId="13859ce3-122f-353f-ed87-b91bf99e8ac0" testName="PathAndQuotingTests.QuotedPath_DoubleQuotes_ShouldPreserveSpaces" computerName="HP405G8" duration="00:00:00.0001539" startTime="2026-01-13T09:26:20.2174317+09:00" endTime="2026-01-13T09:26:20.2176709+09:00" testType="13cdc9d9-ddb5-4fa4-a97d-d965ccfc6d4b" outcome="Passed" testListId="8c84fa94-04c1-424b-9868-57a2d4851a1d" relativeResultsDirectory="477f5d1b-f9b1-425c-8f36-b290e30114a7" />
    <UnitTestResult executionId="1026c38c-3091-4828-90c6-634383d14dac" testId="4a79a95e-e10e-7ae4-7077-3bf9d5ef4aa4" testName="CommandParserTests.Parse_ShouldHandleQuotedPathsWithBackslash" computerName="HP405G8" duration="00:00:00.0002383" startTime="2026-01-13T09:26:20.2223579+09:00" endTime="2026-01-13T09:26:20.2223911+09:00" testType="13cdc9d9-ddb5-4fa4-a97d-d965ccfc6d4b" outcome="Passed" testListId="8c84fa94-04c1-424b-9868-57a2d4851a1d" relativeResultsDirectory="1026c38c-3091-4828-90c6-634383d14dac" />
    <UnitTestResult executionId="d251a8bc-60a8-4426-909d-08f24b37aa1b" testId="6dfba341-0a79-0ad3-788c-1ad2d9dcfa5c" testName="PathAndQuotingTests.Path_WithHome_RelativeToHome" computerName="HP405G8" duration="00:00:00.0001118" startTime="2026-01-13T09:26:20.2137878+09:00" endTime="2026-01-13T09:26:20.2140214+09:00" testType="13cdc9d9-ddb5-4fa4-a97d-d965ccfc6d4b" outcome="Passed" testListId="8c84fa94-04c1-424b-9868-57a2d4851a1d" relativeResultsDirectory="d251a8bc-60a8-4426-909d-08f24b37aa1b" />
    <UnitTestResult executionId="49a8c704-add6-4138-9dbf-119e51ccb6b9" testId="4d8c2b76-a547-3002-489e-a1b22eb1170b" testName="cssh.Tests.CsshConstantsTests.DefaultPromptDirTrim_ShouldBe_2" computerName="HP405G8" duration="00:00:00.0002526" startTime="2026-01-13T09:26:20.2049171+09:00" endTime="2026-01-13T09:26:20.2054107+09:00" testType="13cdc9d9-ddb5-4fa4-a97d-d965ccfc6d4b" outcome="Passed" testListId="8c84fa94-04c1-424b-9868-57a2d4851a1d" relativeResultsDirectory="49a8c704-add6-4138-9dbf-119e51ccb6b9" />
    <UnitTestResult executionId="3688a405-849d-4c57-a425-10cef225aafe" testId="b90ebf4b-363a-f307-8584-40e7bf475689" testName="EditModeTests.Quit_ExitsEditMode" computerName="HP405G8" duration="00:00:00.0053508" startTime="2026-01-13T09:26:20.2222369+09:00" endTime="2026-01-13T09:26:20.2271414+09:00" testType="13cdc9d9-ddb5-4fa4-a97d-d965ccfc6d4b" outcome="Passed" testListId="8c84fa94-04c1-424b-9868-57a2d4851a1d" relativeResultsDirectory="3688a405-849d-4c57-a425-10cef225aafe" />
    <UnitTestResult executionId="26bece66-eaee-42d7-a6e0-dd46124fbb7a" testId="15510086-d034-7f02-9b3c-70ca6a663bc8" testName="CommandParserTests.ParseSequence_ShouldNotSplitSemicolonInsideQuotes" computerName="HP405G8" duration="00:00:00.0003868" startTime="2026-01-13T09:26:20.2253552+09:00" endTime="2026-01-13T09:26:20.2254050+09:00" testType="13cdc9d9-ddb5-4fa4-a97d-d965ccfc6d4b" outcome="Passed" testListId="8c84fa94-04c1-424b-9868-57a2d4851a1d" relativeResultsDirectory="26bece66-eaee-42d7-a6e0-dd46124fbb7a" />
    <UnitTestResult executionId="6cb81404-84d5-4769-be8c-bb7d05a6bf29" testId="87d50cba-2192-bdf3-0d46-1275198e8862" testName="ShellOperatorsTests.Operator_AppendRedirect_ShouldCreateFileIfNotExists" computerName="HP405G8" duration="00:00:00.0032804" startTime="2026-01-13T09:26:20.2310633+09:00" endTime="2026-01-13T09:26:20.2311586+09:00" testType="13cdc9d9-ddb5-4fa4-a97d-d965ccfc6d4b" outcome="Passed" testListId="8c84fa94-04c1-424b-9868-57a2d4851a1d" relativeResultsDirectory="6cb81404-84d5-4769-be8c-bb7d05a6bf29" />
  </Results>
  <TestDefinitions>
    <UnitTest name="CommandParserTests.ParseSequence_ShouldNotSplitSemicolonInsideQuotes" storage="d:\workspace\cssh\cssh.tests\bin\debug\net10.0\cssh.tests.dll" id="15510086-d034-7f02-9b3c-70ca6a663bc8">
      <Execution id="26bece66-eaee-42d7-a6e0-dd46124fbb7a" />
      <TestMethod codeBase="D:\workspace\Cssh\cssh.Tests\bin\Debug\net10.0\cssh.Tests.dll" adapterTypeName="executor://xunit/VsTestRunner3/netcore/" className="CommandParserTests" name="ParseSequence_ShouldNotSplitSemicolonInsideQuotes" />
    </UnitTest>
    <UnitTest name="PathAndQuotingTests.Quotes_SingleQuoted_StringWithSpaces" storage="d:\workspace\cssh\cssh.tests\bin\debug\net10.0\cssh.tests.dll" id="49a205ab-c847-2ec3-f235-3ddbc3de35ce">
      <Execution id="fc6d25a3-1a02-471a-a25a-6a29f07056a6" />
      <TestMethod codeBase="D:\workspace\Cssh\cssh.Tests\bin\Debug\net10.0\cssh.Tests.dll" adapterTypeName="executor://xunit/VsTestRunner3/netcore/" className="PathAndQuotingTests" name="Quotes_SingleQuoted_StringWithSpaces" />
    </UnitTest>
    <UnitTest name="EditModeTests.Quit_ExitsEditMode" storage="d:\workspace\cssh\cssh.tests\bin\debug\net10.0\cssh.tests.dll" id="b90ebf4b-363a-f307-8584-40e7bf475689">
      <Execution id="3688a405-849d-4c57-a425-10cef225aafe" />
      <TestMethod codeBase="D:\workspace\Cssh\cssh.Tests\bin\Debug\net10.0\cssh.Tests.dll" adapterTypeName="executor://xunit/VsTestRunner3/netcore/" className="EditModeTests" name="Quit_ExitsEditMode" />
    </UnitTest>
    <UnitTest name="ShellOperatorsTests.Parser_ShouldRecognizePipe" storage="d:\workspace\cssh\cssh.tests\bin\debug\net10.0\cssh.tests.dll" id="e8ba5ae8-5939-edda-501d-34bf35e3d15d">
      <Execution id="4b41104a-ae8d-4b1c-9570-e6dc8764d5a9" />
      <TestMethod codeBase="D:\workspace\Cssh\cssh.Tests\bin\Debug\net10.0\cssh.Tests.dll" adapterTypeName="executor://xunit/VsTestRunner3/netcore/" className="ShellOperatorsTests" name="Parser_ShouldRecognizePipe" />
    </UnitTest>
    <UnitTest name="ShellOperatorsTests.Operator_Pipe_WithFinalRedirect_ShouldApplyRedirectToLastCommand" storage="d:\workspace\cssh\cssh.tests\bin\debug\net10.0\cssh.tests.dll" id="58306f8c-4c45-d110-bf72-7f746f4ef245">
      <Execution id="fe0292ad-4eec-4348-8c12-09a31f620e3d" />
      <TestMethod codeBase="D:\workspace\Cssh\cssh.Tests\bin\Debug\net10.0\cssh.Tests.dll" adapterTypeName="executor://xunit/VsTestRunner3/netcore/" className="ShellOperatorsTests" name="Operator_Pipe_WithFinalRedirect_ShouldApplyRedirectToLastCommand" />
    </UnitTest>
    <UnitTest name="PathAndQuotingTests.Path_MixedStyle_ShouldAcceptMixedSlashes" storage="d:\workspace\cssh\cssh.tests\bin\debug\net10.0\cssh.tests.dll" id="9a41acfd-9872-061f-c3fe-6d6cfcf427da">
      <Execution id="ac22e1a7-19a0-48b4-8d8d-1a83508a1ebb" />
      <TestMethod codeBase="D:\workspace\Cssh\cssh.Tests\bin\Debug\net10.0\cssh.Tests.dll" adapterTypeName="executor://xunit/VsTestRunner3/netcore/" className="PathAndQuotingTests" name="Path_MixedStyle_ShouldAcceptMixedSlashes" />
    </UnitTest>
    <UnitTest name="CommandParserTests.Parse_ShouldHandleQuotedPathsWithBackslash" storage="d:\workspace\cssh\cssh.tests\bin\debug\net10.0\cssh.tests.dll" id="4a79a95e-e10e-7ae4-7077-3bf9d5ef4aa4">
      <Execution id="1026c38c-3091-4828-90c6-634383d14dac" />
      <TestMethod codeBase="D:\workspace\Cssh\cssh.Tests\bin\Debug\net10.0\cssh.Tests.dll" adapterTypeName="executor://xunit/VsTestRunner3/netcore/" className="CommandParserTests" name="Parse_ShouldHandleQuotedPathsWithBackslash" />
    </UnitTest>
    <UnitTest name="CommandParserTests.ParseSequence_ShouldHandleWindowsPaths" storage="d:\workspace\cssh\cssh.tests\bin\debug\net10.0\cssh.tests.dll" id="e1b1855c-a03d-4419-9f44-039a50fb0a60">
      <Execution id="384d5722-d9c6-4f81-b7ae-57f66fb02b6e" />
      <TestMethod codeBase="D:\workspace\Cssh\cssh.Tests\bin\Debug\net10.0\cssh.Tests.dll" adapterTypeName="executor://xunit/VsTestRunner3/netcore/" className="CommandParserTests" name="ParseSequence_ShouldHandleWindowsPaths" />
    </UnitTest>
    <UnitTest name="CommandRunnerTests.Run_CommandWithMultipleArgs_AndRedirect" storage="d:\workspace\cssh\cssh.tests\bin\debug\net10.0\cssh.tests.dll" id="19f5a540-1330-1b72-8924-34ce6599e694">
      <Execution id="1f99ef86-ff57-4344-849f-c31a0976ccee" />
      <TestMethod codeBase="D:\workspace\Cssh\cssh.Tests\bin\Debug\net10.0\cssh.Tests.dll" adapterTypeName="executor://xunit/VsTestRunner3/netcore/" className="CommandRunnerTests" name="Run_CommandWithMultipleArgs_AndRedirect" />
    </UnitTest>
    <UnitTest name="CommandParserTests.ParseSequence_ShouldHandleWhitespaceOnlyInput" storage="d:\workspace\cssh\cssh.tests\bin\debug\net10.0\cssh.tests.dll" id="c4293865-c6e8-8886-9f69-2d9922711ef3">
      <Execution id="0e0bb74a-246e-40cc-96eb-51293cce000a" />
      <TestMethod codeBase="D:\workspace\Cssh\cssh.Tests\bin\Debug\net10.0\cssh.Tests.dll" adapterTypeName="executor://xunit/VsTestRunner3/netcore/" className="CommandParserTests" name="ParseSequence_ShouldHandleWhitespaceOnlyInput" />
    </UnitTest>
    <UnitTest name="ShellOperatorsTests.Operator_AppendRedirect_ShouldCreateFileIfNotExists" storage="d:\workspace\cssh\cssh.tests\bin\debug\net10.0\cssh.tests.dll" id="87d50cba-2192-bdf3-0d46-1275198e8862">
      <Execution id="6cb81404-84d5-4769-be8c-bb7d05a6bf29" />
      <TestMethod codeBase="D:\workspace\Cssh\cssh.Tests\bin\Debug\net10.0\cssh.Tests.dll" adapterTypeName="executor://xunit/VsTestRunner3/netcore/" className="ShellOperatorsTests" name="Operator_AppendRedirect_ShouldCreateFileIfNotExists" />
    </UnitTest>
    <UnitTest name="AliasAndHistoryTests.Alias_CanCreateAndInvoke" storage="d:\workspace\cssh\cssh.tests\bin\debug\net10.0\cssh.tests.dll" id="9687b957-83cf-e373-9d64-9dc1064cc087">
      <Execution id="3210975f-96d0-4abe-b003-87f16caf372d" />
      <TestMethod codeBase="D:\workspace\Cssh\cssh.Tests\bin\Debug\net10.0\cssh.Tests.dll" adapterTypeName="executor://xunit/VsTestRunner3/netcore/" className="AliasAndHistoryTests" name="Alias_CanCreateAndInvoke" />
    </UnitTest>
    <UnitTest name="CommandRunnerTests.Run_Mkdir_ShouldCreateDirectory" storage="d:\workspace\cssh\cssh.tests\bin\debug\net10.0\cssh.tests.dll" id="119d9543-299d-50d0-995b-3d9faf8172c1">
      <Execution id="ecf1d546-4d0c-4a20-8c7e-58bacab4a284" />
      <TestMethod codeBase="D:\workspace\Cssh\cssh.Tests\bin\Debug\net10.0\cssh.Tests.dll" adapterTypeName="executor://xunit/VsTestRunner3/netcore/" className="CommandRunnerTests" name="Run_Mkdir_ShouldCreateDirectory" />
    </UnitTest>
    <UnitTest name="CommandParserTests.ParseSequence_ShouldSplitBySemicolon" storage="d:\workspace\cssh\cssh.tests\bin\debug\net10.0\cssh.tests.dll" id="4dadcf0a-cd31-0f01-62f5-d1f8b9017db8">
      <Execution id="cb70552b-6304-414b-a13b-6d2fc3f92d01" />
      <TestMethod codeBase="D:\workspace\Cssh\cssh.Tests\bin\Debug\net10.0\cssh.Tests.dll" adapterTypeName="executor://xunit/VsTestRunner3/netcore/" className="CommandParserTests" name="ParseSequence_ShouldSplitBySemicolon" />
    </UnitTest>
    <UnitTest name="cssh.Tests.CsshConstantsTests.ModeEdit_ShouldBe_edit" storage="d:\workspace\cssh\cssh.tests\bin\debug\net10.0\cssh.tests.dll" id="cc1d1cad-e8f7-c759-13d5-311c0c76fbb9">
      <Execution id="c2ca6ae6-c760-4e72-b7eb-e29d74b34f1b" />
      <TestMethod codeBase="D:\workspace\Cssh\cssh.Tests\bin\Debug\net10.0\cssh.Tests.dll" adapterTypeName="executor://xunit/VsTestRunner3/netcore/" className="cssh.Tests.CsshConstantsTests" name="ModeEdit_ShouldBe_edit" />
    </UnitTest>
    <UnitTest name="LsCommandTests.Ls_ShouldListFilesAndDirectories_InCurrentDirectory" storage="d:\workspace\cssh\cssh.tests\bin\debug\net10.0\cssh.tests.dll" id="87038aa1-05d1-066f-1980-b29053acc77c">
      <Execution id="1b946fe2-6eef-4b45-9d5d-b8df4cbce9c5" />
      <TestMethod codeBase="D:\workspace\Cssh\cssh.Tests\bin\Debug\net10.0\cssh.Tests.dll" adapterTypeName="executor://xunit/VsTestRunner3/netcore/" className="LsCommandTests" name="Ls_ShouldListFilesAndDirectories_InCurrentDirectory" />
    </UnitTest>
    <UnitTest name="ShellStateTests.Initial_CurrentDirectory_ShouldBe_EnvironmentCurrentDirectory" storage="d:\workspace\cssh\cssh.tests\bin\debug\net10.0\cssh.tests.dll" id="ef609a78-d027-2551-9452-0f95f902dc9b">
      <Execution id="1e7fb25e-7b45-40d0-980c-7458770d180a" />
      <TestMethod codeBase="D:\workspace\Cssh\cssh.Tests\bin\Debug\net10.0\cssh.Tests.dll" adapterTypeName="executor://xunit/VsTestRunner3/netcore/" className="ShellStateTests" name="Initial_CurrentDirectory_ShouldBe_EnvironmentCurrentDirectory" />
    </UnitTest>
    <UnitTest name="PathAndQuotingTests.QuotedPath_PartialQuote_SpaceInMiddle" storage="d:\workspace\cssh\cssh.tests\bin\debug\net10.0\cssh.tests.dll" id="eb1b1825-db05-6e01-01de-3984cddd022f">
      <Execution id="1f3b21a9-82ae-403e-83de-862b172b9092" />
      <TestMethod codeBase="D:\workspace\Cssh\cssh.Tests\bin\Debug\net10.0\cssh.Tests.dll" adapterTypeName="executor://xunit/VsTestRunner3/netcore/" className="PathAndQuotingTests" name="QuotedPath_PartialQuote_SpaceInMiddle" />
    </UnitTest>
    <UnitTest name="CommandParserTests.ParseSequence_ShouldParseMultipleCommandPipeline" storage="d:\workspace\cssh\cssh.tests\bin\debug\net10.0\cssh.tests.dll" id="56a0364e-e50a-9457-d7cd-85a2d0a1c888">
      <Execution id="42781b42-f628-4cb9-a2e7-e7949c6a4d7a" />
      <TestMethod codeBase="D:\workspace\Cssh\cssh.Tests\bin\Debug\net10.0\cssh.Tests.dll" adapterTypeName="executor://xunit/VsTestRunner3/netcore/" className="CommandParserTests" name="ParseSequence_ShouldParseMultipleCommandPipeline" />
    </UnitTest>
    <UnitTest name="CommandParserTests.ParseSequence_ShouldHandleCommandWithMultipleArguments_AndRedirect" storage="d:\workspace\cssh\cssh.tests\bin\debug\net10.0\cssh.tests.dll" id="dc26f637-bb05-399a-ccef-ba1595660cd7">
      <Execution id="9aca4aec-ed00-4d1d-9e49-b624dd6e39f6" />
      <TestMethod codeBase="D:\workspace\Cssh\cssh.Tests\bin\Debug\net10.0\cssh.Tests.dll" adapterTypeName="executor://xunit/VsTestRunner3/netcore/" className="CommandParserTests" name="ParseSequence_ShouldHandleCommandWithMultipleArguments_AndRedirect" />
    </UnitTest>
    <UnitTest name="CommandRunnerTests.Run_Echo_ShouldNotExpandInSingleQuotes" storage="d:\workspace\cssh\cssh.tests\bin\debug\net10.0\cssh.tests.dll" id="1232cd8f-6794-9630-6f74-efb5674ef505">
      <Execution id="ac8ea2f1-fa21-4303-bd41-d79d9349a1f8" />
      <TestMethod codeBase="D:\workspace\Cssh\cssh.Tests\bin\Debug\net10.0\cssh.Tests.dll" adapterTypeName="executor://xunit/VsTestRunner3/netcore/" className="CommandRunnerTests" name="Run_Echo_ShouldNotExpandInSingleQuotes" />
    </UnitTest>
    <UnitTest name="CommandParserTests.Parse_ShouldHandleMultipleArguments" storage="d:\workspace\cssh\cssh.tests\bin\debug\net10.0\cssh.tests.dll" id="6fdf84c8-3620-8cf0-d0a0-2e162979289a">
      <Execution id="f7cdc450-1d77-4ef3-bb65-df199df96400" />
      <TestMethod codeBase="D:\workspace\Cssh\cssh.Tests\bin\Debug\net10.0\cssh.Tests.dll" adapterTypeName="executor://xunit/VsTestRunner3/netcore/" className="CommandParserTests" name="Parse_ShouldHandleMultipleArguments" />
    </UnitTest>
    <UnitTest name="CommandRunnerTests.Run_Pipeline_EchoToCat_ShouldTransmitData" storage="d:\workspace\cssh\cssh.tests\bin\debug\net10.0\cssh.tests.dll" id="5fa8e9c4-863d-7d78-70ee-11cb4ddeaf01">
      <Execution id="06d69970-c632-413e-8dfb-0cdbc3326561" />
      <TestMethod codeBase="D:\workspace\Cssh\cssh.Tests\bin\Debug\net10.0\cssh.Tests.dll" adapterTypeName="executor://xunit/VsTestRunner3/netcore/" className="CommandRunnerTests" name="Run_Pipeline_EchoToCat_ShouldTransmitData" />
    </UnitTest>
    <UnitTest name="CommandParserTests.Parse_ShouldHandleSingleQuotedArguments_WithSpaces" storage="d:\workspace\cssh\cssh.tests\bin\debug\net10.0\cssh.tests.dll" id="c77203b6-68fc-fbfb-d2d4-cfe1afd94eb3">
      <Execution id="bcb44e32-8936-4f0f-827f-0cc205771a65" />
      <TestMethod codeBase="D:\workspace\Cssh\cssh.Tests\bin\Debug\net10.0\cssh.Tests.dll" adapterTypeName="executor://xunit/VsTestRunner3/netcore/" className="CommandParserTests" name="Parse_ShouldHandleSingleQuotedArguments_WithSpaces" />
    </UnitTest>
    <UnitTest name="ShellOperatorsTests.Operator_InputRedirect_ShouldReadFileContent" storage="d:\workspace\cssh\cssh.tests\bin\debug\net10.0\cssh.tests.dll" id="d5a93c5f-6da6-98d3-8edc-dececfe16d6a">
      <Execution id="31491aa2-2839-4413-a074-8de612b00854" />
      <TestMethod codeBase="D:\workspace\Cssh\cssh.Tests\bin\Debug\net10.0\cssh.Tests.dll" adapterTypeName="executor://xunit/VsTestRunner3/netcore/" className="ShellOperatorsTests" name="Operator_InputRedirect_ShouldReadFileContent" />
    </UnitTest>
    <UnitTest name="PathAndQuotingTests.Quotes_DoubleQuoted_StringWithSpaces" storage="d:\workspace\cssh\cssh.tests\bin\debug\net10.0\cssh.tests.dll" id="23f20d56-9f0b-a334-584f-c5c81d7ab8eb">
      <Execution id="86e67d28-a957-4fd0-93b3-6b47bd428f9b" />
      <TestMethod codeBase="D:\workspace\Cssh\cssh.Tests\bin\Debug\net10.0\cssh.Tests.dll" adapterTypeName="executor://xunit/VsTestRunner3/netcore/" className="PathAndQuotingTests" name="Quotes_DoubleQuoted_StringWithSpaces" />
    </UnitTest>
    <UnitTest name="AliasAndHistoryTests.Unalias_RemovesAlias" storage="d:\workspace\cssh\cssh.tests\bin\debug\net10.0\cssh.tests.dll" id="1ce8f6aa-36c4-4a54-0a83-7c79e05bcf38">
      <Execution id="973ac39b-b8dc-4e54-93a9-7aebec1de9c1" />
      <TestMethod codeBase="D:\workspace\Cssh\cssh.Tests\bin\Debug\net10.0\cssh.Tests.dll" adapterTypeName="executor://xunit/VsTestRunner3/netcore/" className="AliasAndHistoryTests" name="Unalias_RemovesAlias" />
    </UnitTest>
    <UnitTest name="PathAndQuotingTests.Redirect_RelativePath_DotSlash" storage="d:\workspace\cssh\cssh.tests\bin\debug\net10.0\cssh.tests.dll" id="aa30a654-5397-53c1-922b-f34f56014cee">
      <Execution id="5553638a-7fd6-4477-8454-75605f9d86ef" />
      <TestMethod codeBase="D:\workspace\Cssh\cssh.Tests\bin\Debug\net10.0\cssh.Tests.dll" adapterTypeName="executor://xunit/VsTestRunner3/netcore/" className="PathAndQuotingTests" name="Redirect_RelativePath_DotSlash" />
    </UnitTest>
    <UnitTest name="ShellOperatorsTests.Spec_ShouldNotSupportBackgroundExecution" storage="d:\workspace\cssh\cssh.tests\bin\debug\net10.0\cssh.tests.dll" id="a35a328d-ffb3-ee25-b761-daf47599440e">
      <Execution id="7ea58bf4-5f8b-477d-84d7-ab3c5487c96e" />
      <TestMethod codeBase="D:\workspace\Cssh\cssh.Tests\bin\Debug\net10.0\cssh.Tests.dll" adapterTypeName="executor://xunit/VsTestRunner3/netcore/" className="ShellOperatorsTests" name="Spec_ShouldNotSupportBackgroundExecution" />
    </UnitTest>
    <UnitTest name="ShellOperatorsTests.Operator_OutputRedirect_ShouldCreateNewFile" storage="d:\workspace\cssh\cssh.tests\bin\debug\net10.0\cssh.tests.dll" id="fcc0ba15-0e1d-cf41-f4ec-eb16678087c0">
      <Execution id="73432cef-8409-4f79-adc9-e9013c8a8865" />
      <TestMethod codeBase="D:\workspace\Cssh\cssh.Tests\bin\Debug\net10.0\cssh.Tests.dll" adapterTypeName="executor://xunit/VsTestRunner3/netcore/" className="ShellOperatorsTests" name="Operator_OutputRedirect_ShouldCreateNewFile" />
    </UnitTest>
    <UnitTest name="PathAndQuotingTests.QuotedPath_SingleQuotes_ShouldPreserveSpaces" storage="d:\workspace\cssh\cssh.tests\bin\debug\net10.0\cssh.tests.dll" id="a8d67a16-8795-8011-6c47-5b7fa2693d58">
      <Execution id="b4cb11ad-2785-426d-83ee-65f9d9ee2068" />
      <TestMethod codeBase="D:\workspace\Cssh\cssh.Tests\bin\Debug\net10.0\cssh.Tests.dll" adapterTypeName="executor://xunit/VsTestRunner3/netcore/" className="PathAndQuotingTests" name="QuotedPath_SingleQuotes_ShouldPreserveSpaces" />
    </UnitTest>
    <UnitTest name="PathAndQuotingTests.Path_UNCPath_Windows" storage="d:\workspace\cssh\cssh.tests\bin\debug\net10.0\cssh.tests.dll" id="9ba399b0-cce4-a11d-55e9-0634e6d797dc">
      <Execution id="862d7b25-b370-4839-bd3c-ebac8de3aa15" />
      <TestMethod codeBase="D:\workspace\Cssh\cssh.Tests\bin\Debug\net10.0\cssh.Tests.dll" adapterTypeName="executor://xunit/VsTestRunner3/netcore/" className="PathAndQuotingTests" name="Path_UNCPath_Windows" />
    </UnitTest>
    <UnitTest name="cssh.Tests.CsshConstantsTests.Version_ShouldBe_v021" storage="d:\workspace\cssh\cssh.tests\bin\debug\net10.0\cssh.tests.dll" id="04a3c010-d6d2-2e0e-d94b-1cd3e6c16411">
      <Execution id="2207f9bf-5dd7-485c-b9f0-8b4e518499bc" />
      <TestMethod codeBase="D:\workspace\Cssh\cssh.Tests\bin\Debug\net10.0\cssh.Tests.dll" adapterTypeName="executor://xunit/VsTestRunner3/netcore/" className="cssh.Tests.CsshConstantsTests" name="Version_ShouldBe_v021" />
    </UnitTest>
    <UnitTest name="PathAndQuotingTests.Path_WindowsStyle_ShouldAcceptBackslash" storage="d:\workspace\cssh\cssh.tests\bin\debug\net10.0\cssh.tests.dll" id="c0af3f68-437b-f6f3-ab0e-4ff0f2e7daef">
      <Execution id="3bdb904f-43d4-4de7-a1ca-e540008186a2" />
      <TestMethod codeBase="D:\workspace\Cssh\cssh.Tests\bin\Debug\net10.0\cssh.Tests.dll" adapterTypeName="executor://xunit/VsTestRunner3/netcore/" className="PathAndQuotingTests" name="Path_WindowsStyle_ShouldAcceptBackslash" />
    </UnitTest>
    <UnitTest name="CommandParserTests.Parse_ShouldReturnEmptyCommand_WhenInputIsEmpty" storage="d:\workspace\cssh\cssh.tests\bin\debug\net10.0\cssh.tests.dll" id="02ebb9b1-60dd-2eba-f0a5-3425fce62c07">
      <Execution id="ed39ba41-65ee-48b4-bf43-7d9ae5912ae4" />
      <TestMethod codeBase="D:\workspace\Cssh\cssh.Tests\bin\Debug\net10.0\cssh.Tests.dll" adapterTypeName="executor://xunit/VsTestRunner3/netcore/" className="CommandParserTests" name="Parse_ShouldReturnEmptyCommand_WhenInputIsEmpty" />
    </UnitTest>
    <UnitTest name="CommandParserTests.ParseSequence_ShouldParseOutputRedirect_Append" storage="d:\workspace\cssh\cssh.tests\bin\debug\net10.0\cssh.tests.dll" id="4fa49db2-3b32-d4a4-7356-eed0606e851c">
      <Execution id="fe8dde35-2ae0-4aec-b127-d1e8a33650ad" />
      <TestMethod codeBase="D:\workspace\Cssh\cssh.Tests\bin\Debug\net10.0\cssh.Tests.dll" adapterTypeName="executor://xunit/VsTestRunner3/netcore/" className="CommandParserTests" name="ParseSequence_ShouldParseOutputRedirect_Append" />
    </UnitTest>
    <UnitTest name="CommandParserTests.Parse_ShouldReturnCommandName_WhenOnlyCommandGiven" storage="d:\workspace\cssh\cssh.tests\bin\debug\net10.0\cssh.tests.dll" id="1f2d4986-7ff9-4c8e-a504-498f87785c45">
      <Execution id="20368168-9d43-4f19-aa8d-251a3e45fef1" />
      <TestMethod codeBase="D:\workspace\Cssh\cssh.Tests\bin\Debug\net10.0\cssh.Tests.dll" adapterTypeName="executor://xunit/VsTestRunner3/netcore/" className="CommandParserTests" name="Parse_ShouldReturnCommandName_WhenOnlyCommandGiven" />
    </UnitTest>
    <UnitTest name="PathAndQuotingTests.Path_LongPath_WindowsStyle" storage="d:\workspace\cssh\cssh.tests\bin\debug\net10.0\cssh.tests.dll" id="a8d3eeaf-66ea-fd56-170a-1a5682d3aa9f">
      <Execution id="494c72bf-6905-4e3c-abea-6b407b4fe1df" />
      <TestMethod codeBase="D:\workspace\Cssh\cssh.Tests\bin\Debug\net10.0\cssh.Tests.dll" adapterTypeName="executor://xunit/VsTestRunner3/netcore/" className="PathAndQuotingTests" name="Path_LongPath_WindowsStyle" />
    </UnitTest>
    <UnitTest name="CommandParserTests.Parse_ShouldHandleDoubleQuotedArguments_WithSpaces" storage="d:\workspace\cssh\cssh.tests\bin\debug\net10.0\cssh.tests.dll" id="22eebdb8-af43-1e96-e75e-dddb2af6bc41">
      <Execution id="1aa859ac-d482-47a0-927a-7870943e7a8b" />
      <TestMethod codeBase="D:\workspace\Cssh\cssh.Tests\bin\Debug\net10.0\cssh.Tests.dll" adapterTypeName="executor://xunit/VsTestRunner3/netcore/" className="CommandParserTests" name="Parse_ShouldHandleDoubleQuotedArguments_WithSpaces" />
    </UnitTest>
    <UnitTest name="CommandRunnerTests.Run_EmptyInput_ShouldHandleGracefully" storage="d:\workspace\cssh\cssh.tests\bin\debug\net10.0\cssh.tests.dll" id="00dd2fa6-720c-060f-05a8-116ced63f5cf">
      <Execution id="8ded4d2b-d793-4432-b30c-2eeeb3723162" />
[...]
    <TestEntry testId="9ba399b0-cce4-a11d-55e9-0634e6d797dc" executionId="862d7b25-b370-4839-bd3c-ebac8de3aa15" testListId="8c84fa94-04c1-424b-9868-57a2d4851a1d" />
    <TestEntry testId="6e839e88-025a-019c-a501-0d9adbad498e" executionId="1b5e8896-55d5-4920-afc9-9666a6f830ea" testListId="8c84fa94-04c1-424b-9868-57a2d4851a1d" />
    <TestEntry testId="87f48ceb-9c8a-da56-fcc8-5d147a19c702" executionId="b36792f2-f70c-4ea4-acbf-77da1e9b1fab" testListId="8c84fa94-04c1-424b-9868-57a2d4851a1d" />
    <TestEntry testId="e646dbad-4a8b-29db-fd84-ce3343493d68" executionId="311ea720-1f3a-40a4-8d42-65ffead22696" testListId="8c84fa94-04c1-424b-9868-57a2d4851a1d" />
    <TestEntry testId="17ad0023-bc12-9f24-12e0-9a4dea5ff970" executionId="b4cd6e83-23a3-4721-b277-cc4ad19c06ea" testListId="8c84fa94-04c1-424b-9868-57a2d4851a1d" />
    <TestEntry testId="74c9a553-b169-a189-b3d3-76ad3610165a" executionId="2be234a6-8229-423b-a4e5-bc498ec413a3" testListId="8c84fa94-04c1-424b-9868-57a2d4851a1d" />
    <TestEntry testId="4ecb264c-91ca-c30a-08b2-9153e31285fc" executionId="999aa8bd-a77f-4acd-8fc5-41cb58924d3e" testListId="8c84fa94-04c1-424b-9868-57a2d4851a1d" />
    <TestEntry testId="b4732b29-1f73-2fd5-3968-071712656f59" executionId="8d3b2100-b55e-4713-83ac-9a171be2ee15" testListId="8c84fa94-04c1-424b-9868-57a2d4851a1d" />
    <TestEntry testId="aa30a654-5397-53c1-922b-f34f56014cee" executionId="5553638a-7fd6-4477-8454-75605f9d86ef" testListId="8c84fa94-04c1-424b-9868-57a2d4851a1d" />
    <TestEntry testId="14d10dca-0e27-4108-3663-d0dc892074ea" executionId="b408b578-04a8-482c-b616-2998afb12ca7" testListId="8c84fa94-04c1-424b-9868-57a2d4851a1d" />
    <TestEntry testId="00dd2fa6-720c-060f-05a8-116ced63f5cf" executionId="8ded4d2b-d793-4432-b30c-2eeeb3723162" testListId="8c84fa94-04c1-424b-9868-57a2d4851a1d" />
    <TestEntry testId="1a3a9935-32f6-6c14-e25f-e3336fcb7456" executionId="9b7bac77-91b6-4d52-9d39-45c2f56cb3c6" testListId="8c84fa94-04c1-424b-9868-57a2d4851a1d" />
    <TestEntry testId="eb1b1825-db05-6e01-01de-3984cddd022f" executionId="1f3b21a9-82ae-403e-83de-862b172b9092" testListId="8c84fa94-04c1-424b-9868-57a2d4851a1d" />
    <TestEntry testId="1ce8f6aa-36c4-4a54-0a83-7c79e05bcf38" executionId="973ac39b-b8dc-4e54-93a9-7aebec1de9c1" testListId="8c84fa94-04c1-424b-9868-57a2d4851a1d" />
    <TestEntry testId="6a4a73b6-e8b9-fea2-63d9-47871d0cbc2b" executionId="f41aa25a-de44-4e59-a115-6eb04da01d95" testListId="8c84fa94-04c1-424b-9868-57a2d4851a1d" />
    <TestEntry testId="248bee9d-152f-8a31-d391-c5bf2855c0cd" executionId="2edd3e8a-2469-4b55-bce8-35be575c59a1" testListId="8c84fa94-04c1-424b-9868-57a2d4851a1d" />
    <TestEntry testId="365b05db-75d9-48cb-5b9c-163277034535" executionId="a28e54eb-c444-4463-a421-86e9e2110c14" testListId="8c84fa94-04c1-424b-9868-57a2d4851a1d" />
    <TestEntry testId="23f20d56-9f0b-a334-584f-c5c81d7ab8eb" executionId="86e67d28-a957-4fd0-93b3-6b47bd428f9b" testListId="8c84fa94-04c1-424b-9868-57a2d4851a1d" />
    <TestEntry testId="0a3fcee8-f12e-1aeb-92c8-82a19704f8ac" executionId="9780706b-5155-4a49-82fe-3a9462c555ba" testListId="8c84fa94-04c1-424b-9868-57a2d4851a1d" />
    <TestEntry testId="6fdf84c8-3620-8cf0-d0a0-2e162979289a" executionId="f7cdc450-1d77-4ef3-bb65-df199df96400" testListId="8c84fa94-04c1-424b-9868-57a2d4851a1d" />
    <TestEntry testId="a3317203-d04c-abb9-572b-64eebb572bc2" executionId="584a122d-489b-4b22-9d08-f2fa3912cb46" testListId="8c84fa94-04c1-424b-9868-57a2d4851a1d" />
    <TestEntry testId="c2917bc2-a6bd-d130-8ae0-c55f1de3f700" executionId="8e073570-d186-426a-81f7-49f7f7fc98f9" testListId="8c84fa94-04c1-424b-9868-57a2d4851a1d" />
    <TestEntry testId="f0450f10-a75c-a929-c921-2606830580d2" executionId="c733e654-f28a-4b24-aec1-02b5f3d0d4b3" testListId="8c84fa94-04c1-424b-9868-57a2d4851a1d" />
    <TestEntry testId="9a41acfd-9872-061f-c3fe-6d6cfcf427da" executionId="ac22e1a7-19a0-48b4-8d8d-1a83508a1ebb" testListId="8c84fa94-04c1-424b-9868-57a2d4851a1d" />
    <TestEntry testId="328c91f3-c127-5a57-f42b-8b6f64e45b3a" executionId="4ab427a8-f618-4b55-b7c3-f2d6002bd593" testListId="8c84fa94-04c1-424b-9868-57a2d4851a1d" />
    <TestEntry testId="98695dc8-c18a-8725-d0be-07a5fb1f3ba2" executionId="871c779c-1f72-4dfa-bb78-97d80d6e8781" testListId="8c84fa94-04c1-424b-9868-57a2d4851a1d" />
    <TestEntry testId="1d19f6c2-5b39-706e-569a-9f2781dfc870" executionId="b240d4fe-5e3e-4999-b441-2d97a37f3881" testListId="8c84fa94-04c1-424b-9868-57a2d4851a1d" />
    <TestEntry testId="a8d67a16-8795-8011-6c47-5b7fa2693d58" executionId="b4cb11ad-2785-426d-83ee-65f9d9ee2068" testListId="8c84fa94-04c1-424b-9868-57a2d4851a1d" />
    <TestEntry testId="a4b7e44b-facb-baf4-da65-d6f890f010b5" executionId="470fe3be-1aae-4ac2-bca0-4c374fb72e20" testListId="8c84fa94-04c1-424b-9868-57a2d4851a1d" />
    <TestEntry testId="26c9fd67-c060-cff9-315b-fec4f546fa15" executionId="bcc1f123-d34d-41c3-9376-b09595ff6c7c" testListId="8c84fa94-04c1-424b-9868-57a2d4851a1d" />
    <TestEntry testId="a66c246b-7072-834d-269c-b26522b46fe9" executionId="1b3a8888-6337-4e98-887f-515a7f328ec5" testListId="8c84fa94-04c1-424b-9868-57a2d4851a1d" />
    <TestEntry testId="ef609a78-d027-2551-9452-0f95f902dc9b" executionId="1e7fb25e-7b45-40d0-980c-7458770d180a" testListId="8c84fa94-04c1-424b-9868-57a2d4851a1d" />
    <TestEntry testId="ab89fc9c-16dc-a03e-b796-13a3a2f5abc0" executionId="d88601ef-44a7-4c22-9ae0-f4696642842a" testListId="8c84fa94-04c1-424b-9868-57a2d4851a1d" />
    <TestEntry testId="1232cd8f-6794-9630-6f74-efb5674ef505" executionId="ac8ea2f1-fa21-4303-bd41-d79d9349a1f8" testListId="8c84fa94-04c1-424b-9868-57a2d4851a1d" />
    <TestEntry testId="02ebb9b1-60dd-2eba-f0a5-3425fce62c07" executionId="ed39ba41-65ee-48b4-bf43-7d9ae5912ae4" testListId="8c84fa94-04c1-424b-9868-57a2d4851a1d" />
    <TestEntry testId="c77203b6-68fc-fbfb-d2d4-cfe1afd94eb3" executionId="bcb44e32-8936-4f0f-827f-0cc205771a65" testListId="8c84fa94-04c1-424b-9868-57a2d4851a1d" />
    <TestEntry testId="4ebdb19a-301d-db00-97e5-268560832e2c" executionId="d7403bc7-f1e5-44f6-9976-a22e8dafb193" testListId="8c84fa94-04c1-424b-9868-57a2d4851a1d" />
    <TestEntry testId="2b0b64b7-436e-71f2-9376-54350e403eb7" executionId="1be00631-76d8-4804-a40a-c50f056a2427" testListId="8c84fa94-04c1-424b-9868-57a2d4851a1d" />
    <TestEntry testId="4ee8ff93-3867-f4e7-b2e8-3b166f897a1b" executionId="9f0fdb52-9b2b-4f9a-b038-615b93e0ea09" testListId="8c84fa94-04c1-424b-9868-57a2d4851a1d" />
    <TestEntry testId="56a0364e-e50a-9457-d7cd-85a2d0a1c888" executionId="42781b42-f628-4cb9-a2e7-e7949c6a4d7a" testListId="8c84fa94-04c1-424b-9868-57a2d4851a1d" />
    <TestEntry testId="1d8bddc6-85ef-95f5-ed6b-5aaa44dcf95f" executionId="e524d183-3068-4bcc-98e5-fca4df2e3c9e" testListId="8c84fa94-04c1-424b-9868-57a2d4851a1d" />
    <TestEntry testId="4595eea4-0400-f349-4407-ea9819b8b8ed" executionId="0b27267e-49d2-4b0a-8c11-2028729a79fe" testListId="8c84fa94-04c1-424b-9868-57a2d4851a1d" />
    <TestEntry testId="9041f042-888e-7a2c-d034-81262802f635" executionId="db5fbe65-616f-4825-bd6c-302fdeb0bca6" testListId="8c84fa94-04c1-424b-9868-57a2d4851a1d" />
    <TestEntry testId="f6ddda31-6e22-774f-c974-70ae493e6667" executionId="b797896b-f72c-4531-8bd5-95624aa34201" testListId="8c84fa94-04c1-424b-9868-57a2d4851a1d" />
    <TestEntry testId="1acdc59e-167c-e1fc-3f67-27a5ba2c8570" executionId="34251384-51b9-4242-a690-0f9652c404ef" testListId="8c84fa94-04c1-424b-9868-57a2d4851a1d" />
    <TestEntry testId="6dcf314b-d958-71b5-100b-7d286b4a1ad9" executionId="b540e8ad-d3e2-4957-9d33-e903b1eaa373" testListId="8c84fa94-04c1-424b-9868-57a2d4851a1d" />
    <TestEntry testId="043eeb3b-583d-2ec4-7ff7-952a06281d66" executionId="a6660edf-0929-4d95-b859-e6da92ef0962" testListId="8c84fa94-04c1-424b-9868-57a2d4851a1d" />
    <TestEntry testId="fcc0ba15-0e1d-cf41-f4ec-eb16678087c0" executionId="73432cef-8409-4f79-adc9-e9013c8a8865" testListId="8c84fa94-04c1-424b-9868-57a2d4851a1d" />
    <TestEntry testId="61b8495d-d629-6c50-9929-74ac3190ec5c" executionId="7ece462a-8c5b-412e-9b49-4c24dfe31891" testListId="8c84fa94-04c1-424b-9868-57a2d4851a1d" />
    <TestEntry testId="f923e228-eff5-042a-b194-349970971a81" executionId="45265149-60a2-4853-a0cb-e51504cb326a" testListId="8c84fa94-04c1-424b-9868-57a2d4851a1d" />
    <TestEntry testId="22eebdb8-af43-1e96-e75e-dddb2af6bc41" executionId="1aa859ac-d482-47a0-927a-7870943e7a8b" testListId="8c84fa94-04c1-424b-9868-57a2d4851a1d" />
    <TestEntry testId="cc1d1cad-e8f7-c759-13d5-311c0c76fbb9" executionId="c2ca6ae6-c760-4e72-b7eb-e29d74b34f1b" testListId="8c84fa94-04c1-424b-9868-57a2d4851a1d" />
    <TestEntry testId="d5a93c5f-6da6-98d3-8edc-dececfe16d6a" executionId="31491aa2-2839-4413-a074-8de612b00854" testListId="8c84fa94-04c1-424b-9868-57a2d4851a1d" />
    <TestEntry testId="b194bc36-f91a-a1f2-f907-7fffb62a71fd" executionId="e7f7c9fc-b7da-4129-a1f0-7e19eebdbcff" testListId="8c84fa94-04c1-424b-9868-57a2d4851a1d" />
    <TestEntry testId="9860960c-5bcf-35c2-3148-c559fb781d57" executionId="91200926-0691-4b27-9b38-220a7d35372b" testListId="8c84fa94-04c1-424b-9868-57a2d4851a1d" />
    <TestEntry testId="bea24fe3-4e05-0a10-c87b-c4589e947e4b" executionId="445ef493-82b8-4541-b0e0-64d75aeff4f6" testListId="8c84fa94-04c1-424b-9868-57a2d4851a1d" />
    <TestEntry testId="e8ba5ae8-5939-edda-501d-34bf35e3d15d" executionId="4b41104a-ae8d-4b1c-9570-e6dc8764d5a9" testListId="8c84fa94-04c1-424b-9868-57a2d4851a1d" />
    <TestEntry testId="4fa49db2-3b32-d4a4-7356-eed0606e851c" executionId="fe8dde35-2ae0-4aec-b127-d1e8a33650ad" testListId="8c84fa94-04c1-424b-9868-57a2d4851a1d" />
    <TestEntry testId="abec36e0-4180-960b-e190-9deb9d120f2e" executionId="3aa0c780-e7dd-4c74-b5cc-15bb4fe0ddb6" testListId="8c84fa94-04c1-424b-9868-57a2d4851a1d" />
    <TestEntry testId="e1b1855c-a03d-4419-9f44-039a50fb0a60" executionId="384d5722-d9c6-4f81-b7ae-57f66fb02b6e" testListId="8c84fa94-04c1-424b-9868-57a2d4851a1d" />
    <TestEntry testId="a35a328d-ffb3-ee25-b761-daf47599440e" executionId="7ea58bf4-5f8b-477d-84d7-ab3c5487c96e" testListId="8c84fa94-04c1-424b-9868-57a2d4851a1d" />
    <TestEntry testId="9687b957-83cf-e373-9d64-9dc1064cc087" executionId="3210975f-96d0-4abe-b003-87f16caf372d" testListId="8c84fa94-04c1-424b-9868-57a2d4851a1d" />
    <TestEntry testId="c0af3f68-437b-f6f3-ab0e-4ff0f2e7daef" executionId="3bdb904f-43d4-4de7-a1ca-e540008186a2" testListId="8c84fa94-04c1-424b-9868-57a2d4851a1d" />
    <TestEntry testId="03b35353-c0d5-3a49-9b57-a78b115261f6" executionId="014b08f5-9db9-4f76-9167-4f4599107c60" testListId="8c84fa94-04c1-424b-9868-57a2d4851a1d" />
    <TestEntry testId="49a205ab-c847-2ec3-f235-3ddbc3de35ce" executionId="fc6d25a3-1a02-471a-a25a-6a29f07056a6" testListId="8c84fa94-04c1-424b-9868-57a2d4851a1d" />
    <TestEntry testId="fbcfd3ca-221d-1ff3-0e74-18b60dfc6a05" executionId="b87d3153-2373-4ee0-8afe-55253c638066" testListId="8c84fa94-04c1-424b-9868-57a2d4851a1d" />
    <TestEntry testId="60a7026f-07f1-f639-e861-eed3367d03a8" executionId="1ac78640-7632-424f-bba4-e03104346789" testListId="8c84fa94-04c1-424b-9868-57a2d4851a1d" />
    <TestEntry testId="25477407-db94-e9f4-28ce-692b229693be" executionId="c603688c-b0de-42a8-8d06-3ce8b48d422f" testListId="8c84fa94-04c1-424b-9868-57a2d4851a1d" />
    <TestEntry testId="7dfae08c-c0e5-8c48-0f22-a117b5ff80f9" executionId="8936d060-8f13-44ed-b5fe-3c1265aaf197" testListId="8c84fa94-04c1-424b-9868-57a2d4851a1d" />
    <TestEntry testId="952f279b-e212-00c4-7377-5a70eef6cc1d" executionId="44b63866-cc4d-4742-860e-85ee4cce1973" testListId="8c84fa94-04c1-424b-9868-57a2d4851a1d" />
    <TestEntry testId="adda8d73-15f5-09ef-628e-b72119783843" executionId="fb1c834a-5c4c-47d3-951e-dcbf971eddd1" testListId="8c84fa94-04c1-424b-9868-57a2d4851a1d" />
    <TestEntry testId="1ff05742-c374-4341-9f2b-39035b70dba9" executionId="3d83c1b2-7096-40f2-ab62-ec4346345aa6" testListId="8c84fa94-04c1-424b-9868-57a2d4851a1d" />
    <TestEntry testId="29889314-27ea-b8ca-fe81-1d4996b4d0f6" executionId="1ca587d7-f86b-49b2-8398-68f3a56dd658" testListId="8c84fa94-04c1-424b-9868-57a2d4851a1d" />
    <TestEntry testId="d202c20e-9124-be4a-6a01-e37b7f4c8f39" executionId="653f9c74-2f6d-4180-91d3-ad6f01461796" testListId="8c84fa94-04c1-424b-9868-57a2d4851a1d" />
    <TestEntry testId="87038aa1-05d1-066f-1980-b29053acc77c" executionId="1b946fe2-6eef-4b45-9d5d-b8df4cbce9c5" testListId="8c84fa94-04c1-424b-9868-57a2d4851a1d" />
    <TestEntry testId="bb33f3be-2bcd-516b-8be9-0d2765c6d361" executionId="34fc1367-50a1-46b3-9922-6b019ad62c2d" testListId="8c84fa94-04c1-424b-9868-57a2d4851a1d" />
    <TestEntry testId="c4293865-c6e8-8886-9f69-2d9922711ef3" executionId="0e0bb74a-246e-40cc-96eb-51293cce000a" testListId="8c84fa94-04c1-424b-9868-57a2d4851a1d" />
    <TestEntry testId="dc26f637-bb05-399a-ccef-ba1595660cd7" executionId="9aca4aec-ed00-4d1d-9e49-b624dd6e39f6" testListId="8c84fa94-04c1-424b-9868-57a2d4851a1d" />
    <TestEntry testId="9d1f24d6-c1f1-f9ea-3765-4a97405f22ac" executionId="1fd11dd5-2048-4a51-9ed0-67460a1d23cb" testListId="8c84fa94-04c1-424b-9868-57a2d4851a1d" />
    <TestEntry testId="ce5c361a-c9fd-4ffe-e4e6-2d5a35b011bf" executionId="efe020e7-c80b-41c4-b871-57fed432ffd9" testListId="8c84fa94-04c1-424b-9868-57a2d4851a1d" />
    <TestEntry testId="1f2d4986-7ff9-4c8e-a504-498f87785c45" executionId="20368168-9d43-4f19-aa8d-251a3e45fef1" testListId="8c84fa94-04c1-424b-9868-57a2d4851a1d" />
    <TestEntry testId="1de90115-ad66-2f5d-b07c-b924a10c4bde" executionId="2bfe7d70-301e-4f5b-9104-640d2f779247" testListId="8c84fa94-04c1-424b-9868-57a2d4851a1d" />
    <TestEntry testId="cce05e8a-bbe4-92bd-4ee3-7a65f933c6cb" executionId="3a960dd0-d392-47bc-ba3d-f1919a143d0f" testListId="8c84fa94-04c1-424b-9868-57a2d4851a1d" />
    <TestEntry testId="4676d085-e5be-1f59-e738-584e17997c14" executionId="dacb0e73-2865-4da6-af2f-e84383060525" testListId="8c84fa94-04c1-424b-9868-57a2d4851a1d" />
    <TestEntry testId="19f5a540-1330-1b72-8924-34ce6599e694" executionId="1f99ef86-ff57-4344-849f-c31a0976ccee" testListId="8c84fa94-04c1-424b-9868-57a2d4851a1d" />
    <TestEntry testId="04a3c010-d6d2-2e0e-d94b-1cd3e6c16411" executionId="2207f9bf-5dd7-485c-b9f0-8b4e518499bc" testListId="8c84fa94-04c1-424b-9868-57a2d4851a1d" />
    <TestEntry testId="5830c149-c488-708c-2698-dded6c4a8378" executionId="7829c460-4860-4518-9f75-fe048b0e5751" testListId="8c84fa94-04c1-424b-9868-57a2d4851a1d" />
    <TestEntry testId="5b80b727-a92f-b2e5-6a25-f4e9f7c56c7c" executionId="fa5d0543-9f1c-4510-be4b-134653211d64" testListId="8c84fa94-04c1-424b-9868-57a2d4851a1d" />
    <TestEntry testId="8437d8de-fe55-9fde-70eb-95cb12bfd927" executionId="d4ab32fc-54b7-4c65-b1a2-17acab5dcf68" testListId="8c84fa94-04c1-424b-9868-57a2d4851a1d" />
    <TestEntry testId="7c126647-72d5-0d36-f774-8fecf1412d84" executionId="ce978670-93ad-467e-93c1-212fa15d9c21" testListId="8c84fa94-04c1-424b-9868-57a2d4851a1d" />
    <TestEntry testId="4dadcf0a-cd31-0f01-62f5-d1f8b9017db8" executionId="cb70552b-6304-414b-a13b-6d2fc3f92d01" testListId="8c84fa94-04c1-424b-9868-57a2d4851a1d" />
    <TestEntry testId="a8d3eeaf-66ea-fd56-170a-1a5682d3aa9f" executionId="494c72bf-6905-4e3c-abea-6b407b4fe1df" testListId="8c84fa94-04c1-424b-9868-57a2d4851a1d" />
    <TestEntry testId="539c7dbc-a582-8219-7f63-f04dbff34e98" executionId="01d3fefc-0d4a-4e8a-8a41-7a75cfcb5a46" testListId="8c84fa94-04c1-424b-9868-57a2d4851a1d" />
    <TestEntry testId="671afb79-d760-7018-4729-75794d534c72" executionId="c9ca6569-e3d6-4873-8de8-07dd51a11881" testListId="8c84fa94-04c1-424b-9868-57a2d4851a1d" />
    <TestEntry testId="d1489da4-0f22-91ff-c7ba-b785a828f92c" executionId="05a93e71-08c6-4ec8-87c3-cbef3515c0e2" testListId="8c84fa94-04c1-424b-9868-57a2d4851a1d" />
    <TestEntry testId="933b69b5-17dc-c98f-40a6-ec9ee384b597" executionId="84dabeda-51b9-4f58-8e26-48f2b9469dee" testListId="8c84fa94-04c1-424b-9868-57a2d4851a1d" />
    <TestEntry testId="6a1621c9-98c6-7fd7-9d33-f2c187301183" executionId="3ef8058b-26ca-4483-8204-f95c9502cf6a" testListId="8c84fa94-04c1-424b-9868-57a2d4851a1d" />
    <TestEntry testId="47f8273b-b525-d224-19cd-c2ae7facab0b" executionId="ee9f2393-2379-4346-b0c3-2b7030b4082e" testListId="8c84fa94-04c1-424b-9868-57a2d4851a1d" />
    <TestEntry testId="58306f8c-4c45-d110-bf72-7f746f4ef245" executionId="fe0292ad-4eec-4348-8c12-09a31f620e3d" testListId="8c84fa94-04c1-424b-9868-57a2d4851a1d" />
    <TestEntry testId="15249b79-4925-0c55-da8b-f3ea19a5c816" executionId="5d17e08c-f6ab-4b48-9b8b-912870494563" testListId="8c84fa94-04c1-424b-9868-57a2d4851a1d" />
    <TestEntry testId="05676e50-17a0-564f-ce31-e0adff23a62b" executionId="1068e50f-9332-4be8-8752-cd25604f4442" testListId="8c84fa94-04c1-424b-9868-57a2d4851a1d" />
    <TestEntry testId="5fa8e9c4-863d-7d78-70ee-11cb4ddeaf01" executionId="06d69970-c632-413e-8dfb-0cdbc3326561" testListId="8c84fa94-04c1-424b-9868-57a2d4851a1d" />
    <TestEntry testId="aa4db230-bc70-d65b-b6d2-b5e30b2078b3" executionId="f20d4df2-7d83-43e2-8567-2a4f0acc655c" testListId="8c84fa94-04c1-424b-9868-57a2d4851a1d" />
    <TestEntry testId="f7a8c264-c987-867d-c998-1127056f0623" executionId="e2a043dc-00f6-4aba-87f5-e1624d6172c6" testListId="8c84fa94-04c1-424b-9868-57a2d4851a1d" />
    <TestEntry testId="94e5d112-3b62-4248-5e26-4358cc039d7d" executionId="94c3afe2-778e-4d22-860d-5b76779d6b73" testListId="8c84fa94-04c1-424b-9868-57a2d4851a1d" />
    <TestEntry testId="119d9543-299d-50d0-995b-3d9faf8172c1" executionId="ecf1d546-4d0c-4a20-8c7e-58bacab4a284" testListId="8c84fa94-04c1-424b-9868-57a2d4851a1d" />
    <TestEntry testId="6a7bac17-4410-0115-e6b2-52b66efc5eb6" executionId="f2746568-cab8-4070-a8b8-7893efd0ee20" testListId="8c84fa94-04c1-424b-9868-57a2d4851a1d" />
    <TestEntry testId="e87ec400-7208-0f66-508c-1822ce65bb78" executionId="85de44f2-6429-408a-9a9f-dd0cc4cd2b12" testListId="8c84fa94-04c1-424b-9868-57a2d4851a1d" />
    <TestEntry testId="13859ce3-122f-353f-ed87-b91bf99e8ac0" executionId="477f5d1b-f9b1-425c-8f36-b290e30114a7" testListId="8c84fa94-04c1-424b-9868-57a2d4851a1d" />
    <TestEntry testId="4a79a95e-e10e-7ae4-7077-3bf9d5ef4aa4" executionId="1026c38c-3091-4828-90c6-634383d14dac" testListId="8c84fa94-04c1-424b-9868-57a2d4851a1d" />
    <TestEntry testId="6dfba341-0a79-0ad3-788c-1ad2d9dcfa5c" executionId="d251a8bc-60a8-4426-909d-08f24b37aa1b" testListId="8c84fa94-04c1-424b-9868-57a2d4851a1d" />
    <TestEntry testId="4d8c2b76-a547-3002-489e-a1b22eb1170b" executionId="49a8c704-add6-4138-9dbf-119e51ccb6b9" testListId="8c84fa94-04c1-424b-9868-57a2d4851a1d" />
    <TestEntry testId="b90ebf4b-363a-f307-8584-40e7bf475689" executionId="3688a405-849d-4c57-a425-10cef225aafe" testListId="8c84fa94-04c1-424b-9868-57a2d4851a1d" />
    <TestEntry testId="15510086-d034-7f02-9b3c-70ca6a663bc8" executionId="26bece66-eaee-42d7-a6e0-dd46124fbb7a" testListId="8c84fa94-04c1-424b-9868-57a2d4851a1d" />
    <TestEntry testId="87d50cba-2192-bdf3-0d46-1275198e8862" executionId="6cb81404-84d5-4769-be8c-bb7d05a6bf29" testListId="8c84fa94-04c1-424b-9868-57a2d4851a1d" />
  </TestEntries>
  <TestLists>
    <TestList name="一覧に存在しない結果" id="8c84fa94-04c1-424b-9868-57a2d4851a1d" />
    <TestList name="読み込まれたすべての結果" id="19431567-8539-422a-85d7-44ee4e166bda" />
  </TestLists>
  <ResultSummary outcome="Completed">
    <Counters total="116" executed="116" passed="116" failed="0" error="0" timeout="0" aborted="0" inconclusive="0" passedButRunAborted="0" notRunnable="0" notExecuted="0" disconnected="0" warning="0" completed="0" inProgress="0" pending="0" />
    <Output>
      <StdOut>[xUnit.net 00:00:00.00] xUnit.net VSTest Adapter v3.1.4+50e68bbb8b (64-bit .NET 10.0.1)&#xD;
[xUnit.net 00:00:00.09]   Discovering: cssh.Tests&#xD;
[xUnit.net 00:00:00.15]   Discovered:  cssh.Tests&#xD;
[xUnit.net 00:00:00.18]   Starting:    cssh.Tests&#xD;
Redirect error: Could not find a part of the path 'D:\invalid\path\file.txt'.&#xD;
[xUnit.net 00:00:00.55]   Finished:    cssh.Tests&#xD;
</StdOut>
    </Output>
  </ResultSummary>
</TestRun>