<?xml version="1.0" encoding="utf-8"?>
<TestRun id="4fb112c5-9e09-4aec-9dc9-270f27c12020" name="tadna@HP405G8 2026-01-13 09:24:19" runUser="HP405G8\tadna" xmlns="http://microsoft.com/schemas/VisualStudio/TeamTest/2010">
  <Times creation="2026-01-13T09:24:19.1790094+09:00" queuing="2026-01-13T09:24:19.1790095+09:00" start="2026-01-13T09:24:17.9641877+09:00" finish="2026-01-13T09:24:19.4369824+09:00" />
  <TestSettings name="default" id="f91b7682-7e40-414e-845d-17f5e169018f">
    <Deployment runDeploymentRoot="tadna_HP405G8_2026-01-13_09_24_19" />
  </TestSettings>
  <Results>
    <UnitTestResult executionId="2a874500-eaa4-4598-acd4-afe717172100" testId="b90ebf4b-363a-f307-8584-40e7bf475689" testName="EditModeTests.Quit_ExitsEditMode" computerName="HP405G8" duration="00:00:00.0042367" startTime="2026-01-13T09:24:19.1462317+09:00" endTime="2026-01-13T09:24:19.1474817+09:00" testType="13cdc9d9-ddb5-4fa4-a97d-d965ccfc6d4b" outcome="Passed" testListId="8c84fa94-04c1-424b-9868-57a2d4851a1d" relativeResultsDirectory="2a874500-eaa4-4598-acd4-afe717172100" />
    <UnitTestResult executionId="edfd3394-7a10-4f5d-84b2-0400683c988e" testId="4dadcf0a-cd31-0f01-62f5-d1f8b9017db8" testName="CommandParserTests.ParseSequence_ShouldSplitBySemicolon" computerName="HP405G8" duration="00:00:00.2050016" startTime="2026-01-13T09:24:18.8534455+09:00" endTime="2026-01-13T09:24:19.0757089+09:00" testType="13cdc9d9-ddb5-4fa4-a97d-d965ccfc6d4b" outcome="Passed" testListId="8c84fa94-04c1-424b-9868-57a2d4851a1d" relativeResultsDirectory="edfd3394-7a10-4f5d-84b2-0400683c988e" />
    <UnitTestResult executionId="e1218a8c-90eb-4575-9f2b-2e95c738fad0" testId="4d8c2b76-a547-3002-489e-a1b22eb1170b" testName="cssh.Tests.CsshConstantsTests.DefaultPromptDirTrim_ShouldBe_2" computerName="HP405G8" duration="00:00:00.0001562" startTime="2026-01-13T09:24:19.1270958+09:00" endTime="2026-01-13T09:24:19.1276836+09:00" testType="13cdc9d9-ddb5-4fa4-a97d-d965ccfc6d4b" outcome="Passed" testListId="8c84fa94-04c1-424b-9868-57a2d4851a1d" relativeResultsDirectory="e1218a8c-90eb-4575-9f2b-2e95c738fad0" />
    <UnitTestResult executionId="bee33163-90e2-41b3-b4ae-2fc26fdde487" testId="29889314-27ea-b8ca-fe81-1d4996b4d0f6" testName="ShellOperatorsTests.Operator_AppendRedirect_ShouldAppendToExistingFile" computerName="HP405G8" duration="00:00:00.0060639" startTime="2026-01-13T09:24:19.1402774+09:00" endTime="2026-01-13T09:24:19.1450388+09:00" testType="13cdc9d9-ddb5-4fa4-a97d-d965ccfc6d4b" outcome="Passed" testListId="8c84fa94-04c1-424b-9868-57a2d4851a1d" relativeResultsDirectory="bee33163-90e2-41b3-b4ae-2fc26fdde487" />
    <UnitTestResult executionId="9f801c54-0792-430f-9a8d-4478e33b08fa" testId="a66c246b-7072-834d-269c-b26522b46fe9" testName="CommandParserTests.ParseSequence_ShouldParsePipelineWithArguments" computerName="HP405G8" duration="00:00:00.0002560" startTime="2026-01-13T09:24:19.1485826+09:00" endTime="2026-01-13T09:24:19.1486282+09:00" testType="13cdc9d9-ddb5-4fa4-a97d-d965ccfc6d4b" outcome="Passed" testListId="8c84fa94-04c1-424b-9868-57a2d4851a1d" relativeResultsDirectory="9f801c54-0792-430f-9a8d-4478e33b08fa" />
    <UnitTestResult executionId="de5a0608-fee6-4005-a07c-24d200669863" testId="d202c20e-9124-be4a-6a01-e37b7f4c8f39" testName="EditModeTests.AppendLines_AppendsToBufferAndMarksDirty" computerName="HP405G8" duration="00:00:00.0026512" startTime="2026-01-13T09:24:19.1375579+09:00" endTime="2026-01-13T09:24:19.1441451+09:00" testType="13cdc9d9-ddb5-4fa4-a97d-d965ccfc6d4b" outcome="Passed" testListId="8c84fa94-04c1-424b-9868-57a2d4851a1d" relativeResultsDirectory="de5a0608-fee6-4005-a07c-24d200669863" />
    <UnitTestResult executionId="139f479b-6f02-4d63-99d5-44d97daf3b44" testId="abec36e0-4180-960b-e190-9deb9d120f2e" testName="CommandRunnerTests.Run_Echo_WithOutputRedirectAppend_ShouldAppendToFile" computerName="HP405G8" duration="00:00:00.0221497" startTime="2026-01-13T09:24:19.1894956+09:00" endTime="2026-01-13T09:24:19.2113464+09:00" testType="13cdc9d9-ddb5-4fa4-a97d-d965ccfc6d4b" outcome="Passed" testListId="8c84fa94-04c1-424b-9868-57a2d4851a1d" relativeResultsDirectory="139f479b-6f02-4d63-99d5-44d97daf3b44" />
    <UnitTestResult executionId="b9b3822b-546c-4be8-9b30-4ff1adb53b7e" testId="1ce8f6aa-36c4-4a54-0a83-7c79e05bcf38" testName="AliasAndHistoryTests.Unalias_RemovesAlias" computerName="HP405G8" duration="00:00:00.0092603" startTime="2026-01-13T09:24:19.1336300+09:00" endTime="2026-01-13T09:24:19.1444302+09:00" testType="13cdc9d9-ddb5-4fa4-a97d-d965ccfc6d4b" outcome="Passed" testListId="8c84fa94-04c1-424b-9868-57a2d4851a1d" relativeResultsDirectory="b9b3822b-546c-4be8-9b30-4ff1adb53b7e" />
    <UnitTestResult executionId="d18022fc-7f6c-49b0-93e6-be8d8e66dc94" testId="328c91f3-c127-5a57-f42b-8b6f64e45b3a" testName="ShellOperatorsTests.Operator_Pipe_TwoStages_ShouldChainCorrectly" computerName="HP405G8" duration="00:00:00.0031484" startTime="2026-01-13T09:24:19.1474514+09:00" endTime="2026-01-13T09:24:19.1488975+09:00" testType="13cdc9d9-ddb5-4fa4-a97d-d965ccfc6d4b" outcome="Passed" testListId="8c84fa94-04c1-424b-9868-57a2d4851a1d" relativeResultsDirectory="d18022fc-7f6c-49b0-93e6-be8d8e66dc94" />
    <UnitTestResult executionId="6736de8d-3aff-4305-ad2a-c65f5db86948" testId="c77203b6-68fc-fbfb-d2d4-cfe1afd94eb3" testName="CommandParserTests.Parse_ShouldHandleSingleQuotedArguments_WithSpaces" computerName="HP405G8" duration="00:00:00.0001351" startTime="2026-01-13T09:24:19.1502259+09:00" endTime="2026-01-13T09:24:19.1502554+09:00" testType="13cdc9d9-ddb5-4fa4-a97d-d965ccfc6d4b" outcome="Passed" testListId="8c84fa94-04c1-424b-9868-57a2d4851a1d" relativeResultsDirectory="6736de8d-3aff-4305-ad2a-c65f5db86948" />
    <UnitTestResult executionId="fb319f0a-1ca8-4cd4-be88-085b093fb85e" testId="56a0364e-e50a-9457-d7cd-85a2d0a1c888" testName="CommandParserTests.ParseSequence_ShouldParseMultipleCommandPipeline" computerName="HP405G8" duration="00:00:00.0001986" startTime="2026-01-13T09:24:19.1515126+09:00" endTime="2026-01-13T09:24:19.1516477+09:00" testType="13cdc9d9-ddb5-4fa4-a97d-d965ccfc6d4b" outcome="Passed" testListId="8c84fa94-04c1-424b-9868-57a2d4851a1d" relativeResultsDirectory="fb319f0a-1ca8-4cd4-be88-085b093fb85e" />
    <UnitTestResult executionId="648805a5-cc93-4037-b728-d62280c6a27a" testId="49a205ab-c847-2ec3-f235-3ddbc3de35ce" testName="PathAndQuotingTests.Quotes_SingleQuoted_StringWithSpaces" computerName="HP405G8" duration="00:00:00.0000975" startTime="2026-01-13T09:24:19.1378234+09:00" endTime="2026-01-13T09:24:19.1378528+09:00" testType="13cdc9d9-ddb5-4fa4-a97d-d965ccfc6d4b" outcome="Passed" testListId="8c84fa94-04c1-424b-9868-57a2d4851a1d" relativeResultsDirectory="648805a5-cc93-4037-b728-d62280c6a27a" />
    <UnitTestResult executionId="b0eb3cff-c072-4d3d-ae53-59b9c44e60f7" testId="a35a328d-ffb3-ee25-b761-daf47599440e" testName="ShellOperatorsTests.Spec_ShouldNotSupportBackgroundExecution" computerName="HP405G8" duration="00:00:00.0007212" startTime="2026-01-13T09:24:19.3676977+09:00" endTime="2026-01-13T09:24:19.3683088+09:00" testType="13cdc9d9-ddb5-4fa4-a97d-d965ccfc6d4b" outcome="Passed" testListId="8c84fa94-04c1-424b-9868-57a2d4851a1d" relativeResultsDirectory="b0eb3cff-c072-4d3d-ae53-59b9c44e60f7" />
    <UnitTestResult executionId="991750fc-1246-4f7e-b106-39ddb507622b" testId="6a1621c9-98c6-7fd7-9d33-f2c187301183" testName="PathAndQuotingTests.Quotes_MixedQuotes_InSameCommand" computerName="HP405G8" duration="00:00:00.2049617" startTime="2026-01-13T09:24:18.8534067+09:00" endTime="2026-01-13T09:24:19.0755303+09:00" testType="13cdc9d9-ddb5-4fa4-a97d-d965ccfc6d4b" outcome="Passed" testListId="8c84fa94-04c1-424b-9868-57a2d4851a1d" relativeResultsDirectory="991750fc-1246-4f7e-b106-39ddb507622b" />
    <UnitTestResult executionId="5e5e8418-0563-40fe-8ba2-45626c2cdd86" testId="ab89fc9c-16dc-a03e-b796-13a3a2f5abc0" testName="ShellStateTests.Initial_PreviousDirectory_ShouldBe_EnvironmentCurrentDirectory" computerName="HP405G8" duration="00:00:00.0001164" startTime="2026-01-13T09:24:19.1313229+09:00" endTime="2026-01-13T09:24:19.1313777+09:00" testType="13cdc9d9-ddb5-4fa4-a97d-d965ccfc6d4b" outcome="Passed" testListId="8c84fa94-04c1-424b-9868-57a2d4851a1d" relativeResultsDirectory="5e5e8418-0563-40fe-8ba2-45626c2cdd86" />
    <UnitTestResult executionId="58865e96-eda7-4ef4-bb37-508f4519967c" testId="4ebdb19a-301d-db00-97e5-268560832e2c" testName="PathAndQuotingTests.Path_WithDots_ShouldBePreserved" computerName="HP405G8" duration="00:00:00.0001103" startTime="2026-01-13T09:24:19.1400925+09:00" endTime="2026-01-13T09:24:19.1403349+09:00" testType="13cdc9d9-ddb5-4fa4-a97d-d965ccfc6d4b" outcome="Passed" testListId="8c84fa94-04c1-424b-9868-57a2d4851a1d" relativeResultsDirectory="58865e96-eda7-4ef4-bb37-508f4519967c" />
    <UnitTestResult executionId="374b2ba7-cf02-42ba-b342-4380d2219017" testId="1d19f6c2-5b39-706e-569a-9f2781dfc870" testName="PathAndQuotingTests.Quotes_DoubleQuoteInsideSingle" computerName="HP405G8" duration="00:00:00.0000906" startTime="2026-01-13T09:24:19.1392036+09:00" endTime="2026-01-13T09:24:19.1392741+09:00" testType="13cdc9d9-ddb5-4fa4-a97d-d965ccfc6d4b" outcome="Passed" testListId="8c84fa94-04c1-424b-9868-57a2d4851a1d" relativeResultsDirectory="374b2ba7-cf02-42ba-b342-4380d2219017" />
    <UnitTestResult executionId="b1bda2f1-5f7e-45b5-83ed-d56d19319adc" testId="bea24fe3-4e05-0a10-c87b-c4589e947e4b" testName="CommandParserTests.ParseSequence_ShouldHandleConsecutiveSpaces" computerName="HP405G8" duration="00:00:00.0001259" startTime="2026-01-13T09:24:19.1505759+09:00" endTime="2026-01-13T09:24:19.1506037+09:00" testType="13cdc9d9-ddb5-4fa4-a97d-d965ccfc6d4b" outcome="Passed" testListId="8c84fa94-04c1-424b-9868-57a2d4851a1d" relativeResultsDirectory="b1bda2f1-5f7e-45b5-83ed-d56d19319adc" />
    <UnitTestResult executionId="7d4906c2-c4ec-4451-a25f-b80140c569fd" testId="23f20d56-9f0b-a334-584f-c5c81d7ab8eb" testName="PathAndQuotingTests.Quotes_DoubleQuoted_StringWithSpaces" computerName="HP405G8" duration="00:00:00.0001876" startTime="2026-01-13T09:24:19.1315918+09:00" endTime="2026-01-13T09:24:19.1316627+09:00" testType="13cdc9d9-ddb5-4fa4-a97d-d965ccfc6d4b" outcome="Passed" testListId="8c84fa94-04c1-424b-9868-57a2d4851a1d" relativeResultsDirectory="7d4906c2-c4ec-4451-a25f-b80140c569fd" />
    <UnitTestResult executionId="9a63e0a6-6492-4d20-bc49-0736ce6a524a" testId="365b05db-75d9-48cb-5b9c-163277034535" testName="PathAndQuotingTests.Path_WithDots_RelativePath" computerName="HP405G8" duration="00:00:00.0001809" startTime="2026-01-13T09:24:19.1395666+09:00" endTime="2026-01-13T09:24:19.1396136+09:00" testType="13cdc9d9-ddb5-4fa4-a97d-d965ccfc6d4b" outcome="Passed" testListId="8c84fa94-04c1-424b-9868-57a2d4851a1d" relativeResultsDirectory="9a63e0a6-6492-4d20-bc49-0736ce6a524a" />
    <UnitTestResult executionId="85f31c32-47f0-4c58-9db6-790564835125" testId="13859ce3-122f-353f-ed87-b91bf99e8ac0" testName="PathAndQuotingTests.QuotedPath_DoubleQuotes_ShouldPreserveSpaces" computerName="HP405G8" duration="00:00:00.0001101" startTime="2026-01-13T09:24:19.1437976+09:00" endTime="2026-01-13T09:24:19.1439105+09:00" testType="13cdc9d9-ddb5-4fa4-a97d-d965ccfc6d4b" outcome="Passed" testListId="8c84fa94-04c1-424b-9868-57a2d4851a1d" relativeResultsDirectory="85f31c32-47f0-4c58-9db6-790564835125" />
    <UnitTestResult executionId="edd65e06-ef05-4dc7-bb84-ef87f750cf67" testId="02ebb9b1-60dd-2eba-f0a5-3425fce62c07" testName="CommandParserTests.Parse_ShouldReturnEmptyCommand_WhenInputIsEmpty" computerName="HP405G8" duration="00:00:00.0001582" startTime="2026-01-13T09:24:19.1534354+09:00" endTime="2026-01-13T09:24:19.1536579+09:00" testType="13cdc9d9-ddb5-4fa4-a97d-d965ccfc6d4b" outcome="Passed" testListId="8c84fa94-04c1-424b-9868-57a2d4851a1d" relativeResultsDirectory="edd65e06-ef05-4dc7-bb84-ef87f750cf67" />
    <UnitTestResult executionId="efb39cc7-f8c5-4a9b-808f-993cec3b2b31" testId="6a7bac17-4410-0115-e6b2-52b66efc5eb6" testName="ShellOperatorsTests.Operator_Pipe_ShouldTransmitOutput" computerName="HP405G8" duration="00:00:00.2030684" startTime="2026-01-13T09:24:18.8534653+09:00" endTime="2026-01-13T09:24:19.0644531+09:00" testType="13cdc9d9-ddb5-4fa4-a97d-d965ccfc6d4b" outcome="Passed" testListId="8c84fa94-04c1-424b-9868-57a2d4851a1d" relativeResultsDirectory="efb39cc7-f8c5-4a9b-808f-993cec3b2b31" />
    <UnitTestResult executionId="89d3d1e0-9243-459e-845a-99533b82dc7d" testId="dc26f637-bb05-399a-ccef-ba1595660cd7" testName="CommandParserTests.ParseSequence_ShouldHandleCommandWithMultipleArguments_AndRedirect" computerName="HP405G8" duration="00:00:00.0032428" startTime="2026-01-13T09:24:19.1472901+09:00" endTime="2026-01-13T09:24:19.1479217+09:00" testType="13cdc9d9-ddb5-4fa4-a97d-d965ccfc6d4b" outcome="Passed" testListId="8c84fa94-04c1-424b-9868-57a2d4851a1d" relativeResultsDirectory="89d3d1e0-9243-459e-845a-99533b82dc7d" />
    <UnitTestResult executionId="a27bf6a1-41da-41d5-9219-9c9d829d1040" testId="e87ec400-7208-0f66-508c-1822ce65bb78" testName="PathAndQuotingTests.Redirect_OutputPath_WithBackslash" computerName="HP405G8" duration="00:00:00.0008179" startTime="2026-01-13T09:24:19.1318101+09:00" endTime="2026-01-13T09:24:19.1318786+09:00" testType="13cdc9d9-ddb5-4fa4-a97d-d965ccfc6d4b" outcome="Passed" testListId="8c84fa94-04c1-424b-9868-57a2d4851a1d" relativeResultsDirectory="a27bf6a1-41da-41d5-9219-9c9d829d1040" />
    <UnitTestResult executionId="32f7cded-887f-441b-962c-8318447a99b6" testId="e8ba5ae8-5939-edda-501d-34bf35e3d15d" testName="ShellOperatorsTests.Parser_ShouldRecognizePipe" computerName="HP405G8" duration="00:00:00.0006228" startTime="2026-01-13T09:24:19.1557059+09:00" endTime="2026-01-13T09:24:19.1557863+09:00" testType="13cdc9d9-ddb5-4fa4-a97d-d965ccfc6d4b" outcome="Passed" testListId="8c84fa94-04c1-424b-9868-57a2d4851a1d" relativeResultsDirectory="32f7cded-887f-441b-962c-8318447a99b6" />
    <UnitTestResult executionId="f0c65d08-78c5-4fb4-b394-42a7428c56f0" testId="87d50cba-2192-bdf3-0d46-1275198e8862" testName="ShellOperatorsTests.Operator_AppendRedirect_ShouldCreateFileIfNotExists" computerName="HP405G8" duration="00:00:00.0021304" startTime="2026-01-13T09:24:19.1559048+09:00" endTime="2026-01-13T09:24:19.1559794+09:00" testType="13cdc9d9-ddb5-4fa4-a97d-d965ccfc6d4b" outcome="Passed" testListId="8c84fa94-04c1-424b-9868-57a2d4851a1d" relativeResultsDirectory="f0c65d08-78c5-4fb4-b394-42a7428c56f0" />
    <UnitTestResult executionId="b913b829-88eb-48b0-94fa-65828b4e3790" testId="5b80b727-a92f-b2e5-6a25-f4e9f7c56c7c" testName="CommandParserTests.ParseSequence_ShouldParseTwoCommandPipeline" computerName="HP405G8" duration="00:00:00.0002108" startTime="2026-01-13T09:24:19.1513888+09:00" endTime="2026-01-13T09:24:19.1514390+09:00" testType="13cdc9d9-ddb5-4fa4-a97d-d965ccfc6d4b" outcome="Passed" testListId="8c84fa94-04c1-424b-9868-57a2d4851a1d" relativeResultsDirectory="b913b829-88eb-48b0-94fa-65828b4e3790" />
    <UnitTestResult executionId="ea0f23fa-e6f5-418f-a3f4-b9a31187167e" testId="6fdf84c8-3620-8cf0-d0a0-2e162979289a" testName="CommandParserTests.Parse_ShouldHandleMultipleArguments" computerName="HP405G8" duration="00:00:00.0003166" startTime="2026-01-13T09:24:19.1479987+09:00" endTime="2026-01-13T09:24:19.1480355+09:00" testType="13cdc9d9-ddb5-4fa4-a97d-d965ccfc6d4b" outcome="Passed" testListId="8c84fa94-04c1-424b-9868-57a2d4851a1d" relativeResultsDirectory="ea0f23fa-e6f5-418f-a3f4-b9a31187167e" />
    <UnitTestResult executionId="0816f1b8-79fb-484a-bd88-cae410d1a2f1" testId="5fa8e9c4-863d-7d78-70ee-11cb4ddeaf01" testName="CommandRunnerTests.Run_Pipeline_EchoToCat_ShouldTransmitData" computerName="HP405G8" duration="00:00:00.0008243" startTime="2026-01-13T09:24:19.1542754+09:00" endTime="2026-01-13T09:24:19.1543683+09:00" testType="13cdc9d9-ddb5-4fa4-a97d-d965ccfc6d4b" outcome="Passed" testListId="8c84fa94-04c1-424b-9868-57a2d4851a1d" relativeResultsDirectory="0816f1b8-79fb-484a-bd88-cae410d1a2f1" />
    <UnitTestResult executionId="b3a95f6a-0909-4e20-8c14-e8a12c7f43d4" testId="1a3a9935-32f6-6c14-e25f-e3336fcb7456" testName="CommandRunnerTests.Run_WhitespaceOnlyInput_ShouldHandleGracefully" computerName="HP405G8" duration="00:00:00.0009150" startTime="2026-01-13T09:24:19.1476856+09:00" endTime="2026-01-13T09:24:19.1478271+09:00" testType="13cdc9d9-ddb5-4fa4-a97d-d965ccfc6d4b" outcome="Passed" testListId="8c84fa94-04c1-424b-9868-57a2d4851a1d" relativeResultsDirectory="b3a95f6a-0909-4e20-8c14-e8a12c7f43d4" />
    <UnitTestResult executionId="25e0d2bf-0143-4562-8197-e088701fcaff" testId="671afb79-d760-7018-4729-75794d534c72" testName="CommandRunnerTests.Run_Pipeline_WithFinalRedirect_ShouldRedirectPipeOutput" computerName="HP405G8" duration="00:00:00.0038264" startTime="2026-01-13T09:24:19.1449876+09:00" endTime="2026-01-13T09:24:19.1462732+09:00" testType="13cdc9d9-ddb5-4fa4-a97d-d965ccfc6d4b" outcome="Passed" testListId="8c84fa94-04c1-424b-9868-57a2d4851a1d" relativeResultsDirectory="25e0d2bf-0143-4562-8197-e088701fcaff" />
    <UnitTestResult executionId="c45d9aef-5780-497f-a0ee-72e638d2deef" testId="a8d3eeaf-66ea-fd56-170a-1a5682d3aa9f" testName="PathAndQuotingTests.Path_LongPath_WindowsStyle" computerName="HP405G8" duration="00:00:00.0001056" startTime="2026-01-13T09:24:19.1379318+09:00" endTime="2026-01-13T09:24:19.1379618+09:00" testType="13cdc9d9-ddb5-4fa4-a97d-d965ccfc6d4b" outcome="Passed" testListId="8c84fa94-04c1-424b-9868-57a2d4851a1d" relativeResultsDirectory="c45d9aef-5780-497f-a0ee-72e638d2deef" />
    <UnitTestResult executionId="d0b195c9-e80c-4af5-b662-66c47745f11d" testId="9041f042-888e-7a2c-d034-81262802f635" testName="CommandRunnerTests.Run_Cat_WithInputRedirect_ShouldReadFromFile" computerName="HP405G8" duration="00:00:00.0025984" startTime="2026-01-13T09:24:19.1479005+09:00" endTime="2026-01-13T09:24:19.1500477+09:00" testType="13cdc9d9-ddb5-4fa4-a97d-d965ccfc6d4b" outcome="Passed" testListId="8c84fa94-04c1-424b-9868-57a2d4851a1d" relativeResultsDirectory="d0b195c9-e80c-4af5-b662-66c47745f11d" />
    <UnitTestResult executionId="74f514ac-44cb-4457-959c-4636d241e9c5" testId="1acdc59e-167c-e1fc-3f67-27a5ba2c8570" testName="AliasAndHistoryTests.Bang_ExecutesHistoryEntry" computerName="HP405G8" duration="00:00:00.2027220" startTime="2026-01-13T09:24:18.8534264+09:00" endTime="2026-01-13T09:24:19.0643818+09:00" testType="13cdc9d9-ddb5-4fa4-a97d-d965ccfc6d4b" outcome="Passed" testListId="8c84fa94-04c1-424b-9868-57a2d4851a1d" relativeResultsDirectory="74f514ac-44cb-4457-959c-4636d241e9c5" />
    <UnitTestResult executionId="55e86be6-afe4-431c-9792-21f73644090e" testId="4a79a95e-e10e-7ae4-7077-3bf9d5ef4aa4" testName="CommandParserTests.Parse_ShouldHandleQuotedPathsWithBackslash" computerName="HP405G8" duration="00:00:00.0001769" startTime="2026-01-13T09:24:19.1490668+09:00" endTime="2026-01-13T09:24:19.1491029+09:00" testType="13cdc9d9-ddb5-4fa4-a97d-d965ccfc6d4b" outcome="Passed" testListId="8c84fa94-04c1-424b-9868-57a2d4851a1d" relativeResultsDirectory="55e86be6-afe4-431c-9792-21f73644090e" />
    <UnitTestResult executionId="7d34aca6-4dad-403a-8d4f-dc8de00b09fa" testId="58306f8c-4c45-d110-bf72-7f746f4ef245" testName="ShellOperatorsTests.Operator_Pipe_WithFinalRedirect_ShouldApplyRedirectToLastCommand" computerName="HP405G8" duration="00:00:00.0011804" startTime="2026-01-13T09:24:19.3684036+09:00" endTime="2026-01-13T09:24:19.3695590+09:00" testType="13cdc9d9-ddb5-4fa4-a97d-d965ccfc6d4b" outcome="Passed" testListId="8c84fa94-04c1-424b-9868-57a2d4851a1d" relativeResultsDirectory="7d34aca6-4dad-403a-8d4f-dc8de00b09fa" />
    <UnitTestResult executionId="d1af99bf-7870-4d92-ac81-d62f090fd0ca" testId="4595eea4-0400-f349-4407-ea9819b8b8ed" testName="ShellOperatorsTests.Parser_ShouldRecognizeOutputRedirectTruncate" computerName="HP405G8" duration="00:00:00.0006285" startTime="2026-01-13T09:24:19.3696598+09:00" endTime="2026-01-13T09:24:19.3702284+09:00" testType="13cdc9d9-ddb5-4fa4-a97d-d965ccfc6d4b" outcome="Passed" testListId="8c84fa94-04c1-424b-9868-57a2d4851a1d" relativeResultsDirectory="d1af99bf-7870-4d92-ac81-d62f090fd0ca" />
    <UnitTestResult executionId="cddeeb8e-97f6-416e-b9c8-9cd4e2b0c1dc" testId="bb33f3be-2bcd-516b-8be9-0d2765c6d361" testName="CommandParserTests.ParseSequence_ShouldParseInputRedirect" computerName="HP405G8" duration="00:00:00.0001429" startTime="2026-01-13T09:24:19.1491744+09:00" endTime="2026-01-13T09:24:19.1492030+09:00" testType="13cdc9d9-ddb5-4fa4-a97d-d965ccfc6d4b" outcome="Passed" testListId="8c84fa94-04c1-424b-9868-57a2d4851a1d" relativeResultsDirectory="cddeeb8e-97f6-416e-b9c8-9cd4e2b0c1dc" />
    <UnitTestResult executionId="c14465c1-a91f-4eab-be2c-d04f49912090" testId="05676e50-17a0-564f-ce31-e0adff23a62b" testName="EditModeTests.RunCommand_ExecutesEchoLines" computerName="HP405G8" duration="00:00:00.2038165" startTime="2026-01-13T09:24:18.8533628+09:00" endTime="2026-01-13T09:24:19.0722285+09:00" testType="13cdc9d9-ddb5-4fa4-a97d-d965ccfc6d4b" outcome="Passed" testListId="8c84fa94-04c1-424b-9868-57a2d4851a1d" relativeResultsDirectory="c14465c1-a91f-4eab-be2c-d04f49912090" />
    <UnitTestResult executionId="426e8ffe-5de2-4c71-ae2d-b91be044cc93" testId="2b0b64b7-436e-71f2-9376-54350e403eb7" testName="CommandParserTests.ParseSequence_ShouldParseOutputRedirect_Truncate" computerName="HP405G8" duration="00:00:00.0003711" startTime="2026-01-13T09:24:19.1518252+09:00" endTime="2026-01-13T09:24:19.1519070+09:00" testType="13cdc9d9-ddb5-4fa4-a97d-d965ccfc6d4b" outcome="Passed" testListId="8c84fa94-04c1-424b-9868-57a2d4851a1d" relativeResultsDirectory="426e8ffe-5de2-4c71-ae2d-b91be044cc93" />
    <UnitTestResult executionId="434c3b1d-8db8-434a-9942-f3700aef3fc8" testId="aa30a654-5397-53c1-922b-f34f56014cee" testName="PathAndQuotingTests.Redirect_RelativePath_DotSlash" computerName="HP405G8" duration="00:00:00.0002840" startTime="2026-01-13T09:24:19.1322047+09:00" endTime="2026-01-13T09:24:19.1322801+09:00" testType="13cdc9d9-ddb5-4fa4-a97d-d965ccfc6d4b" outcome="Passed" testListId="8c84fa94-04c1-424b-9868-57a2d4851a1d" relativeResultsDirectory="434c3b1d-8db8-434a-9942-f3700aef3fc8" />
    <UnitTestResult executionId="52c7e7da-1dc7-4f41-a433-e51ed9e5b49a" testId="9ba399b0-cce4-a11d-55e9-0634e6d797dc" testName="PathAndQuotingTests.Path_UNCPath_Windows" computerName="HP405G8" duration="00:00:00.0001173" startTime="2026-01-13T09:24:19.1361889+09:00" endTime="2026-01-13T09:24:19.1362211+09:00" testType="13cdc9d9-ddb5-4fa4-a97d-d965ccfc6d4b" outcome="Passed" testListId="8c84fa94-04c1-424b-9868-57a2d4851a1d" relativeResultsDirectory="52c7e7da-1dc7-4f41-a433-e51ed9e5b49a" />
    <UnitTestResult executionId="eca5db09-fe99-4384-bdcf-b2b3896079dc" testId="25477407-db94-e9f4-28ce-692b229693be" testName="CommandParserTests.Parse_ShouldHandleMixedQuotes" computerName="HP405G8" duration="00:00:00.0001849" startTime="2026-01-13T09:24:19.1492729+09:00" endTime="2026-01-13T09:24:19.1493123+09:00" testType="13cdc9d9-ddb5-4fa4-a97d-d965ccfc6d4b" outcome="Passed" testListId="8c84fa94-04c1-424b-9868-57a2d4851a1d" relativeResultsDirectory="eca5db09-fe99-4384-bdcf-b2b3896079dc" />
    <UnitTestResult executionId="7a2b6624-14a8-4887-a992-5cd06aeccfec" testId="248bee9d-152f-8a31-d391-c5bf2855c0cd" testName="PathAndQuotingTests.Path_DriveLetterLowercase_ShouldBePreserved" computerName="HP405G8" duration="00:00:00.0000987" startTime="2026-01-13T09:24:19.1399313+09:00" endTime="2026-01-13T09:24:19.1399630+09:00" testType="13cdc9d9-ddb5-4fa4-a97d-d965ccfc6d4b" outcome="Passed" testListId="8c84fa94-04c1-424b-9868-57a2d4851a1d" relativeResultsDirectory="7a2b6624-14a8-4887-a992-5cd06aeccfec" />
    <UnitTestResult executionId="33331423-e513-4528-b0d2-e912c00c89eb" testId="00dd2fa6-720c-060f-05a8-116ced63f5cf" testName="CommandRunnerTests.Run_EmptyInput_ShouldHandleGracefully" computerName="HP405G8" duration="00:00:00.0006057" startTime="2026-01-13T09:24:19.1512480+09:00" endTime="2026-01-13T09:24:19.1515514+09:00" testType="13cdc9d9-ddb5-4fa4-a97d-d965ccfc6d4b" outcome="Passed" testListId="8c84fa94-04c1-424b-9868-57a2d4851a1d" relativeResultsDirectory="33331423-e513-4528-b0d2-e912c00c89eb" />
    <UnitTestResult executionId="195b5c80-6043-4bb7-9f41-c3e12c353867" testId="1ff05742-c374-4341-9f2b-39035b70dba9" testName="ShellOperatorsTests.Operator_AppendRedirect_MultipleAppends_ShouldPreserveAllLines" computerName="HP405G8" duration="00:00:00.0069286" startTime="2026-01-13T09:24:19.3567069+09:00" endTime="2026-01-13T09:24:19.3637196+09:00" testType="13cdc9d9-ddb5-4fa4-a97d-d965ccfc6d4b" outcome="Passed" testListId="8c84fa94-04c1-424b-9868-57a2d4851a1d" relativeResultsDirectory="195b5c80-6043-4bb7-9f41-c3e12c353867" />
    <UnitTestResult executionId="ef9abab1-b7eb-4404-826a-f67fe2c4f998" testId="22eebdb8-af43-1e96-e75e-dddb2af6bc41" testName="CommandParserTests.Parse_ShouldHandleDoubleQuotedArguments_WithSpaces" computerName="HP405G8" duration="00:00:00.0048488" startTime="2026-01-13T09:24:19.1275561+09:00" endTime="2026-01-13T09:24:19.1356126+09:00" testType="13cdc9d9-ddb5-4fa4-a97d-d965ccfc6d4b" outcome="Passed" testListId="8c84fa94-04c1-424b-9868-57a2d4851a1d" relativeResultsDirectory="ef9abab1-b7eb-4404-826a-f67fe2c4f998" />
    <UnitTestResult executionId="dcbbe087-95ca-4899-a9fb-423ce1b9f51e" testId="ef609a78-d027-2551-9452-0f95f902dc9b" testName="ShellStateTests.Initial_CurrentDirectory_ShouldBe_EnvironmentCurrentDirectory" computerName="HP405G8" duration="00:00:00.1969979" startTime="2026-01-13T09:24:18.8534832+09:00" endTime="2026-01-13T09:24:19.0567836+09:00" testType="13cdc9d9-ddb5-4fa4-a97d-d965ccfc6d4b" outcome="Passed" testListId="8c84fa94-04c1-424b-9868-57a2d4851a1d" relativeResultsDirectory="dcbbe087-95ca-4899-a9fb-423ce1b9f51e" />
    <UnitTestResult executionId="4aa9948c-3ca1-40be-bcdd-7842fead1a51" testId="4ecb264c-91ca-c30a-08b2-9153e31285fc" testName="CommandRunnerTests.Run_Echo_ShouldExpandInlineVariables" computerName="HP405G8" duration="00:00:00.0008694" startTime="2026-01-13T09:24:19.1502043+09:00" endTime="2026-01-13T09:24:19.1507099+09:00" testType="13cdc9d9-ddb5-4fa4-a97d-d965ccfc6d4b" outcome="Passed" testListId="8c84fa94-04c1-424b-9868-57a2d4851a1d" relativeResultsDirectory="4aa9948c-3ca1-40be-bcdd-7842fead1a51" />
    <UnitTestResult executionId="1fa3d4b6-2d67-4d7b-bf04-9e11979860df" testId="c0af3f68-437b-f6f3-ab0e-4ff0f2e7daef" testName="PathAndQuotingTests.Path_WindowsStyle_ShouldAcceptBackslash" computerName="HP405G8" duration="00:00:00.0024873" startTime="2026-01-13T09:24:19.1333767+09:00" endTime="2026-01-13T09:24:19.1357717+09:00" testType="13cdc9d9-ddb5-4fa4-a97d-d965ccfc6d4b" outcome="Passed" testListId="8c84fa94-04c1-424b-9868-57a2d4851a1d" relativeResultsDirectory="1fa3d4b6-2d67-4d7b-bf04-9e11979860df" />
    <UnitTestResult executionId="e69a4468-1386-4e80-a128-f6ae4320b917" testId="e1b1855c-a03d-4419-9f44-039a50fb0a60" testName="CommandParserTests.ParseSequence_ShouldHandleWindowsPaths" computerName="HP405G8" duration="00:00:00.0001204" startTime="2026-01-13T09:24:19.1506727+09:00" endTime="2026-01-13T09:24:19.1507367+09:00" testType="13cdc9d9-ddb5-4fa4-a97d-d965ccfc6d4b" outcome="Passed" testListId="8c84fa94-04c1-424b-9868-57a2d4851a1d" relativeResultsDirectory="e69a4468-1386-4e80-a128-f6ae4320b917" />
    <UnitTestResult executionId="1b6f8092-0e2c-4cf1-89e8-9889b9f94a2b" testId="f923e228-eff5-042a-b194-349970971a81" testName="CommandRunnerTests.Run_ExternalCommand_FromPath_ShouldExecute" computerName="HP405G8" duration="00:00:00.0846044" startTime="2026-01-13T09:24:19.1550833+09:00" endTime="2026-01-13T09:24:19.1715645+09:00" testType="13cdc9d9-ddb5-4fa4-a97d-d965ccfc6d4b" outcome="Passed" testListId="8c84fa94-04c1-424b-9868-57a2d4851a1d" relativeResultsDirectory="1b6f8092-0e2c-4cf1-89e8-9889b9f94a2b" />
    <UnitTestResult executionId="64a62873-4cbe-42c4-aaf0-5aff63895c55" testId="74c9a553-b169-a189-b3d3-76ad3610165a" testName="ShellStateTests.Updating_CurrentDirectory_ShouldNotChange_PreviousDirectory" computerName="HP405G8" duration="00:00:00.0002256" startTime="2026-01-13T09:24:19.1272388+09:00" endTime="2026-01-13T09:24:19.1283606+09:00" testType="13cdc9d9-ddb5-4fa4-a97d-d965ccfc6d4b" outcome="Passed" testListId="8c84fa94-04c1-424b-9868-57a2d4851a1d" relativeResultsDirectory="64a62873-4cbe-42c4-aaf0-5aff63895c55" />
    <UnitTestResult executionId="220c5bd3-b770-4c6f-92aa-305dbca31cc9" testId="c4293865-c6e8-8886-9f69-2d9922711ef3" testName="CommandParserTests.ParseSequence_ShouldHandleWhitespaceOnlyInput" computerName="HP405G8" duration="00:00:00.0004619" startTime="2026-01-13T09:24:19.1488579+09:00" endTime="2026-01-13T09:24:19.1489951+09:00" testType="13cdc9d9-ddb5-4fa4-a97d-d965ccfc6d4b" outcome="Passed" testListId="8c84fa94-04c1-424b-9868-57a2d4851a1d" relativeResultsDirectory="220c5bd3-b770-4c6f-92aa-305dbca31cc9" />
    <UnitTestResult executionId="c2afcdfa-83c2-47e4-9668-0fe6168dd714" testId="1d8bddc6-85ef-95f5-ed6b-5aaa44dcf95f" testName="CommandParserTests.ParseSequence_ShouldPreservePathsWithSpaces" computerName="HP405G8" duration="00:00:00.0002072" startTime="2026-01-13T09:24:19.1493855+09:00" endTime="2026-01-13T09:24:19.1494135+09:00" testType="13cdc9d9-ddb5-4fa4-a97d-d965ccfc6d4b" outcome="Passed" testListId="8c84fa94-04c1-424b-9868-57a2d4851a1d" relativeResultsDirectory="c2afcdfa-83c2-47e4-9668-0fe6168dd714" />
    <UnitTestResult executionId="2ac548b9-65a4-4d18-94d6-91ce266e3601" testId="d5a93c5f-6da6-98d3-8edc-dececfe16d6a" testName="ShellOperatorsTests.Operator_InputRedirect_ShouldReadFileContent" computerName="HP405G8" duration="00:00:00.0036262" startTime="2026-01-13T09:24:19.3640993+09:00" endTime="2026-01-13T09:24:19.3675176+09:00" testType="13cdc9d9-ddb5-4fa4-a97d-d965ccfc6d4b" outcome="Passed" testListId="8c84fa94-04c1-424b-9868-57a2d4851a1d" relativeResultsDirectory="2ac548b9-65a4-4d18-94d6-91ce266e3601" />
    <UnitTestResult executionId="3dc6907f-e86b-4bec-91f0-356b63ea9dbe" testId="f6ddda31-6e22-774f-c974-70ae493e6667" testName="EditModeTests.EditCommand_EntersEditMode" computerName="HP405G8" duration="00:00:00.0011296" startTime="2026-01-13T09:24:19.1475615+09:00" endTime="2026-01-13T09:24:19.1477509+09:00" testType="13cdc9d9-ddb5-4fa4-a97d-d965ccfc6d4b" outcome="Passed" testListId="8c84fa94-04c1-424b-9868-57a2d4851a1d" relativeResultsDirectory="3dc6907f-e86b-4bec-91f0-356b63ea9dbe" />
    <UnitTestResult executionId="71217100-46d4-40d1-a2c0-e1da3a6ec1bd" testId="933b69b5-17dc-c98f-40a6-ec9ee384b597" testName="CommandParserTests.ParseSequence_ShouldParsePipelineWithFinalRedirect" computerName="HP405G8" duration="00:00:00.0003018" startTime="2026-01-13T09:24:19.1519983+09:00" endTime="2026-01-13T09:24:19.1521574+09:00" testType="13cdc9d9-ddb5-4fa4-a97d-d965ccfc6d4b" outcome="Passed" testListId="8c84fa94-04c1-424b-9868-57a2d4851a1d" relativeResultsDirectory="71217100-46d4-40d1-a2c0-e1da3a6ec1bd" />
    <UnitTestResult executionId="04891ecc-fdd6-427a-8958-2386f050ef56" testId="9d1f24d6-c1f1-f9ea-3765-4a97405f22ac" testName="CommandRunnerTests.Run_Echo_ShouldReturnText" computerName="HP405G8" duration="00:00:00.0012538" startTime="2026-01-13T09:24:19.1880048+09:00" endTime="2026-01-13T09:24:19.1891997+09:00" testType="13cdc9d9-ddb5-4fa4-a97d-d965ccfc6d4b" outcome="Passed" testListId="8c84fa94-04c1-424b-9868-57a2d4851a1d" relativeResultsDirectory="04891ecc-fdd6-427a-8958-2386f050ef56" />
    <UnitTestResult executionId="d3037dff-ad96-4557-99df-0aa1a6b9e528" testId="1de90115-ad66-2f5d-b07c-b924a10c4bde" testName="PathAndQuotingTests.QuotedPath_InputRedirect_WithSpaces" computerName="HP405G8" duration="00:00:00.0002500" startTime="2026-01-13T09:24:19.1311291+09:00" endTime="2026-01-13T09:24:19.1314612+09:00" testType="13cdc9d9-ddb5-4fa4-a97d-d965ccfc6d4b" outcome="Passed" testListId="8c84fa94-04c1-424b-9868-57a2d4851a1d" relativeResultsDirectory="d3037dff-ad96-4557-99df-0aa1a6b9e528" />
    <UnitTestResult executionId="d2a249da-7b17-47c2-9edd-0656c4176508" testId="aa4db230-bc70-d65b-b6d2-b5e30b2078b3" testName="AliasAndHistoryTests.History_RecordsAndLists" computerName="HP405G8" duration="00:00:00.0027448" startTime="2026-01-13T09:24:19.1271717+09:00" endTime="2026-01-13T09:24:19.1334624+09:00" testType="13cdc9d9-ddb5-4fa4-a97d-d965ccfc6d4b" outcome="Passed" testListId="8c84fa94-04c1-424b-9868-57a2d4851a1d" relativeResultsDirectory="d2a249da-7b17-47c2-9edd-0656c4176508" />
    <UnitTestResult executionId="b80e3dea-0fac-4968-bca3-2e4bf9a0dac1" testId="87bd0493-1d24-7846-81ad-d8388e1855e9" testName="AliasAndHistoryTests.Alias_List_ShowsDefined" computerName="HP405G8" duration="00:00:00.0012776" startTime="2026-01-13T09:24:19.1446615+09:00" endTime="2026-01-13T09:24:19.1458305+09:00" testType="13cdc9d9-ddb5-4fa4-a97d-d965ccfc6d4b" outcome="Passed" testListId="8c84fa94-04c1-424b-9868-57a2d4851a1d" relativeResultsDirectory="b80e3dea-0fac-4968-bca3-2e4bf9a0dac1" />
    <UnitTestResult executionId="98f55d4b-779b-48b2-9774-57e40fc67e0f" testId="7c126647-72d5-0d36-f774-8fecf1412d84" testName="cssh.Tests.CsshConstantsTests.ModeInteractive_ShouldBe_interactive" computerName="HP405G8" duration="00:00:00.0001865" startTime="2026-01-13T09:24:19.1306833+09:00" endTime="2026-01-13T09:24:19.1307482+09:00" testType="13cdc9d9-ddb5-4fa4-a97d-d965ccfc6d4b" outcome="Passed" testListId="8c84fa94-04c1-424b-9868-57a2d4851a1d" relativeResultsDirectory="98f55d4b-779b-48b2-9774-57e40fc67e0f" />
    <UnitTestResult executionId="6e9ba89c-2b85-4b59-b32e-147366ab0eab" testId="47f8273b-b525-d224-19cd-c2ae7facab0b" testName="ShellOperatorsTests.Spec_ShouldNotSupportConditionalExecution" computerName="HP405G8" duration="00:00:00.0006635" startTime="2026-01-13T09:24:19.1555008+09:00" endTime="2026-01-13T09:24:19.1555818+09:00" testType="13cdc9d9-ddb5-4fa4-a97d-d965ccfc6d4b" outcome="Passed" testListId="8c84fa94-04c1-424b-9868-57a2d4851a1d" relativeResultsDirectory="6e9ba89c-2b85-4b59-b32e-147366ab0eab" />
    <UnitTestResult executionId="96a6f926-0e4d-4721-8a9e-7537863d8098" testId="043eeb3b-583d-2ec4-7ff7-952a06281d66" testName="CommandRunnerTests.Run_Semicolon_Commands_ShouldExecuteSequentially" computerName="HP405G8" duration="00:00:00.0009826" startTime="2026-01-13T09:24:19.1779495+09:00" endTime="2026-01-13T09:24:19.1780790+09:00" testType="13cdc9d9-ddb5-4fa4-a97d-d965ccfc6d4b" outcome="Passed" testListId="8c84fa94-04c1-424b-9868-57a2d4851a1d" relativeResultsDirectory="96a6f926-0e4d-4721-8a9e-7537863d8098" />
    <UnitTestResult executionId="1dee4872-3b47-49ff-bbd1-71c96a7bd428" testId="0a3fcee8-f12e-1aeb-92c8-82a19704f8ac" testName="EditModeTests.WriteCommand_SavesBufferToFile" computerName="HP405G8" duration="00:00:00.0033524" startTime="2026-01-13T09:24:19.1448652+09:00" endTime="2026-01-13T09:24:19.1461548+09:00" testType="13cdc9d9-ddb5-4fa4-a97d-d965ccfc6d4b" outcome="Passed" testListId="8c84fa94-04c1-424b-9868-57a2d4851a1d" relativeResultsDirectory="1dee4872-3b47-49ff-bbd1-71c96a7bd428" />
    <UnitTestResult executionId="85449707-3ebe-4b9a-b365-37b6f829d5c3" testId="03b35353-c0d5-3a49-9b57-a78b115261f6" testName="CommandRunnerTests.Run_Touch_ShouldCreateFile" computerName="HP405G8" duration="00:00:00.0028121" startTime="2026-01-13T09:24:19.1721487+09:00" endTime="2026-01-13T09:24:19.1745342+09:00" testType="13cdc9d9-ddb5-4fa4-a97d-d965ccfc6d4b" outcome="Passed" testListId="8c84fa94-04c1-424b-9868-57a2d4851a1d" relativeResultsDirectory="85449707-3ebe-4b9a-b365-37b6f829d5c3" />
    <UnitTestResult executionId="b23227f1-c0ab-4fc7-8212-d0d117ffdbfc" testId="cce05e8a-bbe4-92bd-4ee3-7a65f933c6cb" testName="ShellOperatorsTests.Operator_OutputRedirect_ShouldHandleSpecialCharacters" computerName="HP405G8" duration="00:00:00.0058911" startTime="2026-01-13T09:24:19.1270400+09:00" endTime="2026-01-13T09:24:19.1376018+09:00" testType="13cdc9d9-ddb5-4fa4-a97d-d965ccfc6d4b" outcome="Passed" testListId="8c84fa94-04c1-424b-9868-57a2d4851a1d" relativeResultsDirectory="b23227f1-c0ab-4fc7-8212-d0d117ffdbfc" />
    <UnitTestResult executionId="49a0ce63-460d-463a-a50c-37a97bddd6a0" testId="fcc0ba15-0e1d-cf41-f4ec-eb16678087c0" testName="ShellOperatorsTests.Operator_OutputRedirect_ShouldCreateNewFile" computerName="HP405G8" duration="00:00:00.0038041" startTime="2026-01-13T09:24:19.1457679+09:00" endTime="2026-01-13T09:24:19.1464314+09:00" testType="13cdc9d9-ddb5-4fa4-a97d-d965ccfc6d4b" outcome="Passed" testListId="8c84fa94-04c1-424b-9868-57a2d4851a1d" relativeResultsDirectory="49a0ce63-460d-463a-a50c-37a97bddd6a0" />
    <UnitTestResult executionId="7a972d55-d38d-4594-9dd5-b8ae6675a1a9" testId="26c9fd67-c060-cff9-315b-fec4f546fa15" testName="CommandParserTests.ParseSequence_ShouldHaveEmptyArgsOnSecondCommandForEchoPipe" computerName="HP405G8" duration="00:00:00.0001213" startTime="2026-01-13T09:24:19.1504645+09:00" endTime="2026-01-13T09:24:19.1505030+09:00" testType="13cdc9d9-ddb5-4fa4-a97d-d965ccfc6d4b" outcome="Passed" testListId="8c84fa94-04c1-424b-9868-57a2d4851a1d" relativeResultsDirectory="7a972d55-d38d-4594-9dd5-b8ae6675a1a9" />
    <UnitTestResult executionId="a3e2c569-ebef-4658-94fe-68de3ca94c71" testId="b4732b29-1f73-2fd5-3968-071712656f59" testName="ShellStateTests.Updating_PreviousDirectory_ShouldNotChange_CurrentDirectory" computerName="HP405G8" duration="00:00:00.0003796" startTime="2026-01-13T09:24:19.1285009+09:00" endTime="2026-01-13T09:24:19.1311711+09:00" testType="13cdc9d9-ddb5-4fa4-a97d-d965ccfc6d4b" outcome="Passed" testListId="8c84fa94-04c1-424b-9868-57a2d4851a1d" relativeResultsDirectory="a3e2c569-ebef-4658-94fe-68de3ca94c71" />
    <UnitTestResult executionId="e8137da7-6e6b-479f-bafc-e4cd4369da55" testId="fbcfd3ca-221d-1ff3-0e74-18b60dfc6a05" testName="ShellOperatorsTests.Operators_Combined_PipeAndRedirect" computerName="HP405G8" duration="00:00:00.0047427" startTime="2026-01-13T09:24:19.1489744+09:00" endTime="2026-01-13T09:24:19.1539960+09:00" testType="13cdc9d9-ddb5-4fa4-a97d-d965ccfc6d4b" outcome="Passed" testListId="8c84fa94-04c1-424b-9868-57a2d4851a1d" relativeResultsDirectory="e8137da7-6e6b-479f-bafc-e4cd4369da55" />
    <UnitTestResult executionId="718f2516-7c45-4b3b-bb70-665dc3f07c48" testId="98695dc8-c18a-8725-d0be-07a5fb1f3ba2" testName="ShellOperatorsTests.Parser_ShouldRecognizeInputRedirect" computerName="HP405G8" duration="00:00:00.0009371" startTime="2026-01-13T09:24:19.1552983+09:00" endTime="2026-01-13T09:24:19.1553730+09:00" testType="13cdc9d9-ddb5-4fa4-a97d-d965ccfc6d4b" outcome="Passed" testListId="8c84fa94-04c1-424b-9868-57a2d4851a1d" relativeResultsDirectory="718f2516-7c45-4b3b-bb70-665dc3f07c48" />
    <UnitTestResult executionId="2c5ad1e3-9a0a-4595-985b-09b055b59f90" testId="eb1b1825-db05-6e01-01de-3984cddd022f" testName="PathAndQuotingTests.QuotedPath_PartialQuote_SpaceInMiddle" computerName="HP405G8" duration="00:00:00.0001541" startTime="2026-01-13T09:24:19.1359059+09:00" endTime="2026-01-13T09:24:19.1360801+09:00" testType="13cdc9d9-ddb5-4fa4-a97d-d965ccfc6d4b" outcome="Passed" testListId="8c84fa94-04c1-424b-9868-57a2d4851a1d" relativeResultsDirectory="2c5ad1e3-9a0a-4595-985b-09b055b59f90" />
    <UnitTestResult executionId="b15705db-e3a0-4a3a-86f5-f0ff75284405" testId="6a4a73b6-e8b9-fea2-63d9-47871d0cbc2b" testName="ShellOperatorsTests.Operator_InputRedirect_NonExistentFile_ShouldReturnError" computerName="HP405G8" duration="00:00:00.2450116" startTime="2026-01-13T09:24:19.1562806+09:00" endTime="2026-01-13T09:24:19.3487615+09:00" testType="13cdc9d9-ddb5-4fa4-a97d-d965ccfc6d4b" outcome="Passed" testListId="8c84fa94-04c1-424b-9868-57a2d4851a1d" relativeResultsDirectory="b15705db-e3a0-4a3a-86f5-f0ff75284405" />
    <UnitTestResult executionId="3f93404f-9d18-4cea-a167-b7a657927ed6" testId="15249b79-4925-0c55-da8b-f3ea19a5c816" testName="PathAndQuotingTests.QuotedPath_OutputRedirect_WithSpaces" computerName="HP405G8" duration="00:00:00.0001789" startTime="2026-01-13T09:24:19.1375065+09:00" endTime="2026-01-13T09:24:19.1377398+09:00" testType="13cdc9d9-ddb5-4fa4-a97d-d965ccfc6d4b" outcome="Passed" testListId="8c84fa94-04c1-424b-9868-57a2d4851a1d" relativeResultsDirectory="3f93404f-9d18-4cea-a167-b7a657927ed6" />
    <UnitTestResult executionId="4fd44f1a-ea49-41e9-97f2-0f16bbc425d3" testId="14d10dca-0e27-4108-3663-d0dc892074ea" testName="CommandParserTests.ParseSequence_ShouldHandleUnixStylePaths" computerName="HP405G8" duration="00:00:00.0002221" startTime="2026-01-13T09:24:19.1503327+09:00" endTime="2026-01-13T09:24:19.1503880+09:00" testType="13cdc9d9-ddb5-4fa4-a97d-d965ccfc6d4b" outcome="Passed" testListId="8c84fa94-04c1-424b-9868-57a2d4851a1d" relativeResultsDirectory="4fd44f1a-ea49-41e9-97f2-0f16bbc425d3" />
    <UnitTestResult executionId="0dfdd10a-27bd-4ab9-9f1f-d8d9b83cf732" testId="9a41acfd-9872-061f-c3fe-6d6cfcf427da" testName="PathAndQuotingTests.Path_MixedStyle_ShouldAcceptMixedSlashes" computerName="HP405G8" duration="00:00:00.0001334" startTime="2026-01-13T09:24:19.1372517+09:00" endTime="2026-01-13T09:24:19.1373685+09:00" testType="13cdc9d9-ddb5-4fa4-a97d-d965ccfc6d4b" outcome="Passed" testListId="8c84fa94-04c1-424b-9868-57a2d4851a1d" relativeResultsDirectory="0dfdd10a-27bd-4ab9-9f1f-d8d9b83cf732" />
    <UnitTestResult executionId="57003fb2-ac9e-4110-bde0-93b91dd3a817" testId="9860960c-5bcf-35c2-3148-c559fb781d57" testName="CommandRunnerTests.Run_Echo_WithMultipleRedirects_ShouldUseLastRedirect" computerName="HP405G8" duration="00:00:00.0042512" startTime="2026-01-13T09:24:19.1835034+09:00" endTime="2026-01-13T09:24:19.1876643+09:00" testType="13cdc9d9-ddb5-4fa4-a97d-d965ccfc6d4b" outcome="Passed" testListId="8c84fa94-04c1-424b-9868-57a2d4851a1d" relativeResultsDirectory="57003fb2-ac9e-4110-bde0-93b91dd3a817" />
    <UnitTestResult executionId="54bb9810-db59-46bb-a998-7606a0af182d" testId="a4b7e44b-facb-baf4-da65-d6f890f010b5" testName="PathAndQuotingTests.Quotes_NestedOppositeQuotes_ShouldWork" computerName="HP405G8" duration="00:00:00.0000911" startTime="2026-01-13T09:24:19.1394179+09:00" endTime="2026-01-13T09:24:19.1394567+09:00" testType="13cdc9d9-ddb5-4fa4-a97d-d965ccfc6d4b" outcome="Passed" testListId="8c84fa94-04c1-424b-9868-57a2d4851a1d" relativeResultsDirectory="54bb9810-db59-46bb-a998-7606a0af182d" />
    <UnitTestResult executionId="bfb1ab26-4012-474d-84fc-4f6c7b4d7c60" testId="cc1d1cad-e8f7-c759-13d5-311c0c76fbb9" testName="cssh.Tests.CsshConstantsTests.ModeEdit_ShouldBe_edit" computerName="HP405G8" duration="00:00:00.0000776" startTime="2026-01-13T09:24:19.1282091+09:00" endTime="2026-01-13T09:24:19.1285535+09:00" testType="13cdc9d9-ddb5-4fa4-a97d-d965ccfc6d4b" outcome="Passed" testListId="8c84fa94-04c1-424b-9868-57a2d4851a1d" relativeResultsDirectory="bfb1ab26-4012-474d-84fc-4f6c7b4d7c60" />
    <UnitTestResult executionId="d68faa45-b6f4-4142-aa53-8d7b31aaa4cf" testId="17ad0023-bc12-9f24-12e0-9a4dea5ff970" testName="EditModeTests.WriteCommand_UsesExistingFileName_WhenNoArgProvided" computerName="HP405G8" duration="00:00:00.0041076" startTime="2026-01-13T09:24:19.1443163+09:00" endTime="2026-01-13T09:24:19.1447446+09:00" testType="13cdc9d9-ddb5-4fa4-a97d-d965ccfc6d4b" outcome="Passed" testListId="8c84fa94-04c1-424b-9868-57a2d4851a1d" relativeResultsDirectory="d68faa45-b6f4-4142-aa53-8d7b31aaa4cf" />
    <UnitTestResult executionId="14d842a1-abe3-4806-bf72-b72b051a71f9" testId="4676d085-e5be-1f59-e738-584e17997c14" testName="ShellOperatorsTests.Operator_Pipe_MultipleStages_ShouldChainAll" computerName="HP405G8" duration="00:00:00.0013706" startTime="2026-01-13T09:24:19.1377050+09:00" endTime="2026-01-13T09:24:19.1401579+09:00" testType="13cdc9d9-ddb5-4fa4-a97d-d965ccfc6d4b" outcome="Passed" testListId="8c84fa94-04c1-424b-9868-57a2d4851a1d" relativeResultsDirectory="14d842a1-abe3-4806-bf72-b72b051a71f9" />
    <UnitTestResult executionId="5e259c4a-0fdd-43c6-96a8-62e621b60922" testId="f0450f10-a75c-a929-c921-2606830580d2" testName="CommandParserTests.ParseSequence_ShouldParseRedirectWithQuotedPath" computerName="HP405G8" duration="00:00:00.0001856" startTime="2026-01-13T09:24:19.1487419+09:00" endTime="2026-01-13T09:24:19.1487813+09:00" testType="13cdc9d9-ddb5-4fa4-a97d-d965ccfc6d4b" outcome="Passed" testListId="8c84fa94-04c1-424b-9868-57a2d4851a1d" relativeResultsDirectory="5e259c4a-0fdd-43c6-96a8-62e621b60922" />
    <UnitTestResult executionId="e9b950d1-739b-42dc-bc02-2e6955c37471" testId="4fa49db2-3b32-d4a4-7356-eed0606e851c" testName="CommandParserTests.ParseSequence_ShouldParseOutputRedirect_Append" computerName="HP405G8" duration="00:00:00.0001704" startTime="2026-01-13T09:24:19.1517216+09:00" endTime="2026-01-13T09:24:19.1517505+09:00" testType="13cdc9d9-ddb5-4fa4-a97d-d965ccfc6d4b" outcome="Passed" testListId="8c84fa94-04c1-424b-9868-57a2d4851a1d" relativeResultsDirectory="e9b950d1-739b-42dc-bc02-2e6955c37471" />
    <UnitTestResult executionId="6e9527ce-9950-4961-b517-39eeab7af568" testId="1232cd8f-6794-9630-6f74-efb5674ef505" testName="CommandRunnerTests.Run_Echo_ShouldNotExpandInSingleQuotes" computerName="HP405G8" duration="00:00:00.0006467" startTime="2026-01-13T09:24:19.1521259+09:00" endTime="2026-01-13T09:24:19.1534978+09:00" testType="13cdc9d9-ddb5-4fa4-a97d-d965ccfc6d4b" outcome="Passed" testListId="8c84fa94-04c1-424b-9868-57a2d4851a1d" relativeResultsDirectory="6e9527ce-9950-4961-b517-39eeab7af568" />
    <UnitTestResult executionId="5f28db26-12ef-4119-9c35-6186866d4e92" testId="b194bc36-f91a-a1f2-f907-7fffb62a71fd" testName="ShellOperatorsTests.Parser_ShouldRecognizeOutputRedirectAppend" computerName="HP405G8" duration="00:00:00.0013703" startTime="2026-01-13T09:24:19.3561911+09:00" endTime="2026-01-13T09:24:19.3565446+09:00" testType="13cdc9d9-ddb5-4fa4-a97d-d965ccfc6d4b" outcome="Passed" testListId="8c84fa94-04c1-424b-9868-57a2d4851a1d" relativeResultsDirectory="5f28db26-12ef-4119-9c35-6186866d4e92" />
    <UnitTestResult executionId="7463c677-0e7b-44cf-9b9e-c70684dbfe57" testId="e646dbad-4a8b-29db-fd84-ce3343493d68" testName="ShellOperatorsTests.Operators_Combined_InputAndPipe" computerName="HP405G8" duration="00:00:00.0061827" startTime="2026-01-13T09:24:19.3489256+09:00" endTime="2026-01-13T09:24:19.3551448+09:00" testType="13cdc9d9-ddb5-4fa4-a97d-d965ccfc6d4b" outcome="Passed" testListId="8c84fa94-04c1-424b-9868-57a2d4851a1d" relativeResultsDirectory="7463c677-0e7b-44cf-9b9e-c70684dbfe57" />
    <UnitTestResult executionId="3152d5ab-7240-4f37-b90c-406cc70f6f39" testId="04a3c010-d6d2-2e0e-d94b-1cd3e6c16411" testName="cssh.Tests.CsshConstantsTests.Version_ShouldBe_v021" computerName="HP405G8" duration="00:00:00.1967754" startTime="2026-01-13T09:24:18.8533866+09:00" endTime="2026-01-13T09:24:19.0638312+09:00" testType="13cdc9d9-ddb5-4fa4-a97d-d965ccfc6d4b" outcome="Passed" testListId="8c84fa94-04c1-424b-9868-57a2d4851a1d" relativeResultsDirectory="3152d5ab-7240-4f37-b90c-406cc70f6f39" />
    <UnitTestResult executionId="9367003b-7a06-4557-9855-f3a6e75fc4b7" testId="87038aa1-05d1-066f-1980-b29053acc77c" testName="LsCommandTests.Ls_ShouldListFilesAndDirectories_InCurrentDirectory" computerName="HP405G8" duration="00:00:00.2072983" startTime="2026-01-13T09:24:18.8511455+09:00" endTime="2026-01-13T09:24:19.1359616+09:00" testType="13cdc9d9-ddb5-4fa4-a97d-d965ccfc6d4b" outcome="Passed" testListId="8c84fa94-04c1-424b-9868-57a2d4851a1d" relativeResultsDirectory="9367003b-7a06-4557-9855-f3a6e75fc4b7" />
    <UnitTestResult executionId="f7c12a66-afb3-43f2-8ab6-43adea7ebaf0" testId="6e839e88-025a-019c-a501-0d9adbad498e" testName="PathAndQuotingTests.Path_UnixStyle_ShouldAcceptForwardSlash" computerName="HP405G8" duration="00:00:00.0007525" startTime="2026-01-13T09:24:19.1404478+09:00" endTime="2026-01-13T09:24:19.1405434+09:00" testType="13cdc9d9-ddb5-4fa4-a97d-d965ccfc6d4b" outcome="Passed" testListId="8c84fa94-04c1-424b-9868-57a2d4851a1d" relativeResultsDirectory="f7c12a66-afb3-43f2-8ab6-43adea7ebaf0" />
    <UnitTestResult executionId="93277465-6c0a-4fec-8a82-33cc5f6f8959" testId="d1489da4-0f22-91ff-c7ba-b785a828f92c" testName="PathAndQuotingTests.Path_DriveLetterUppercase_ShouldBePreserved" computerName="HP405G8" duration="00:00:00.0001395" startTime="2026-01-13T09:24:19.1320021+09:00" endTime="2026-01-13T09:24:19.1320512+09:00" testType="13cdc9d9-ddb5-4fa4-a97d-d965ccfc6d4b" outcome="Passed" testListId="8c84fa94-04c1-424b-9868-57a2d4851a1d" relativeResultsDirectory="93277465-6c0a-4fec-8a82-33cc5f6f8959" />
    <UnitTestResult executionId="9185ef75-aae0-42f4-a2c4-2d509901ed91" testId="6dcf314b-d958-71b5-100b-7d286b4a1ad9" testName="CommandParserTests.Parse_ShouldSplitCommandAndArguments" computerName="HP405G8" duration="00:00:00.0001591" startTime="2026-01-13T09:24:19.1500017+09:00" endTime="2026-01-13T09:24:19.1501149+09:00" testType="13cdc9d9-ddb5-4fa4-a97d-d965ccfc6d4b" outcome="Passed" testListId="8c84fa94-04c1-424b-9868-57a2d4851a1d" relativeResultsDirectory="9185ef75-aae0-42f4-a2c4-2d509901ed91" />
    <UnitTestResult executionId="b1970f1f-17a1-4f25-bb35-31f25c953df6" testId="9687b957-83cf-e373-9d64-9dc1064cc087" testName="AliasAndHistoryTests.Alias_CanCreateAndInvoke" computerName="HP405G8" duration="00:00:00.0013404" startTime="2026-01-13T09:24:19.1459604+09:00" endTime="2026-01-13T09:24:19.1460370+09:00" testType="13cdc9d9-ddb5-4fa4-a97d-d965ccfc6d4b" outcome="Passed" testListId="8c84fa94-04c1-424b-9868-57a2d4851a1d" relativeResultsDirectory="b1970f1f-17a1-4f25-bb35-31f25c953df6" />
    <UnitTestResult executionId="fdcc5276-ceec-4c43-927c-ad6ca835ae35" testId="a8d67a16-8795-8011-6c47-5b7fa2693d58" testName="PathAndQuotingTests.QuotedPath_SingleQuotes_ShouldPreserveSpaces" computerName="HP405G8" duration="00:00:00.0001197" startTime="2026-01-13T09:24:19.1363326+09:00" endTime="2026-01-13T09:24:19.1363686+09:00" testType="13cdc9d9-ddb5-4fa4-a97d-d965ccfc6d4b" outcome="Passed" testListId="8c84fa94-04c1-424b-9868-57a2d4851a1d" relativeResultsDirectory="fdcc5276-ceec-4c43-927c-ad6ca835ae35" />
    <UnitTestResult executionId="4e81900e-a5e6-4bd5-923b-b6bc1fc7e2bc" testId="6dfba341-0a79-0ad3-788c-1ad2d9dcfa5c" testName="PathAndQuotingTests.Path_WithHome_RelativeToHome" computerName="HP405G8" duration="00:00:00.0000956" startTime="2026-01-13T09:24:19.1380705+09:00" endTime="2026-01-13T09:24:19.1381097+09:00" testType="13cdc9d9-ddb5-4fa4-a97d-d965ccfc6d4b" outcome="Passed" testListId="8c84fa94-04c1-424b-9868-57a2d4851a1d" relativeResultsDirectory="4e81900e-a5e6-4bd5-923b-b6bc1fc7e2bc" />
    <UnitTestResult executionId="eb8e1d27-f07f-4d30-b362-8931c515bf07" testId="952f279b-e212-00c4-7377-5a70eef6cc1d" testName="CommandRunnerTests.Run_Echo_ShouldExpandInDoubleQuotes" computerName="HP405G8" duration="00:00:00.0016402" startTime="2026-01-13T09:24:19.1463818+09:00" endTime="2026-01-13T09:24:19.1465658+09:00" testType="13cdc9d9-ddb5-4fa4-a97d-d965ccfc6d4b" outcome="Passed" testListId="8c84fa94-04c1-424b-9868-57a2d4851a1d" relativeResultsDirectory="eb8e1d27-f07f-4d30-b362-8931c515bf07" />
    <UnitTestResult executionId="773fbe0a-4313-4ce4-ab57-82e381e8c014" testId="c2917bc2-a6bd-d130-8ae0-c55f1de3f700" testName="CommandParserTests.ParseSequence_ShouldHandleEmptyInput" computerName="HP405G8" duration="00:00:00.0003027" startTime="2026-01-13T09:24:19.1537781+09:00" endTime="2026-01-13T09:24:19.1538564+09:00" testType="13cdc9d9-ddb5-4fa4-a97d-d965ccfc6d4b" outcome="Passed" testListId="8c84fa94-04c1-424b-9868-57a2d4851a1d" relativeResultsDirectory="773fbe0a-4313-4ce4-ab57-82e381e8c014" />
    <UnitTestResult executionId="02dd8535-6fa9-4e01-9a81-0130415049fb" testId="5830c149-c488-708c-2698-dded6c4a8378" testName="CommandParserTests.Parse_ShouldHandleQuotedPathsWithForwardSlash" computerName="HP405G8" duration="00:00:00.0001539" startTime="2026-01-13T09:24:19.1530128+09:00" endTime="2026-01-13T09:24:19.1531028+09:00" testType="13cdc9d9-ddb5-4fa4-a97d-d965ccfc6d4b" outcome="Passed" testListId="8c84fa94-04c1-424b-9868-57a2d4851a1d" relativeResultsDirectory="02dd8535-6fa9-4e01-9a81-0130415049fb" />
    <UnitTestResult executionId="d841b143-bc1e-4790-be5e-9a1584fafaaf" testId="539c7dbc-a582-8219-7f63-f04dbff34e98" testName="CommandRunnerTests.Run_Pipeline_MultipleCommands_ShouldChain" computerName="HP405G8" duration="00:00:00.0022357" startTime="2026-01-13T09:24:19.1466432+09:00" endTime="2026-01-13T09:24:19.1476033+09:00" testType="13cdc9d9-ddb5-4fa4-a97d-d965ccfc6d4b" outcome="Passed" testListId="8c84fa94-04c1-424b-9868-57a2d4851a1d" relativeResultsDirectory="d841b143-bc1e-4790-be5e-9a1584fafaaf" />
    <UnitTestResult executionId="310c487a-375e-44be-a932-14e85e7d64da" testId="61b8495d-d629-6c50-9929-74ac3190ec5c" testName="CommandRunnerTests.Run_WithInputRedirect_NonExistentFile_ShouldReturnError" computerName="HP405G8" duration="00:00:00.0006766" startTime="2026-01-13T09:24:19.1516275+09:00" endTime="2026-01-13T09:24:19.1520409+09:00" testType="13cdc9d9-ddb5-4fa4-a97d-d965ccfc6d4b" outcome="Passed" testListId="8c84fa94-04c1-424b-9868-57a2d4851a1d" relativeResultsDirectory="310c487a-375e-44be-a932-14e85e7d64da" />
    <UnitTestResult executionId="faad66e7-d921-4744-9f6c-51852387e8c0" testId="87f48ceb-9c8a-da56-fcc8-5d147a19c702" testName="CommandRunnerTests.Run_UnknownCommand_ShouldReturnError" computerName="HP405G8" duration="00:00:00.2182327" startTime="2026-01-13T09:24:18.8530343+09:00" endTime="2026-01-13T09:24:19.1449028+09:00" testType="13cdc9d9-ddb5-4fa4-a97d-d965ccfc6d4b" outcome="Passed" testListId="8c84fa94-04c1-424b-9868-57a2d4851a1d" relativeResultsDirectory="faad66e7-d921-4744-9f6c-51852387e8c0" />
    <UnitTestResult executionId="e6306637-6c4b-4da8-ae1a-d46a3ed0f536" testId="a3317203-d04c-abb9-572b-64eebb572bc2" testName="CommandRunnerTests.Run_Echo_WithOutputRedirectTruncate_ShouldCreateFile" computerName="HP405G8" duration="00:00:00.0027913" startTime="2026-01-13T09:24:19.1804508+09:00" endTime="2026-01-13T09:24:19.1832469+09:00" testType="13cdc9d9-ddb5-4fa4-a97d-d965ccfc6d4b" outcome="Passed" testListId="8c84fa94-04c1-424b-9868-57a2d4851a1d" relativeResultsDirectory="e6306637-6c4b-4da8-ae1a-d46a3ed0f536" />
    <UnitTestResult executionId="6624f6bb-06c8-4e97-8f92-8fc8e1bb9436" testId="ce5c361a-c9fd-4ffe-e4e6-2d5a35b011bf" testName="EditModeTests.ReadCommand_LoadsFileIntoBuffer" computerName="HP405G8" duration="00:00:00.0055742" startTime="2026-01-13T09:24:19.1283213+09:00" endTime="2026-01-13T09:24:19.1373032+09:00" testType="13cdc9d9-ddb5-4fa4-a97d-d965ccfc6d4b" outcome="Passed" testListId="8c84fa94-04c1-424b-9868-57a2d4851a1d" relativeResultsDirectory="6624f6bb-06c8-4e97-8f92-8fc8e1bb9436" />
    <UnitTestResult executionId="7f74572c-5900-4a7e-b152-5dd77b0757f7" testId="94e5d112-3b62-4248-5e26-4358cc039d7d" testName="CommandRunnerTests.Run_Echo_ShouldHandleQuotedText" computerName="HP405G8" duration="00:00:00.0006937" startTime="2026-01-13T09:24:19.1536241+09:00" endTime="2026-01-13T09:24:19.1541639+09:00" testType="13cdc9d9-ddb5-4fa4-a97d-d965ccfc6d4b" outcome="Passed" testListId="8c84fa94-04c1-424b-9868-57a2d4851a1d" relativeResultsDirectory="7f74572c-5900-4a7e-b152-5dd77b0757f7" />
    <UnitTestResult executionId="4d47728e-767f-4170-af61-feb551ca7cf3" testId="15510086-d034-7f02-9b3c-70ca6a663bc8" testName="CommandParserTests.ParseSequence_ShouldNotSplitSemicolonInsideQuotes" computerName="HP405G8" duration="00:00:00.0001641" startTime="2026-01-13T09:24:19.1512756+09:00" endTime="2026-01-13T09:24:19.1513073+09:00" testType="13cdc9d9-ddb5-4fa4-a97d-d965ccfc6d4b" outcome="Passed" testListId="8c84fa94-04c1-424b-9868-57a2d4851a1d" relativeResultsDirectory="4d47728e-767f-4170-af61-feb551ca7cf3" />
    <UnitTestResult executionId="995e1a17-b013-4eb9-871e-8d7842307c07" testId="1f2d4986-7ff9-4c8e-a504-498f87785c45" testName="CommandParserTests.Parse_ShouldReturnCommandName_WhenOnlyCommandGiven" computerName="HP405G8" duration="00:00:00.0001252" startTime="2026-01-13T09:24:19.1532433+09:00" endTime="2026-01-13T09:24:19.1533144+09:00" testType="13cdc9d9-ddb5-4fa4-a97d-d965ccfc6d4b" outcome="Passed" testListId="8c84fa94-04c1-424b-9868-57a2d4851a1d" relativeResultsDirectory="995e1a17-b013-4eb9-871e-8d7842307c07" />
    <UnitTestResult executionId="d1f42b51-1b3c-4b86-999e-59c4a9a2ffa4" testId="adda8d73-15f5-09ef-628e-b72119783843" testName="PathAndQuotingTests.Spec_QuoteMismatch_DoubleInside" computerName="HP405G8" duration="00:00:00.0006115" startTime="2026-01-13T09:24:19.1272093+09:00" endTime="2026-01-13T09:24:19.1309736+09:00" testType="13cdc9d9-ddb5-4fa4-a97d-d965ccfc6d4b" outcome="Passed" testListId="8c84fa94-04c1-424b-9868-57a2d4851a1d" relativeResultsDirectory="d1f42b51-1b3c-4b86-999e-59c4a9a2ffa4" />
    <UnitTestResult executionId="64112f52-7898-4167-905d-031202cb6061" testId="119d9543-299d-50d0-995b-3d9faf8172c1" testName="CommandRunnerTests.Run_Mkdir_ShouldCreateDirectory" computerName="HP405G8" duration="00:00:00.0019981" startTime="2026-01-13T09:24:19.1757965+09:00" endTime="2026-01-13T09:24:19.1766904+09:00" testType="13cdc9d9-ddb5-4fa4-a97d-d965ccfc6d4b" outcome="Passed" testListId="8c84fa94-04c1-424b-9868-57a2d4851a1d" relativeResultsDirectory="64112f52-7898-4167-905d-031202cb6061" />
    <UnitTestResult executionId="6bfe4176-03e3-4a30-a087-eee733541de7" testId="7dfae08c-c0e5-8c48-0f22-a117b5ff80f9" testName="ShellOperatorsTests.Operator_OutputRedirect_ShouldTruncateExistingFile" computerName="HP405G8" duration="00:00:00.0025498" startTime="2026-01-13T09:24:19.1465175+09:00" endTime="2026-01-13T09:24:19.1473680+09:00" testType="13cdc9d9-ddb5-4fa4-a97d-d965ccfc6d4b" outcome="Passed" testListId="8c84fa94-04c1-424b-9868-57a2d4851a1d" relativeResultsDirectory="6bfe4176-03e3-4a30-a087-eee733541de7" />
    <UnitTestResult executionId="c0e3d56c-e1cb-42bd-bfd2-5ef221a26eee" testId="60a7026f-07f1-f639-e861-eed3367d03a8" testName="PathAndQuotingTests.Redirect_OutputPath_WithForwardSlash" computerName="HP405G8" duration="00:00:00.0001492" startTime="2026-01-13T09:24:19.1397331+09:00" endTime="2026-01-13T09:24:19.1397869+09:00" testType="13cdc9d9-ddb5-4fa4-a97d-d965ccfc6d4b" outcome="Passed" testListId="8c84fa94-04c1-424b-9868-57a2d4851a1d" relativeResultsDirectory="c0e3d56c-e1cb-42bd-bfd2-5ef221a26eee" />
    <UnitTestResult executionId="043c8500-dfef-4cdb-9aad-c9c82305e0bd" testId="19f5a540-1330-1b72-8924-34ce6599e694" testName="CommandRunnerTests.Run_CommandWithMultipleArgs_AndRedirect" computerName="HP405G8" duration="00:00:00.0015067" startTime="2026-01-13T09:24:19.1789511+09:00" endTime="2026-01-13T09:24:19.1803199+09:00" testType="13cdc9d9-ddb5-4fa4-a97d-d965ccfc6d4b" outcome="Passed" testListId="8c84fa94-04c1-424b-9868-57a2d4851a1d" relativeResultsDirectory="043c8500-dfef-4cdb-9aad-c9c82305e0bd" />
    <UnitTestResult executionId="3cb6637f-8ffc-4097-b394-b52705261bc6" testId="8437d8de-fe55-9fde-70eb-95cb12bfd927" testName="CommandRunnerTests.Run_Echo_ShouldExpandEnvironmentVariable" computerName="HP405G8" duration="00:00:00.0008597" startTime="2026-01-13T09:24:19.1782708+09:00" endTime="2026-01-13T09:24:19.1787470+09:00" testType="13cdc9d9-ddb5-4fa4-a97d-d965ccfc6d4b" outcome="Passed" testListId="8c84fa94-04c1-424b-9868-57a2d4851a1d" relativeResultsDirectory="3cb6637f-8ffc-4097-b394-b52705261bc6" />
    <UnitTestResult executionId="4b0c7677-177a-483c-8390-cbd66437a1da" testId="4ee8ff93-3867-f4e7-b2e8-3b166f897a1b" testName="CommandParserTests.ParseSequence_ShouldHandleOptionsWithDash" computerName="HP405G8" duration="00:00:00.0136477" startTime="2026-01-13T09:24:19.1357565+09:00" endTime="2026-01-13T09:24:19.1466655+09:00" testType="13cdc9d9-ddb5-4fa4-a97d-d965ccfc6d4b" outcome="Passed" testListId="8c84fa94-04c1-424b-9868-57a2d4851a1d" relativeResultsDirectory="4b0c7677-177a-483c-8390-cbd66437a1da" />
    <UnitTestResult executionId="1acbe741-605f-4c80-bdee-37e569a259f9" testId="f7a8c264-c987-867d-c998-1127056f0623" testName="ShellOperatorsTests.Operator_InvalidRedirectPath_ShouldHandleError" computerName="HP405G8" duration="00:00:00.0131173" startTime="2026-01-13T09:24:19.1541176+09:00" endTime="2026-01-13T09:24:19.1551663+09:00" testType="13cdc9d9-ddb5-4fa4-a97d-d965ccfc6d4b" outcome="Passed" testListId="8c84fa94-04c1-424b-9868-57a2d4851a1d" relativeResultsDirectory="1acbe741-605f-4c80-bdee-37e569a259f9" />
  </Results>
  <TestDefinitions>
    <UnitTest name="CommandParserTests.ParseSequence_ShouldNotSplitSemicolonInsideQuotes" storage="d:\workspace\cssh\cssh.tests\bin\debug\net10.0\cssh.tests.dll" id="15510086-d034-7f02-9b3c-70ca6a663bc8">
      <Execution id="4d47728e-767f-4170-af61-feb551ca7cf3" />
      <TestMethod codeBase="d:\workspace\Cssh\cssh.Tests\bin\Debug\net10.0\cssh.Tests.dll" adapterTypeName="executor://xunit/VsTestRunner3/netcore/" className="CommandParserTests" name="ParseSequence_ShouldNotSplitSemicolonInsideQuotes" />
    </UnitTest>
    <UnitTest name="PathAndQuotingTests.Quotes_SingleQuoted_StringWithSpaces" storage="d:\workspace\cssh\cssh.tests\bin\debug\net10.0\cssh.tests.dll" id="49a205ab-c847-2ec3-f235-3ddbc3de35ce">
      <Execution id="648805a5-cc93-4037-b728-d62280c6a27a" />
      <TestMethod codeBase="d:\workspace\Cssh\cssh.Tests\bin\Debug\net10.0\cssh.Tests.dll" adapterTypeName="executor://xunit/VsTestRunner3/netcore/" className="PathAndQuotingTests" name="Quotes_SingleQuoted_StringWithSpaces" />
    </UnitTest>
    <UnitTest name="EditModeTests.Quit_ExitsEditMode" storage="d:\workspace\cssh\cssh.tests\bin\debug\net10.0\cssh.tests.dll" id="b90ebf4b-363a-f307-8584-40e7bf475689">
      <Execution id="2a874500-eaa4-4598-acd4-afe717172100" />
      <TestMethod codeBase="d:\workspace\Cssh\cssh.Tests\bin\Debug\net10.0\cssh.Tests.dll" adapterTypeName="executor://xunit/VsTestRunner3/netcore/" className="EditModeTests" name="Quit_ExitsEditMode" />
    </UnitTest>
    <UnitTest name="ShellOperatorsTests.Parser_ShouldRecognizePipe" storage="d:\workspace\cssh\cssh.tests\bin\debug\net10.0\cssh.tests.dll" id="e8ba5ae8-5939-edda-501d-34bf35e3d15d">
      <Execution id="32f7cded-887f-441b-962c-8318447a99b6" />
      <TestMethod codeBase="d:\workspace\Cssh\cssh.Tests\bin\Debug\net10.0\cssh.Tests.dll" adapterTypeName="executor://xunit/VsTestRunner3/netcore/" className="ShellOperatorsTests" name="Parser_ShouldRecognizePipe" />
    </UnitTest>
    <UnitTest name="ShellOperatorsTests.Operator_Pipe_WithFinalRedirect_ShouldApplyRedirectToLastCommand" storage="d:\workspace\cssh\cssh.tests\bin\debug\net10.0\cssh.tests.dll" id="58306f8c-4c45-d110-bf72-7f746f4ef245">
      <Execution id="7d34aca6-4dad-403a-8d4f-dc8de00b09fa" />
      <TestMethod codeBase="d:\workspace\Cssh\cssh.Tests\bin\Debug\net10.0\cssh.Tests.dll" adapterTypeName="executor://xunit/VsTestRunner3/netcore/" className="ShellOperatorsTests" name="Operator_Pipe_WithFinalRedirect_ShouldApplyRedirectToLastCommand" />
    </UnitTest>
    <UnitTest name="PathAndQuotingTests.Path_MixedStyle_ShouldAcceptMixedSlashes" storage="d:\workspace\cssh\cssh.tests\bin\debug\net10.0\cssh.tests.dll" id="9a41acfd-9872-061f-c3fe-6d6cfcf427da">
      <Execution id="0dfdd10a-27bd-4ab9-9f1f-d8d9b83cf732" />
      <TestMethod codeBase="d:\workspace\Cssh\cssh.Tests\bin\Debug\net10.0\cssh.Tests.dll" adapterTypeName="executor://xunit/VsTestRunner3/netcore/" className="PathAndQuotingTests" name="Path_MixedStyle_ShouldAcceptMixedSlashes" />
    </UnitTest>
    <UnitTest name="CommandParserTests.Parse_ShouldHandleQuotedPathsWithBackslash" storage="d:\workspace\cssh\cssh.tests\bin\debug\net10.0\cssh.tests.dll" id="4a79a95e-e10e-7ae4-7077-3bf9d5ef4aa4">
      <Execution id="55e86be6-afe4-431c-9792-21f73644090e" />
      <TestMethod codeBase="d:\workspace\Cssh\cssh.Tests\bin\Debug\net10.0\cssh.Tests.dll" adapterTypeName="executor://xunit/VsTestRunner3/netcore/" className="CommandParserTests" name="Parse_ShouldHandleQuotedPathsWithBackslash" />
    </UnitTest>
    <UnitTest name="CommandParserTests.ParseSequence_ShouldHandleWindowsPaths" storage="d:\workspace\cssh\cssh.tests\bin\debug\net10.0\cssh.tests.dll" id="e1b1855c-a03d-4419-9f44-039a50fb0a60">
      <Execution id="e69a4468-1386-4e80-a128-f6ae4320b917" />
      <TestMethod codeBase="d:\workspace\Cssh\cssh.Tests\bin\Debug\net10.0\cssh.Tests.dll" adapterTypeName="executor://xunit/VsTestRunner3/netcore/" className="CommandParserTests" name="ParseSequence_ShouldHandleWindowsPaths" />
    </UnitTest>
    <UnitTest name="CommandRunnerTests.Run_CommandWithMultipleArgs_AndRedirect" storage="d:\workspace\cssh\cssh.tests\bin\debug\net10.0\cssh.tests.dll" id="19f5a540-1330-1b72-8924-34ce6599e694">
      <Execution id="043c8500-dfef-4cdb-9aad-c9c82305e0bd" />
      <TestMethod codeBase="d:\workspace\Cssh\cssh.Tests\bin\Debug\net10.0\cssh.Tests.dll" adapterTypeName="executor://xunit/VsTestRunner3/netcore/" className="CommandRunnerTests" name="Run_CommandWithMultipleArgs_AndRedirect" />
    </UnitTest>
    <UnitTest name="CommandParserTests.ParseSequence_ShouldHandleWhitespaceOnlyInput" storage="d:\workspace\cssh\cssh.tests\bin\debug\net10.0\cssh.tests.dll" id="c4293865-c6e8-8886-9f69-2d9922711ef3">
      <Execution id="220c5bd3-b770-4c6f-92aa-305dbca31cc9" />
      <TestMethod codeBase="d:\workspace\Cssh\cssh.Tests\bin\Debug\net10.0\cssh.Tests.dll" adapterTypeName="executor://xunit/VsTestRunner3/netcore/" className="CommandParserTests" name="ParseSequence_ShouldHandleWhitespaceOnlyInput" />
    </UnitTest>
    <UnitTest name="ShellOperatorsTests.Operator_AppendRedirect_ShouldCreateFileIfNotExists" storage="d:\workspace\cssh\cssh.tests\bin\debug\net10.0\cssh.tests.dll" id="87d50cba-2192-bdf3-0d46-1275198e8862">
      <Execution id="f0c65d08-78c5-4fb4-b394-42a7428c56f0" />
      <TestMethod codeBase="d:\workspace\Cssh\cssh.Tests\bin\Debug\net10.0\cssh.Tests.dll" adapterTypeName="executor://xunit/VsTestRunner3/netcore/" className="ShellOperatorsTests" name="Operator_AppendRedirect_ShouldCreateFileIfNotExists" />
    </UnitTest>
    <UnitTest name="AliasAndHistoryTests.Alias_CanCreateAndInvoke" storage="d:\workspace\cssh\cssh.tests\bin\debug\net10.0\cssh.tests.dll" id="9687b957-83cf-e373-9d64-9dc1064cc087">
      <Execution id="b1970f1f-17a1-4f25-bb35-31f25c953df6" />
      <TestMethod codeBase="d:\workspace\Cssh\cssh.Tests\bin\Debug\net10.0\cssh.Tests.dll" adapterTypeName="executor://xunit/VsTestRunner3/netcore/" className="AliasAndHistoryTests" name="Alias_CanCreateAndInvoke" />
    </UnitTest>
    <UnitTest name="CommandRunnerTests.Run_Mkdir_ShouldCreateDirectory" storage="d:\workspace\cssh\cssh.tests\bin\debug\net10.0\cssh.tests.dll" id="119d9543-299d-50d0-995b-3d9faf8172c1">
      <Execution id="64112f52-7898-4167-905d-031202cb6061" />
      <TestMethod codeBase="d:\workspace\Cssh\cssh.Tests\bin\Debug\net10.0\cssh.Tests.dll" adapterTypeName="executor://xunit/VsTestRunner3/netcore/" className="CommandRunnerTests" name="Run_Mkdir_ShouldCreateDirectory" />
    </UnitTest>
    <UnitTest name="CommandParserTests.ParseSequence_ShouldSplitBySemicolon" storage="d:\workspace\cssh\cssh.tests\bin\debug\net10.0\cssh.tests.dll" id="4dadcf0a-cd31-0f01-62f5-d1f8b9017db8">
      <Execution id="edfd3394-7a10-4f5d-84b2-0400683c988e" />
      <TestMethod codeBase="d:\workspace\Cssh\cssh.Tests\bin\Debug\net10.0\cssh.Tests.dll" adapterTypeName="executor://xunit/VsTestRunner3/netcore/" className="CommandParserTests" name="ParseSequence_ShouldSplitBySemicolon" />
    </UnitTest>
    <UnitTest name="cssh.Tests.CsshConstantsTests.ModeEdit_ShouldBe_edit" storage="d:\workspace\cssh\cssh.tests\bin\debug\net10.0\cssh.tests.dll" id="cc1d1cad-e8f7-c759-13d5-311c0c76fbb9">
      <Execution id="bfb1ab26-4012-474d-84fc-4f6c7b4d7c60" />
      <TestMethod codeBase="d:\workspace\Cssh\cssh.Tests\bin\Debug\net10.0\cssh.Tests.dll" adapterTypeName="executor://xunit/VsTestRunner3/netcore/" className="cssh.Tests.CsshConstantsTests" name="ModeEdit_ShouldBe_edit" />
    </UnitTest>
    <UnitTest name="LsCommandTests.Ls_ShouldListFilesAndDirectories_InCurrentDirectory" storage="d:\workspace\cssh\cssh.tests\bin\debug\net10.0\cssh.tests.dll" id="87038aa1-05d1-066f-1980-b29053acc77c">
      <Execution id="9367003b-7a06-4557-9855-f3a6e75fc4b7" />
      <TestMethod codeBase="d:\workspace\Cssh\cssh.Tests\bin\Debug\net10.0\cssh.Tests.dll" adapterTypeName="executor://xunit/VsTestRunner3/netcore/" className="LsCommandTests" name="Ls_ShouldListFilesAndDirectories_InCurrentDirectory" />
    </UnitTest>
    <UnitTest name="ShellStateTests.Initial_CurrentDirectory_ShouldBe_EnvironmentCurrentDirectory" storage="d:\workspace\cssh\cssh.tests\bin\debug\net10.0\cssh.tests.dll" id="ef609a78-d027-2551-9452-0f95f902dc9b">
      <Execution id="dcbbe087-95ca-4899-a9fb-423ce1b9f51e" />
      <TestMethod codeBase="d:\workspace\Cssh\cssh.Tests\bin\Debug\net10.0\cssh.Tests.dll" adapterTypeName="executor://xunit/VsTestRunner3/netcore/" className="ShellStateTests" name="Initial_CurrentDirectory_ShouldBe_EnvironmentCurrentDirectory" />
    </UnitTest>
    <UnitTest name="PathAndQuotingTests.QuotedPath_PartialQuote_SpaceInMiddle" storage="d:\workspace\cssh\cssh.tests\bin\debug\net10.0\cssh.tests.dll" id="eb1b1825-db05-6e01-01de-3984cddd022f">
      <Execution id="2c5ad1e3-9a0a-4595-985b-09b055b59f90" />
      <TestMethod codeBase="d:\workspace\Cssh\cssh.Tests\bin\Debug\net10.0\cssh.Tests.dll" adapterTypeName="executor://xunit/VsTestRunner3/netcore/" className="PathAndQuotingTests" name="QuotedPath_PartialQuote_SpaceInMiddle" />
    </UnitTest>
    <UnitTest name="CommandParserTests.ParseSequence_ShouldParseMultipleCommandPipeline" storage="d:\workspace\cssh\cssh.tests\bin\debug\net10.0\cssh.tests.dll" id="56a0364e-e50a-9457-d7cd-85a2d0a1c888">
      <Execution id="fb319f0a-1ca8-4cd4-be88-085b093fb85e" />
      <TestMethod codeBase="d:\workspace\Cssh\cssh.Tests\bin\Debug\net10.0\cssh.Tests.dll" adapterTypeName="executor://xunit/VsTestRunner3/netcore/" className="CommandParserTests" name="ParseSequence_ShouldParseMultipleCommandPipeline" />
    </UnitTest>
    <UnitTest name="CommandParserTests.ParseSequence_ShouldHandleCommandWithMultipleArguments_AndRedirect" storage="d:\workspace\cssh\cssh.tests\bin\debug\net10.0\cssh.tests.dll" id="dc26f637-bb05-399a-ccef-ba1595660cd7">
      <Execution id="89d3d1e0-9243-459e-845a-99533b82dc7d" />
      <TestMethod codeBase="d:\workspace\Cssh\cssh.Tests\bin\Debug\net10.0\cssh.Tests.dll" adapterTypeName="executor://xunit/VsTestRunner3/netcore/" className="CommandParserTests" name="ParseSequence_ShouldHandleCommandWithMultipleArguments_AndRedirect" />
    </UnitTest>
    <UnitTest name="CommandRunnerTests.Run_Echo_ShouldNotExpandInSingleQuotes" storage="d:\workspace\cssh\cssh.tests\bin\debug\net10.0\cssh.tests.dll" id="1232cd8f-6794-9630-6f74-efb5674ef505">
      <Execution id="6e9527ce-9950-4961-b517-39eeab7af568" />
      <TestMethod codeBase="d:\workspace\Cssh\cssh.Tests\bin\Debug\net10.0\cssh.Tests.dll" adapterTypeName="executor://xunit/VsTestRunner3/netcore/" className="CommandRunnerTests" name="Run_Echo_ShouldNotExpandInSingleQuotes" />
    </UnitTest>
    <UnitTest name="CommandParserTests.Parse_ShouldHandleMultipleArguments" storage="d:\workspace\cssh\cssh.tests\bin\debug\net10.0\cssh.tests.dll" id="6fdf84c8-3620-8cf0-d0a0-2e162979289a">
      <Execution id="ea0f23fa-e6f5-418f-a3f4-b9a31187167e" />
      <TestMethod codeBase="d:\workspace\Cssh\cssh.Tests\bin\Debug\net10.0\cssh.Tests.dll" adapterTypeName="executor://xunit/VsTestRunner3/netcore/" className="CommandParserTests" name="Parse_ShouldHandleMultipleArguments" />
    </UnitTest>
    <UnitTest name="CommandRunnerTests.Run_Pipeline_EchoToCat_ShouldTransmitData" storage="d:\workspace\cssh\cssh.tests\bin\debug\net10.0\cssh.tests.dll" id="5fa8e9c4-863d-7d78-70ee-11cb4ddeaf01">
      <Execution id="0816f1b8-79fb-484a-bd88-cae410d1a2f1" />
      <TestMethod codeBase="d:\workspace\Cssh\cssh.Tests\bin\Debug\net10.0\cssh.Tests.dll" adapterTypeName="executor://xunit/VsTestRunner3/netcore/" className="CommandRunnerTests" name="Run_Pipeline_EchoToCat_ShouldTransmitData" />
    </UnitTest>
    <UnitTest name="CommandParserTests.Parse_ShouldHandleSingleQuotedArguments_WithSpaces" storage="d:\workspace\cssh\cssh.tests\bin\debug\net10.0\cssh.tests.dll" id="c77203b6-68fc-fbfb-d2d4-cfe1afd94eb3">
      <Execution id="6736de8d-3aff-4305-ad2a-c65f5db86948" />
      <TestMethod codeBase="d:\workspace\Cssh\cssh.Tests\bin\Debug\net10.0\cssh.Tests.dll" adapterTypeName="executor://xunit/VsTestRunner3/netcore/" className="CommandParserTests" name="Parse_ShouldHandleSingleQuotedArguments_WithSpaces" />
    </UnitTest>
    <UnitTest name="ShellOperatorsTests.Operator_InputRedirect_ShouldReadFileContent" storage="d:\workspace\cssh\cssh.tests\bin\debug\net10.0\cssh.tests.dll" id="d5a93c5f-6da6-98d3-8edc-dececfe16d6a">
      <Execution id="2ac548b9-65a4-4d18-94d6-91ce266e3601" />
      <TestMethod codeBase="d:\workspace\Cssh\cssh.Tests\bin\Debug\net10.0\cssh.Tests.dll" adapterTypeName="executor://xunit/VsTestRunner3/netcore/" className="ShellOperatorsTests" name="Operator_InputRedirect_ShouldReadFileContent" />
    </UnitTest>
    <UnitTest name="PathAndQuotingTests.Quotes_DoubleQuoted_StringWithSpaces" storage="d:\workspace\cssh\cssh.tests\bin\debug\net10.0\cssh.tests.dll" id="23f20d56-9f0b-a334-584f-c5c81d7ab8eb">
      <Execution id="7d4906c2-c4ec-4451-a25f-b80140c569fd" />
      <TestMethod codeBase="d:\workspace\Cssh\cssh.Tests\bin\Debug\net10.0\cssh.Tests.dll" adapterTypeName="executor://xunit/VsTestRunner3/netcore/" className="PathAndQuotingTests" name="Quotes_DoubleQuoted_StringWithSpaces" />
    </UnitTest>
    <UnitTest name="AliasAndHistoryTests.Unalias_RemovesAlias" storage="d:\workspace\cssh\cssh.tests\bin\debug\net10.0\cssh.tests.dll" id="1ce8f6aa-36c4-4a54-0a83-7c79e05bcf38">
      <Execution id="b9b3822b-546c-4be8-9b30-4ff1adb53b7e" />
      <TestMethod codeBase="d:\workspace\Cssh\cssh.Tests\bin\Debug\net10.0\cssh.Tests.dll" adapterTypeName="executor://xunit/VsTestRunner3/netcore/" className="AliasAndHistoryTests" name="Unalias_RemovesAlias" />
    </UnitTest>
    <UnitTest name="PathAndQuotingTests.Redirect_RelativePath_DotSlash" storage="d:\workspace\cssh\cssh.tests\bin\debug\net10.0\cssh.tests.dll" id="aa30a654-5397-53c1-922b-f34f56014cee">
      <Execution id="434c3b1d-8db8-434a-9942-f3700aef3fc8" />
      <TestMethod codeBase="d:\workspace\Cssh\cssh.Tests\bin\Debug\net10.0\cssh.Tests.dll" adapterTypeName="executor://xunit/VsTestRunner3/netcore/" className="PathAndQuotingTests" name="Redirect_RelativePath_DotSlash" />
    </UnitTest>
    <UnitTest name="ShellOperatorsTests.Spec_ShouldNotSupportBackgroundExecution" storage="d:\workspace\cssh\cssh.tests\bin\debug\net10.0\cssh.tests.dll" id="a35a328d-ffb3-ee25-b761-daf47599440e">
      <Execution id="b0eb3cff-c072-4d3d-ae53-59b9c44e60f7" />
      <TestMethod codeBase="d:\workspace\Cssh\cssh.Tests\bin\Debug\net10.0\cssh.Tests.dll" adapterTypeName="executor://xunit/VsTestRunner3/netcore/" className="ShellOperatorsTests" name="Spec_ShouldNotSupportBackgroundExecution" />
    </UnitTest>
    <UnitTest name="PathAndQuotingTests.QuotedPath_SingleQuotes_ShouldPreserveSpaces" storage="d:\workspace\cssh\cssh.tests\bin\debug\net10.0\cssh.tests.dll" id="a8d67a16-8795-8011-6c47-5b7fa2693d58">
      <Execution id="fdcc5276-ceec-4c43-927c-ad6ca835ae35" />
      <TestMethod codeBase="d:\workspace\Cssh\cssh.Tests\bin\Debug\net10.0\cssh.Tests.dll" adapterTypeName="executor://xunit/VsTestRunner3/netcore/" className="PathAndQuotingTests" name="QuotedPath_SingleQuotes_ShouldPreserveSpaces" />
    </UnitTest>
    <UnitTest name="ShellOperatorsTests.Operator_OutputRedirect_ShouldCreateNewFile" storage="d:\workspace\cssh\cssh.tests\bin\debug\net10.0\cssh.tests.dll" id="fcc0ba15-0e1d-cf41-f4ec-eb16678087c0">
      <Execution id="49a0ce63-460d-463a-a50c-37a97bddd6a0" />
      <TestMethod codeBase="d:\workspace\Cssh\cssh.Tests\bin\Debug\net10.0\cssh.Tests.dll" adapterTypeName="executor://xunit/VsTestRunner3/netcore/" className="ShellOperatorsTests" name="Operator_OutputRedirect_ShouldCreateNewFile" />
    </UnitTest>
    <UnitTest name="PathAndQuotingTests.Path_UNCPath_Windows" storage="d:\workspace\cssh\cssh.tests\bin\debug\net10.0\cssh.tests.dll" id="9ba399b0-cce4-a11d-55e9-0634e6d797dc">
      <Execution id="52c7e7da-1dc7-4f41-a433-e51ed9e5b49a" />
      <TestMethod codeBase="d:\workspace\Cssh\cssh.Tests\bin\Debug\net10.0\cssh.Tests.dll" adapterTypeName="executor://xunit/VsTestRunner3/netcore/" className="PathAndQuotingTests" name="Path_UNCPath_Windows" />
    </UnitTest>
    <UnitTest name="cssh.Tests.CsshConstantsTests.Version_ShouldBe_v021" storage="d:\workspace\cssh\cssh.tests\bin\debug\net10.0\cssh.tests.dll" id="04a3c010-d6d2-2e0e-d94b-1cd3e6c16411">
      <Execution id="3152d5ab-7240-4f37-b90c-406cc70f6f39" />
      <TestMethod codeBase="d:\workspace\Cssh\cssh.Tests\bin\Debug\net10.0\cssh.Tests.dll" adapterTypeName="executor://xunit/VsTestRunner3/netcore/" className="cssh.Tests.CsshConstantsTests" name="Version_ShouldBe_v021" />
    </UnitTest>
    <UnitTest name="PathAndQuotingTests.Path_WindowsStyle_ShouldAcceptBackslash" storage="d:\workspace\cssh\cssh.tests\bin\debug\net10.0\cssh.tests.dll" id="c0af3f68-437b-f6f3-ab0e-4ff0f2e7daef">
      <Execution id="1fa3d4b6-2d67-4d7b-bf04-9e11979860df" />
      <TestMethod codeBase="d:\workspace\Cssh\cssh.Tests\bin\Debug\net10.0\cssh.Tests.dll" adapterTypeName="executor://xunit/VsTestRunner3/netcore/" className="PathAndQuotingTests" name="Path_WindowsStyle_ShouldAcceptBackslash" />
    </UnitTest>
    <UnitTest name="CommandParserTests.Parse_ShouldReturnEmptyCommand_WhenInputIsEmpty" storage="d:\workspace\cssh\cssh.tests\bin\debug\net10.0\cssh.tests.dll" id="02ebb9b1-60dd-2eba-f0a5-3425fce62c07">
      <Execution id="edd65e06-ef05-4dc7-bb84-ef87f750cf67" />
      <TestMethod codeBase="d:\workspace\Cssh\cssh.Tests\bin\Debug\net10.0\cssh.Tests.dll" adapterTypeName="executor://xunit/VsTestRunner3/netcore/" className="CommandParserTests" name="Parse_ShouldReturnEmptyCommand_WhenInputIsEmpty" />
    </UnitTest>
    <UnitTest name="CommandParserTests.ParseSequence_ShouldParseOutputRedirect_Append" storage="d:\workspace\cssh\cssh.tests\bin\debug\net10.0\cssh.tests.dll" id="4fa49db2-3b32-d4a4-7356-eed0606e851c">
      <Execution id="e9b950d1-739b-42dc-bc02-2e6955c37471" />
      <TestMethod codeBase="d:\workspace\Cssh\cssh.Tests\bin\Debug\net10.0\cssh.Tests.dll" adapterTypeName="executor://xunit/VsTestRunner3/netcore/" className="CommandParserTests" name="ParseSequence_ShouldParseOutputRedirect_Append" />
    </UnitTest>
    <UnitTest name="CommandParserTests.Parse_ShouldReturnCommandName_WhenOnlyCommandGiven" storage="d:\workspace\cssh\cssh.tests\bin\debug\net10.0\cssh.tests.dll" id="1f2d4986-7ff9-4c8e-a504-498f87785c45">
      <Execution id="995e1a17-b013-4eb9-871e-8d7842307c07" />
      <TestMethod codeBase="d:\workspace\Cssh\cssh.Tests\bin\Debug\net10.0\cssh.Tests.dll" adapterTypeName="executor://xunit/VsTestRunner3/netcore/" className="CommandParserTests" name="Parse_ShouldReturnCommandName_WhenOnlyCommandGiven" />
    </UnitTest>
    <UnitTest name="PathAndQuotingTests.Path_LongPath_WindowsStyle" storage="d:\workspace\cssh\cssh.tests\bin\debug\net10.0\cssh.tests.dll" id="a8d3eeaf-66ea-fd56-170a-1a5682d3aa9f">
      <Execution id="c45d9aef-5780-497f-a0ee-72e638d2deef" />
      <TestMethod codeBase="d:\workspace\Cssh\cssh.Tests\bin\Debug\net10.0\cssh.Tests.dll" adapterTypeName="executor://xunit/VsTestRunner3/netcore/" className="PathAndQuotingTests" name="Path_LongPath_WindowsStyle" />
    </UnitTest>
    <UnitTest name="CommandParserTests.Parse_ShouldHandleDoubleQuotedArguments_WithSpaces" storage="d:\workspace\cssh\cssh.tests\bin\debug\net10.0\cssh.tests.dll" id="22eebdb8-af43-1e96-e75e-dddb2af6bc41">
      <Execution id="ef9abab1-b7eb-4404-826a-f67fe2c4f998" />
      <TestMethod codeBase="d:\workspace\Cssh\cssh.Tests\bin\Debug\net10.0\cssh.Tests.dll" adapterTypeName="executor://xunit/VsTestRunner3/netcore/" className="CommandParserTests" name="Parse_ShouldHandleDoubleQuotedArguments_WithSpaces" />
    </UnitTest>
[...]
    <TestEntry testId="4d8c2b76-a547-3002-489e-a1b22eb1170b" executionId="e1218a8c-90eb-4575-9f2b-2e95c738fad0" testListId="8c84fa94-04c1-424b-9868-57a2d4851a1d" />
    <TestEntry testId="29889314-27ea-b8ca-fe81-1d4996b4d0f6" executionId="bee33163-90e2-41b3-b4ae-2fc26fdde487" testListId="8c84fa94-04c1-424b-9868-57a2d4851a1d" />
    <TestEntry testId="a66c246b-7072-834d-269c-b26522b46fe9" executionId="9f801c54-0792-430f-9a8d-4478e33b08fa" testListId="8c84fa94-04c1-424b-9868-57a2d4851a1d" />
    <TestEntry testId="d202c20e-9124-be4a-6a01-e37b7f4c8f39" executionId="de5a0608-fee6-4005-a07c-24d200669863" testListId="8c84fa94-04c1-424b-9868-57a2d4851a1d" />
    <TestEntry testId="abec36e0-4180-960b-e190-9deb9d120f2e" executionId="139f479b-6f02-4d63-99d5-44d97daf3b44" testListId="8c84fa94-04c1-424b-9868-57a2d4851a1d" />
    <TestEntry testId="1ce8f6aa-36c4-4a54-0a83-7c79e05bcf38" executionId="b9b3822b-546c-4be8-9b30-4ff1adb53b7e" testListId="8c84fa94-04c1-424b-9868-57a2d4851a1d" />
    <TestEntry testId="328c91f3-c127-5a57-f42b-8b6f64e45b3a" executionId="d18022fc-7f6c-49b0-93e6-be8d8e66dc94" testListId="8c84fa94-04c1-424b-9868-57a2d4851a1d" />
    <TestEntry testId="c77203b6-68fc-fbfb-d2d4-cfe1afd94eb3" executionId="6736de8d-3aff-4305-ad2a-c65f5db86948" testListId="8c84fa94-04c1-424b-9868-57a2d4851a1d" />
    <TestEntry testId="56a0364e-e50a-9457-d7cd-85a2d0a1c888" executionId="fb319f0a-1ca8-4cd4-be88-085b093fb85e" testListId="8c84fa94-04c1-424b-9868-57a2d4851a1d" />
    <TestEntry testId="49a205ab-c847-2ec3-f235-3ddbc3de35ce" executionId="648805a5-cc93-4037-b728-d62280c6a27a" testListId="8c84fa94-04c1-424b-9868-57a2d4851a1d" />
    <TestEntry testId="a35a328d-ffb3-ee25-b761-daf47599440e" executionId="b0eb3cff-c072-4d3d-ae53-59b9c44e60f7" testListId="8c84fa94-04c1-424b-9868-57a2d4851a1d" />
    <TestEntry testId="6a1621c9-98c6-7fd7-9d33-f2c187301183" executionId="991750fc-1246-4f7e-b106-39ddb507622b" testListId="8c84fa94-04c1-424b-9868-57a2d4851a1d" />
    <TestEntry testId="ab89fc9c-16dc-a03e-b796-13a3a2f5abc0" executionId="5e5e8418-0563-40fe-8ba2-45626c2cdd86" testListId="8c84fa94-04c1-424b-9868-57a2d4851a1d" />
    <TestEntry testId="4ebdb19a-301d-db00-97e5-268560832e2c" executionId="58865e96-eda7-4ef4-bb37-508f4519967c" testListId="8c84fa94-04c1-424b-9868-57a2d4851a1d" />
    <TestEntry testId="1d19f6c2-5b39-706e-569a-9f2781dfc870" executionId="374b2ba7-cf02-42ba-b342-4380d2219017" testListId="8c84fa94-04c1-424b-9868-57a2d4851a1d" />
    <TestEntry testId="bea24fe3-4e05-0a10-c87b-c4589e947e4b" executionId="b1bda2f1-5f7e-45b5-83ed-d56d19319adc" testListId="8c84fa94-04c1-424b-9868-57a2d4851a1d" />
    <TestEntry testId="23f20d56-9f0b-a334-584f-c5c81d7ab8eb" executionId="7d4906c2-c4ec-4451-a25f-b80140c569fd" testListId="8c84fa94-04c1-424b-9868-57a2d4851a1d" />
    <TestEntry testId="365b05db-75d9-48cb-5b9c-163277034535" executionId="9a63e0a6-6492-4d20-bc49-0736ce6a524a" testListId="8c84fa94-04c1-424b-9868-57a2d4851a1d" />
    <TestEntry testId="13859ce3-122f-353f-ed87-b91bf99e8ac0" executionId="85f31c32-47f0-4c58-9db6-790564835125" testListId="8c84fa94-04c1-424b-9868-57a2d4851a1d" />
    <TestEntry testId="02ebb9b1-60dd-2eba-f0a5-3425fce62c07" executionId="edd65e06-ef05-4dc7-bb84-ef87f750cf67" testListId="8c84fa94-04c1-424b-9868-57a2d4851a1d" />
    <TestEntry testId="6a7bac17-4410-0115-e6b2-52b66efc5eb6" executionId="efb39cc7-f8c5-4a9b-808f-993cec3b2b31" testListId="8c84fa94-04c1-424b-9868-57a2d4851a1d" />
    <TestEntry testId="dc26f637-bb05-399a-ccef-ba1595660cd7" executionId="89d3d1e0-9243-459e-845a-99533b82dc7d" testListId="8c84fa94-04c1-424b-9868-57a2d4851a1d" />
    <TestEntry testId="e87ec400-7208-0f66-508c-1822ce65bb78" executionId="a27bf6a1-41da-41d5-9219-9c9d829d1040" testListId="8c84fa94-04c1-424b-9868-57a2d4851a1d" />
    <TestEntry testId="e8ba5ae8-5939-edda-501d-34bf35e3d15d" executionId="32f7cded-887f-441b-962c-8318447a99b6" testListId="8c84fa94-04c1-424b-9868-57a2d4851a1d" />
    <TestEntry testId="87d50cba-2192-bdf3-0d46-1275198e8862" executionId="f0c65d08-78c5-4fb4-b394-42a7428c56f0" testListId="8c84fa94-04c1-424b-9868-57a2d4851a1d" />
    <TestEntry testId="5b80b727-a92f-b2e5-6a25-f4e9f7c56c7c" executionId="b913b829-88eb-48b0-94fa-65828b4e3790" testListId="8c84fa94-04c1-424b-9868-57a2d4851a1d" />
    <TestEntry testId="6fdf84c8-3620-8cf0-d0a0-2e162979289a" executionId="ea0f23fa-e6f5-418f-a3f4-b9a31187167e" testListId="8c84fa94-04c1-424b-9868-57a2d4851a1d" />
    <TestEntry testId="5fa8e9c4-863d-7d78-70ee-11cb4ddeaf01" executionId="0816f1b8-79fb-484a-bd88-cae410d1a2f1" testListId="8c84fa94-04c1-424b-9868-57a2d4851a1d" />
    <TestEntry testId="1a3a9935-32f6-6c14-e25f-e3336fcb7456" executionId="b3a95f6a-0909-4e20-8c14-e8a12c7f43d4" testListId="8c84fa94-04c1-424b-9868-57a2d4851a1d" />
    <TestEntry testId="671afb79-d760-7018-4729-75794d534c72" executionId="25e0d2bf-0143-4562-8197-e088701fcaff" testListId="8c84fa94-04c1-424b-9868-57a2d4851a1d" />
    <TestEntry testId="a8d3eeaf-66ea-fd56-170a-1a5682d3aa9f" executionId="c45d9aef-5780-497f-a0ee-72e638d2deef" testListId="8c84fa94-04c1-424b-9868-57a2d4851a1d" />
    <TestEntry testId="9041f042-888e-7a2c-d034-81262802f635" executionId="d0b195c9-e80c-4af5-b662-66c47745f11d" testListId="8c84fa94-04c1-424b-9868-57a2d4851a1d" />
    <TestEntry testId="1acdc59e-167c-e1fc-3f67-27a5ba2c8570" executionId="74f514ac-44cb-4457-959c-4636d241e9c5" testListId="8c84fa94-04c1-424b-9868-57a2d4851a1d" />
    <TestEntry testId="4a79a95e-e10e-7ae4-7077-3bf9d5ef4aa4" executionId="55e86be6-afe4-431c-9792-21f73644090e" testListId="8c84fa94-04c1-424b-9868-57a2d4851a1d" />
    <TestEntry testId="58306f8c-4c45-d110-bf72-7f746f4ef245" executionId="7d34aca6-4dad-403a-8d4f-dc8de00b09fa" testListId="8c84fa94-04c1-424b-9868-57a2d4851a1d" />
    <TestEntry testId="4595eea4-0400-f349-4407-ea9819b8b8ed" executionId="d1af99bf-7870-4d92-ac81-d62f090fd0ca" testListId="8c84fa94-04c1-424b-9868-57a2d4851a1d" />
    <TestEntry testId="bb33f3be-2bcd-516b-8be9-0d2765c6d361" executionId="cddeeb8e-97f6-416e-b9c8-9cd4e2b0c1dc" testListId="8c84fa94-04c1-424b-9868-57a2d4851a1d" />
    <TestEntry testId="05676e50-17a0-564f-ce31-e0adff23a62b" executionId="c14465c1-a91f-4eab-be2c-d04f49912090" testListId="8c84fa94-04c1-424b-9868-57a2d4851a1d" />
    <TestEntry testId="2b0b64b7-436e-71f2-9376-54350e403eb7" executionId="426e8ffe-5de2-4c71-ae2d-b91be044cc93" testListId="8c84fa94-04c1-424b-9868-57a2d4851a1d" />
    <TestEntry testId="aa30a654-5397-53c1-922b-f34f56014cee" executionId="434c3b1d-8db8-434a-9942-f3700aef3fc8" testListId="8c84fa94-04c1-424b-9868-57a2d4851a1d" />
    <TestEntry testId="9ba399b0-cce4-a11d-55e9-0634e6d797dc" executionId="52c7e7da-1dc7-4f41-a433-e51ed9e5b49a" testListId="8c84fa94-04c1-424b-9868-57a2d4851a1d" />
    <TestEntry testId="25477407-db94-e9f4-28ce-692b229693be" executionId="eca5db09-fe99-4384-bdcf-b2b3896079dc" testListId="8c84fa94-04c1-424b-9868-57a2d4851a1d" />
    <TestEntry testId="248bee9d-152f-8a31-d391-c5bf2855c0cd" executionId="7a2b6624-14a8-4887-a992-5cd06aeccfec" testListId="8c84fa94-04c1-424b-9868-57a2d4851a1d" />
    <TestEntry testId="00dd2fa6-720c-060f-05a8-116ced63f5cf" executionId="33331423-e513-4528-b0d2-e912c00c89eb" testListId="8c84fa94-04c1-424b-9868-57a2d4851a1d" />
    <TestEntry testId="1ff05742-c374-4341-9f2b-39035b70dba9" executionId="195b5c80-6043-4bb7-9f41-c3e12c353867" testListId="8c84fa94-04c1-424b-9868-57a2d4851a1d" />
    <TestEntry testId="22eebdb8-af43-1e96-e75e-dddb2af6bc41" executionId="ef9abab1-b7eb-4404-826a-f67fe2c4f998" testListId="8c84fa94-04c1-424b-9868-57a2d4851a1d" />
    <TestEntry testId="ef609a78-d027-2551-9452-0f95f902dc9b" executionId="dcbbe087-95ca-4899-a9fb-423ce1b9f51e" testListId="8c84fa94-04c1-424b-9868-57a2d4851a1d" />
    <TestEntry testId="4ecb264c-91ca-c30a-08b2-9153e31285fc" executionId="4aa9948c-3ca1-40be-bcdd-7842fead1a51" testListId="8c84fa94-04c1-424b-9868-57a2d4851a1d" />
    <TestEntry testId="c0af3f68-437b-f6f3-ab0e-4ff0f2e7daef" executionId="1fa3d4b6-2d67-4d7b-bf04-9e11979860df" testListId="8c84fa94-04c1-424b-9868-57a2d4851a1d" />
    <TestEntry testId="e1b1855c-a03d-4419-9f44-039a50fb0a60" executionId="e69a4468-1386-4e80-a128-f6ae4320b917" testListId="8c84fa94-04c1-424b-9868-57a2d4851a1d" />
    <TestEntry testId="f923e228-eff5-042a-b194-349970971a81" executionId="1b6f8092-0e2c-4cf1-89e8-9889b9f94a2b" testListId="8c84fa94-04c1-424b-9868-57a2d4851a1d" />
    <TestEntry testId="74c9a553-b169-a189-b3d3-76ad3610165a" executionId="64a62873-4cbe-42c4-aaf0-5aff63895c55" testListId="8c84fa94-04c1-424b-9868-57a2d4851a1d" />
    <TestEntry testId="c4293865-c6e8-8886-9f69-2d9922711ef3" executionId="220c5bd3-b770-4c6f-92aa-305dbca31cc9" testListId="8c84fa94-04c1-424b-9868-57a2d4851a1d" />
    <TestEntry testId="1d8bddc6-85ef-95f5-ed6b-5aaa44dcf95f" executionId="c2afcdfa-83c2-47e4-9668-0fe6168dd714" testListId="8c84fa94-04c1-424b-9868-57a2d4851a1d" />
    <TestEntry testId="d5a93c5f-6da6-98d3-8edc-dececfe16d6a" executionId="2ac548b9-65a4-4d18-94d6-91ce266e3601" testListId="8c84fa94-04c1-424b-9868-57a2d4851a1d" />
    <TestEntry testId="f6ddda31-6e22-774f-c974-70ae493e6667" executionId="3dc6907f-e86b-4bec-91f0-356b63ea9dbe" testListId="8c84fa94-04c1-424b-9868-57a2d4851a1d" />
    <TestEntry testId="933b69b5-17dc-c98f-40a6-ec9ee384b597" executionId="71217100-46d4-40d1-a2c0-e1da3a6ec1bd" testListId="8c84fa94-04c1-424b-9868-57a2d4851a1d" />
    <TestEntry testId="9d1f24d6-c1f1-f9ea-3765-4a97405f22ac" executionId="04891ecc-fdd6-427a-8958-2386f050ef56" testListId="8c84fa94-04c1-424b-9868-57a2d4851a1d" />
    <TestEntry testId="1de90115-ad66-2f5d-b07c-b924a10c4bde" executionId="d3037dff-ad96-4557-99df-0aa1a6b9e528" testListId="8c84fa94-04c1-424b-9868-57a2d4851a1d" />
    <TestEntry testId="aa4db230-bc70-d65b-b6d2-b5e30b2078b3" executionId="d2a249da-7b17-47c2-9edd-0656c4176508" testListId="8c84fa94-04c1-424b-9868-57a2d4851a1d" />
    <TestEntry testId="87bd0493-1d24-7846-81ad-d8388e1855e9" executionId="b80e3dea-0fac-4968-bca3-2e4bf9a0dac1" testListId="8c84fa94-04c1-424b-9868-57a2d4851a1d" />
    <TestEntry testId="7c126647-72d5-0d36-f774-8fecf1412d84" executionId="98f55d4b-779b-48b2-9774-57e40fc67e0f" testListId="8c84fa94-04c1-424b-9868-57a2d4851a1d" />
    <TestEntry testId="47f8273b-b525-d224-19cd-c2ae7facab0b" executionId="6e9ba89c-2b85-4b59-b32e-147366ab0eab" testListId="8c84fa94-04c1-424b-9868-57a2d4851a1d" />
    <TestEntry testId="043eeb3b-583d-2ec4-7ff7-952a06281d66" executionId="96a6f926-0e4d-4721-8a9e-7537863d8098" testListId="8c84fa94-04c1-424b-9868-57a2d4851a1d" />
    <TestEntry testId="0a3fcee8-f12e-1aeb-92c8-82a19704f8ac" executionId="1dee4872-3b47-49ff-bbd1-71c96a7bd428" testListId="8c84fa94-04c1-424b-9868-57a2d4851a1d" />
    <TestEntry testId="03b35353-c0d5-3a49-9b57-a78b115261f6" executionId="85449707-3ebe-4b9a-b365-37b6f829d5c3" testListId="8c84fa94-04c1-424b-9868-57a2d4851a1d" />
    <TestEntry testId="cce05e8a-bbe4-92bd-4ee3-7a65f933c6cb" executionId="b23227f1-c0ab-4fc7-8212-d0d117ffdbfc" testListId="8c84fa94-04c1-424b-9868-57a2d4851a1d" />
    <TestEntry testId="fcc0ba15-0e1d-cf41-f4ec-eb16678087c0" executionId="49a0ce63-460d-463a-a50c-37a97bddd6a0" testListId="8c84fa94-04c1-424b-9868-57a2d4851a1d" />
    <TestEntry testId="26c9fd67-c060-cff9-315b-fec4f546fa15" executionId="7a972d55-d38d-4594-9dd5-b8ae6675a1a9" testListId="8c84fa94-04c1-424b-9868-57a2d4851a1d" />
    <TestEntry testId="b4732b29-1f73-2fd5-3968-071712656f59" executionId="a3e2c569-ebef-4658-94fe-68de3ca94c71" testListId="8c84fa94-04c1-424b-9868-57a2d4851a1d" />
    <TestEntry testId="fbcfd3ca-221d-1ff3-0e74-18b60dfc6a05" executionId="e8137da7-6e6b-479f-bafc-e4cd4369da55" testListId="8c84fa94-04c1-424b-9868-57a2d4851a1d" />
    <TestEntry testId="98695dc8-c18a-8725-d0be-07a5fb1f3ba2" executionId="718f2516-7c45-4b3b-bb70-665dc3f07c48" testListId="8c84fa94-04c1-424b-9868-57a2d4851a1d" />
    <TestEntry testId="eb1b1825-db05-6e01-01de-3984cddd022f" executionId="2c5ad1e3-9a0a-4595-985b-09b055b59f90" testListId="8c84fa94-04c1-424b-9868-57a2d4851a1d" />
    <TestEntry testId="6a4a73b6-e8b9-fea2-63d9-47871d0cbc2b" executionId="b15705db-e3a0-4a3a-86f5-f0ff75284405" testListId="8c84fa94-04c1-424b-9868-57a2d4851a1d" />
    <TestEntry testId="15249b79-4925-0c55-da8b-f3ea19a5c816" executionId="3f93404f-9d18-4cea-a167-b7a657927ed6" testListId="8c84fa94-04c1-424b-9868-57a2d4851a1d" />
    <TestEntry testId="14d10dca-0e27-4108-3663-d0dc892074ea" executionId="4fd44f1a-ea49-41e9-97f2-0f16bbc425d3" testListId="8c84fa94-04c1-424b-9868-57a2d4851a1d" />
    <TestEntry testId="9a41acfd-9872-061f-c3fe-6d6cfcf427da" executionId="0dfdd10a-27bd-4ab9-9f1f-d8d9b83cf732" testListId="8c84fa94-04c1-424b-9868-57a2d4851a1d" />
    <TestEntry testId="9860960c-5bcf-35c2-3148-c559fb781d57" executionId="57003fb2-ac9e-4110-bde0-93b91dd3a817" testListId="8c84fa94-04c1-424b-9868-57a2d4851a1d" />
    <TestEntry testId="a4b7e44b-facb-baf4-da65-d6f890f010b5" executionId="54bb9810-db59-46bb-a998-7606a0af182d" testListId="8c84fa94-04c1-424b-9868-57a2d4851a1d" />
    <TestEntry testId="cc1d1cad-e8f7-c759-13d5-311c0c76fbb9" executionId="bfb1ab26-4012-474d-84fc-4f6c7b4d7c60" testListId="8c84fa94-04c1-424b-9868-57a2d4851a1d" />
    <TestEntry testId="17ad0023-bc12-9f24-12e0-9a4dea5ff970" executionId="d68faa45-b6f4-4142-aa53-8d7b31aaa4cf" testListId="8c84fa94-04c1-424b-9868-57a2d4851a1d" />
    <TestEntry testId="4676d085-e5be-1f59-e738-584e17997c14" executionId="14d842a1-abe3-4806-bf72-b72b051a71f9" testListId="8c84fa94-04c1-424b-9868-57a2d4851a1d" />
    <TestEntry testId="f0450f10-a75c-a929-c921-2606830580d2" executionId="5e259c4a-0fdd-43c6-96a8-62e621b60922" testListId="8c84fa94-04c1-424b-9868-57a2d4851a1d" />
    <TestEntry testId="4fa49db2-3b32-d4a4-7356-eed0606e851c" executionId="e9b950d1-739b-42dc-bc02-2e6955c37471" testListId="8c84fa94-04c1-424b-9868-57a2d4851a1d" />
    <TestEntry testId="1232cd8f-6794-9630-6f74-efb5674ef505" executionId="6e9527ce-9950-4961-b517-39eeab7af568" testListId="8c84fa94-04c1-424b-9868-57a2d4851a1d" />
    <TestEntry testId="b194bc36-f91a-a1f2-f907-7fffb62a71fd" executionId="5f28db26-12ef-4119-9c35-6186866d4e92" testListId="8c84fa94-04c1-424b-9868-57a2d4851a1d" />
    <TestEntry testId="e646dbad-4a8b-29db-fd84-ce3343493d68" executionId="7463c677-0e7b-44cf-9b9e-c70684dbfe57" testListId="8c84fa94-04c1-424b-9868-57a2d4851a1d" />
    <TestEntry testId="04a3c010-d6d2-2e0e-d94b-1cd3e6c16411" executionId="3152d5ab-7240-4f37-b90c-406cc70f6f39" testListId="8c84fa94-04c1-424b-9868-57a2d4851a1d" />
    <TestEntry testId="87038aa1-05d1-066f-1980-b29053acc77c" executionId="9367003b-7a06-4557-9855-f3a6e75fc4b7" testListId="8c84fa94-04c1-424b-9868-57a2d4851a1d" />
    <TestEntry testId="6e839e88-025a-019c-a501-0d9adbad498e" executionId="f7c12a66-afb3-43f2-8ab6-43adea7ebaf0" testListId="8c84fa94-04c1-424b-9868-57a2d4851a1d" />
    <TestEntry testId="d1489da4-0f22-91ff-c7ba-b785a828f92c" executionId="93277465-6c0a-4fec-8a82-33cc5f6f8959" testListId="8c84fa94-04c1-424b-9868-57a2d4851a1d" />
    <TestEntry testId="6dcf314b-d958-71b5-100b-7d286b4a1ad9" executionId="9185ef75-aae0-42f4-a2c4-2d509901ed91" testListId="8c84fa94-04c1-424b-9868-57a2d4851a1d" />
    <TestEntry testId="9687b957-83cf-e373-9d64-9dc1064cc087" executionId="b1970f1f-17a1-4f25-bb35-31f25c953df6" testListId="8c84fa94-04c1-424b-9868-57a2d4851a1d" />
    <TestEntry testId="a8d67a16-8795-8011-6c47-5b7fa2693d58" executionId="fdcc5276-ceec-4c43-927c-ad6ca835ae35" testListId="8c84fa94-04c1-424b-9868-57a2d4851a1d" />
    <TestEntry testId="6dfba341-0a79-0ad3-788c-1ad2d9dcfa5c" executionId="4e81900e-a5e6-4bd5-923b-b6bc1fc7e2bc" testListId="8c84fa94-04c1-424b-9868-57a2d4851a1d" />
    <TestEntry testId="952f279b-e212-00c4-7377-5a70eef6cc1d" executionId="eb8e1d27-f07f-4d30-b362-8931c515bf07" testListId="8c84fa94-04c1-424b-9868-57a2d4851a1d" />
    <TestEntry testId="c2917bc2-a6bd-d130-8ae0-c55f1de3f700" executionId="773fbe0a-4313-4ce4-ab57-82e381e8c014" testListId="8c84fa94-04c1-424b-9868-57a2d4851a1d" />
    <TestEntry testId="5830c149-c488-708c-2698-dded6c4a8378" executionId="02dd8535-6fa9-4e01-9a81-0130415049fb" testListId="8c84fa94-04c1-424b-9868-57a2d4851a1d" />
    <TestEntry testId="539c7dbc-a582-8219-7f63-f04dbff34e98" executionId="d841b143-bc1e-4790-be5e-9a1584fafaaf" testListId="8c84fa94-04c1-424b-9868-57a2d4851a1d" />
    <TestEntry testId="61b8495d-d629-6c50-9929-74ac3190ec5c" executionId="310c487a-375e-44be-a932-14e85e7d64da" testListId="8c84fa94-04c1-424b-9868-57a2d4851a1d" />
    <TestEntry testId="87f48ceb-9c8a-da56-fcc8-5d147a19c702" executionId="faad66e7-d921-4744-9f6c-51852387e8c0" testListId="8c84fa94-04c1-424b-9868-57a2d4851a1d" />
    <TestEntry testId="a3317203-d04c-abb9-572b-64eebb572bc2" executionId="e6306637-6c4b-4da8-ae1a-d46a3ed0f536" testListId="8c84fa94-04c1-424b-9868-57a2d4851a1d" />
    <TestEntry testId="ce5c361a-c9fd-4ffe-e4e6-2d5a35b011bf" executionId="6624f6bb-06c8-4e97-8f92-8fc8e1bb9436" testListId="8c84fa94-04c1-424b-9868-57a2d4851a1d" />
    <TestEntry testId="94e5d112-3b62-4248-5e26-4358cc039d7d" executionId="7f74572c-5900-4a7e-b152-5dd77b0757f7" testListId="8c84fa94-04c1-424b-9868-57a2d4851a1d" />
    <TestEntry testId="15510086-d034-7f02-9b3c-70ca6a663bc8" executionId="4d47728e-767f-4170-af61-feb551ca7cf3" testListId="8c84fa94-04c1-424b-9868-57a2d4851a1d" />
    <TestEntry testId="1f2d4986-7ff9-4c8e-a504-498f87785c45" executionId="995e1a17-b013-4eb9-871e-8d7842307c07" testListId="8c84fa94-04c1-424b-9868-57a2d4851a1d" />
    <TestEntry testId="adda8d73-15f5-09ef-628e-b72119783843" executionId="d1f42b51-1b3c-4b86-999e-59c4a9a2ffa4" testListId="8c84fa94-04c1-424b-9868-57a2d4851a1d" />
    <TestEntry testId="119d9543-299d-50d0-995b-3d9faf8172c1" executionId="64112f52-7898-4167-905d-031202cb6061" testListId="8c84fa94-04c1-424b-9868-57a2d4851a1d" />
    <TestEntry testId="7dfae08c-c0e5-8c48-0f22-a117b5ff80f9" executionId="6bfe4176-03e3-4a30-a087-eee733541de7" testListId="8c84fa94-04c1-424b-9868-57a2d4851a1d" />
    <TestEntry testId="60a7026f-07f1-f639-e861-eed3367d03a8" executionId="c0e3d56c-e1cb-42bd-bfd2-5ef221a26eee" testListId="8c84fa94-04c1-424b-9868-57a2d4851a1d" />
    <TestEntry testId="19f5a540-1330-1b72-8924-34ce6599e694" executionId="043c8500-dfef-4cdb-9aad-c9c82305e0bd" testListId="8c84fa94-04c1-424b-9868-57a2d4851a1d" />
    <TestEntry testId="8437d8de-fe55-9fde-70eb-95cb12bfd927" executionId="3cb6637f-8ffc-4097-b394-b52705261bc6" testListId="8c84fa94-04c1-424b-9868-57a2d4851a1d" />
    <TestEntry testId="4ee8ff93-3867-f4e7-b2e8-3b166f897a1b" executionId="4b0c7677-177a-483c-8390-cbd66437a1da" testListId="8c84fa94-04c1-424b-9868-57a2d4851a1d" />
    <TestEntry testId="f7a8c264-c987-867d-c998-1127056f0623" executionId="1acbe741-605f-4c80-bdee-37e569a259f9" testListId="8c84fa94-04c1-424b-9868-57a2d4851a1d" />
  </TestEntries>
  <TestLists>
    <TestList name="一覧に存在しない結果" id="8c84fa94-04c1-424b-9868-57a2d4851a1d" />
    <TestList name="読み込まれたすべての結果" id="19431567-8539-422a-85d7-44ee4e166bda" />
  </TestLists>
  <ResultSummary outcome="Completed">
    <Counters total="116" executed="116" passed="116" failed="0" error="0" timeout="0" aborted="0" inconclusive="0" passedButRunAborted="0" notRunnable="0" notExecuted="0" disconnected="0" warning="0" completed="0" inProgress="0" pending="0" />
    <Output>
      <StdOut>[xUnit.net 00:00:00.00] xUnit.net VSTest Adapter v3.1.4+50e68bbb8b (64-bit .NET 10.0.1)&#xD;
[xUnit.net 00:00:00.10]   Discovering: cssh.Tests&#xD;
[xUnit.net 00:00:00.15]   Discovered:  cssh.Tests&#xD;
[xUnit.net 00:00:00.19]   Starting:    cssh.Tests&#xD;
Redirect error: Could not find a part of the path 'd:\invalid\path\file.txt'.&#xD;
[xUnit.net 00:00:00.74]   Finished:    cssh.Tests&#xD;
</StdOut>
    </Output>
  </ResultSummary>
</TestRun>